<?xml version="1.0" encoding="utf-8"?><testsuites><testsuite errors="0" failures="0" hostname="lumipyry" name="pytest" skipped="66" tests="1098" time="2.987" timestamp="2020-06-30T01:30:32.589433"><testcase classname="test_bulb" file="test_bulb.py" line="22" name="test_bulb_sysinfo[KL120(US)_1.0_real.json]" time="0.002"></testcase><testcase classname="test_bulb" file="test_bulb.py" line="22" name="test_bulb_sysinfo[LB120(US)_1.0.json]" time="0.002"></testcase><testcase classname="test_bulb" file="test_bulb.py" line="22" name="test_bulb_sysinfo[LB130(US)_1.0.json]" time="0.001"></testcase><testcase classname="test_bulb" file="test_bulb.py" line="22" name="test_bulb_sysinfo[LB100(US)_1.0.json]" time="0.001"></testcase><testcase classname="test_bulb" file="test_bulb.py" line="22" name="test_bulb_sysinfo[KL130(US)_1.0.json]" time="0.001"></testcase><testcase classname="test_bulb" file="test_bulb.py" line="22" name="test_bulb_sysinfo[KL60(UN)_1.0.json]" time="0.001"></testcase><testcase classname="test_bulb" file="test_bulb.py" line="33" name="test_state_attributes[KL120(US)_1.0_real.json]" time="0.001"></testcase><testcase classname="test_bulb" file="test_bulb.py" line="33" name="test_state_attributes[LB120(US)_1.0.json]" time="0.001"></testcase><testcase classname="test_bulb" file="test_bulb.py" line="33" name="test_state_attributes[LB130(US)_1.0.json]" time="0.001"></testcase><testcase classname="test_bulb" file="test_bulb.py" line="33" name="test_state_attributes[LB100(US)_1.0.json]" time="0.001"></testcase><testcase classname="test_bulb" file="test_bulb.py" line="33" name="test_state_attributes[KL130(US)_1.0.json]" time="0.001"></testcase><testcase classname="test_bulb" file="test_bulb.py" line="33" name="test_state_attributes[KL60(UN)_1.0.json]" time="0.001"></testcase><testcase classname="test_bulb" file="test_bulb.py" line="42" name="test_light_state_without_update[KL120(US)_1.0_real.json]" time="0.001"></testcase><testcase classname="test_bulb" file="test_bulb.py" line="42" name="test_light_state_without_update[LB120(US)_1.0.json]" time="0.001"></testcase><testcase classname="test_bulb" file="test_bulb.py" line="42" name="test_light_state_without_update[LB130(US)_1.0.json]" time="0.001"></testcase><testcase classname="test_bulb" file="test_bulb.py" line="42" name="test_light_state_without_update[LB100(US)_1.0.json]" time="0.001"></testcase><testcase classname="test_bulb" file="test_bulb.py" line="42" name="test_light_state_without_update[KL130(US)_1.0.json]" time="0.001"></testcase><testcase classname="test_bulb" file="test_bulb.py" line="42" name="test_light_state_without_update[KL60(UN)_1.0.json]" time="0.001"></testcase><testcase classname="test_bulb" file="test_bulb.py" line="51" name="test_get_light_state[KL120(US)_1.0_real.json]" time="0.002"></testcase><testcase classname="test_bulb" file="test_bulb.py" line="51" name="test_get_light_state[LB120(US)_1.0.json]" time="0.001"></testcase><testcase classname="test_bulb" file="test_bulb.py" line="51" name="test_get_light_state[LB130(US)_1.0.json]" time="0.001"></testcase><testcase classname="test_bulb" file="test_bulb.py" line="51" name="test_get_light_state[LB100(US)_1.0.json]" time="0.001"></testcase><testcase classname="test_bulb" file="test_bulb.py" line="51" name="test_get_light_state[KL130(US)_1.0.json]" time="0.001"></testcase><testcase classname="test_bulb" file="test_bulb.py" line="51" name="test_get_light_state[KL60(UN)_1.0.json]" time="0.002"></testcase><testcase classname="test_bulb" file="test_bulb.py" line="56" name="test_hsv[True-/home/tpr/code/python-kasa/kasa/tests/fixtures/LB130(US)_1.0.json]" time="0.001"></testcase><testcase classname="test_bulb" file="test_bulb.py" line="56" name="test_hsv[True-/home/tpr/code/python-kasa/kasa/tests/fixtures/KL130(US)_1.0.json]" time="0.001"></testcase><testcase classname="test_bulb" file="test_bulb.py" line="56" name="test_hsv[False-/home/tpr/code/python-kasa/kasa/tests/fixtures/LB130(US)_1.0.json]" time="0.001"></testcase><testcase classname="test_bulb" file="test_bulb.py" line="56" name="test_hsv[False-/home/tpr/code/python-kasa/kasa/tests/fixtures/KL130(US)_1.0.json]" time="0.001"></testcase><testcase classname="test_bulb" file="test_bulb.py" line="75" name="test_set_hsv_transition[/home/tpr/code/python-kasa/kasa/tests/fixtures/LB130(US)_1.0.json]" time="0.006"></testcase><testcase classname="test_bulb" file="test_bulb.py" line="75" name="test_set_hsv_transition[/home/tpr/code/python-kasa/kasa/tests/fixtures/KL130(US)_1.0.json]" time="0.004"></testcase><testcase classname="test_bulb" file="test_bulb.py" line="86" name="test_invalid_hsv[True-/home/tpr/code/python-kasa/kasa/tests/fixtures/LB130(US)_1.0.json]" time="0.001"></testcase><testcase classname="test_bulb" file="test_bulb.py" line="86" name="test_invalid_hsv[True-/home/tpr/code/python-kasa/kasa/tests/fixtures/KL130(US)_1.0.json]" time="0.002"></testcase><testcase classname="test_bulb" file="test_bulb.py" line="86" name="test_invalid_hsv[False-/home/tpr/code/python-kasa/kasa/tests/fixtures/LB130(US)_1.0.json]" time="0.001"></testcase><testcase classname="test_bulb" file="test_bulb.py" line="86" name="test_invalid_hsv[False-/home/tpr/code/python-kasa/kasa/tests/fixtures/KL130(US)_1.0.json]" time="0.001"></testcase><testcase classname="test_bulb" file="test_bulb.py" line="105" name="test_color_state_information[/home/tpr/code/python-kasa/kasa/tests/fixtures/LB130(US)_1.0.json]" time="0.002"></testcase><testcase classname="test_bulb" file="test_bulb.py" line="105" name="test_color_state_information[/home/tpr/code/python-kasa/kasa/tests/fixtures/KL130(US)_1.0.json]" time="0.002"></testcase><testcase classname="test_bulb" file="test_bulb.py" line="111" name="test_hsv_on_non_color[/home/tpr/code/python-kasa/kasa/tests/fixtures/KL120(US)_1.0_real.json]" time="0.001"></testcase><testcase classname="test_bulb" file="test_bulb.py" line="111" name="test_hsv_on_non_color[/home/tpr/code/python-kasa/kasa/tests/fixtures/LB120(US)_1.0.json]" time="0.001"></testcase><testcase classname="test_bulb" file="test_bulb.py" line="111" name="test_hsv_on_non_color[/home/tpr/code/python-kasa/kasa/tests/fixtures/LB100(US)_1.0.json]" time="0.001"></testcase><testcase classname="test_bulb" file="test_bulb.py" line="111" name="test_hsv_on_non_color[/home/tpr/code/python-kasa/kasa/tests/fixtures/KL60(UN)_1.0.json]" time="0.001"></testcase><testcase classname="test_bulb" file="test_bulb.py" line="121" name="test_variable_temp_state_information[/home/tpr/code/python-kasa/kasa/tests/fixtures/KL120(US)_1.0_real.json]" time="0.001"></testcase><testcase classname="test_bulb" file="test_bulb.py" line="121" name="test_variable_temp_state_information[/home/tpr/code/python-kasa/kasa/tests/fixtures/LB120(US)_1.0.json]" time="0.001"></testcase><testcase classname="test_bulb" file="test_bulb.py" line="121" name="test_variable_temp_state_information[/home/tpr/code/python-kasa/kasa/tests/fixtures/LB130(US)_1.0.json]" time="0.001"></testcase><testcase classname="test_bulb" file="test_bulb.py" line="121" name="test_variable_temp_state_information[/home/tpr/code/python-kasa/kasa/tests/fixtures/KL130(US)_1.0.json]" time="0.001"></testcase><testcase classname="test_bulb" file="test_bulb.py" line="132" name="test_try_set_colortemp[True-/home/tpr/code/python-kasa/kasa/tests/fixtures/KL120(US)_1.0_real.json]" time="0.001"></testcase><testcase classname="test_bulb" file="test_bulb.py" line="132" name="test_try_set_colortemp[True-/home/tpr/code/python-kasa/kasa/tests/fixtures/LB120(US)_1.0.json]" time="0.001"></testcase><testcase classname="test_bulb" file="test_bulb.py" line="132" name="test_try_set_colortemp[True-/home/tpr/code/python-kasa/kasa/tests/fixtures/LB130(US)_1.0.json]" time="0.001"></testcase><testcase classname="test_bulb" file="test_bulb.py" line="132" name="test_try_set_colortemp[True-/home/tpr/code/python-kasa/kasa/tests/fixtures/KL130(US)_1.0.json]" time="0.001"></testcase><testcase classname="test_bulb" file="test_bulb.py" line="132" name="test_try_set_colortemp[False-/home/tpr/code/python-kasa/kasa/tests/fixtures/KL120(US)_1.0_real.json]" time="0.001"></testcase><testcase classname="test_bulb" file="test_bulb.py" line="132" name="test_try_set_colortemp[False-/home/tpr/code/python-kasa/kasa/tests/fixtures/LB120(US)_1.0.json]" time="0.001"></testcase><testcase classname="test_bulb" file="test_bulb.py" line="132" name="test_try_set_colortemp[False-/home/tpr/code/python-kasa/kasa/tests/fixtures/LB130(US)_1.0.json]" time="0.001"></testcase><testcase classname="test_bulb" file="test_bulb.py" line="132" name="test_try_set_colortemp[False-/home/tpr/code/python-kasa/kasa/tests/fixtures/KL130(US)_1.0.json]" time="0.001"></testcase><testcase classname="test_bulb" file="test_bulb.py" line="140" name="test_set_color_temp_transition[/home/tpr/code/python-kasa/kasa/tests/fixtures/KL120(US)_1.0_real.json]" time="0.003"></testcase><testcase classname="test_bulb" file="test_bulb.py" line="140" name="test_set_color_temp_transition[/home/tpr/code/python-kasa/kasa/tests/fixtures/LB120(US)_1.0.json]" time="0.003"></testcase><testcase classname="test_bulb" file="test_bulb.py" line="140" name="test_set_color_temp_transition[/home/tpr/code/python-kasa/kasa/tests/fixtures/LB130(US)_1.0.json]" time="0.003"></testcase><testcase classname="test_bulb" file="test_bulb.py" line="140" name="test_set_color_temp_transition[/home/tpr/code/python-kasa/kasa/tests/fixtures/KL130(US)_1.0.json]" time="0.003"></testcase><testcase classname="test_bulb" file="test_bulb.py" line="148" name="test_unknown_temp_range[/home/tpr/code/python-kasa/kasa/tests/fixtures/KL120(US)_1.0_real.json]" time="0.001"></testcase><testcase classname="test_bulb" file="test_bulb.py" line="148" name="test_unknown_temp_range[/home/tpr/code/python-kasa/kasa/tests/fixtures/LB120(US)_1.0.json]" time="0.001"></testcase><testcase classname="test_bulb" file="test_bulb.py" line="148" name="test_unknown_temp_range[/home/tpr/code/python-kasa/kasa/tests/fixtures/LB130(US)_1.0.json]" time="0.001"></testcase><testcase classname="test_bulb" file="test_bulb.py" line="148" name="test_unknown_temp_range[/home/tpr/code/python-kasa/kasa/tests/fixtures/KL130(US)_1.0.json]" time="0.001"></testcase><testcase classname="test_bulb" file="test_bulb.py" line="155" name="test_out_of_range_temperature[/home/tpr/code/python-kasa/kasa/tests/fixtures/KL120(US)_1.0_real.json]" time="0.001"></testcase><testcase classname="test_bulb" file="test_bulb.py" line="155" name="test_out_of_range_temperature[/home/tpr/code/python-kasa/kasa/tests/fixtures/LB120(US)_1.0.json]" time="0.001"></testcase><testcase classname="test_bulb" file="test_bulb.py" line="155" name="test_out_of_range_temperature[/home/tpr/code/python-kasa/kasa/tests/fixtures/LB130(US)_1.0.json]" time="0.001"></testcase><testcase classname="test_bulb" file="test_bulb.py" line="155" name="test_out_of_range_temperature[/home/tpr/code/python-kasa/kasa/tests/fixtures/KL130(US)_1.0.json]" time="0.001"></testcase><testcase classname="test_bulb" file="test_bulb.py" line="163" name="test_non_variable_temp[/home/tpr/code/python-kasa/kasa/tests/fixtures/LB100(US)_1.0.json]" time="0.001"></testcase><testcase classname="test_bulb" file="test_bulb.py" line="163" name="test_non_variable_temp[/home/tpr/code/python-kasa/kasa/tests/fixtures/KL60(UN)_1.0.json]" time="0.001"></testcase><testcase classname="test_bulb" file="test_bulb.py" line="175" name="test_dimmable_brightness[True-/home/tpr/code/python-kasa/kasa/tests/fixtures/KL120(US)_1.0_real.json]" time="0.001"></testcase><testcase classname="test_bulb" file="test_bulb.py" line="175" name="test_dimmable_brightness[True-/home/tpr/code/python-kasa/kasa/tests/fixtures/LB120(US)_1.0.json]" time="0.001"></testcase><testcase classname="test_bulb" file="test_bulb.py" line="175" name="test_dimmable_brightness[True-/home/tpr/code/python-kasa/kasa/tests/fixtures/LB130(US)_1.0.json]" time="0.001"></testcase><testcase classname="test_bulb" file="test_bulb.py" line="175" name="test_dimmable_brightness[True-/home/tpr/code/python-kasa/kasa/tests/fixtures/HS220(US)_1.0.json]" time="0.002"></testcase><testcase classname="test_bulb" file="test_bulb.py" line="175" name="test_dimmable_brightness[True-/home/tpr/code/python-kasa/kasa/tests/fixtures/LB100(US)_1.0.json]" time="0.001"></testcase><testcase classname="test_bulb" file="test_bulb.py" line="175" name="test_dimmable_brightness[True-/home/tpr/code/python-kasa/kasa/tests/fixtures/HS220(US)_1.0_real.json]" time="0.001"></testcase><testcase classname="test_bulb" file="test_bulb.py" line="175" name="test_dimmable_brightness[True-/home/tpr/code/python-kasa/kasa/tests/fixtures/KL130(US)_1.0.json]" time="0.001"></testcase><testcase classname="test_bulb" file="test_bulb.py" line="175" name="test_dimmable_brightness[True-/home/tpr/code/python-kasa/kasa/tests/fixtures/KL60(UN)_1.0.json]" time="0.001"></testcase><testcase classname="test_bulb" file="test_bulb.py" line="175" name="test_dimmable_brightness[False-/home/tpr/code/python-kasa/kasa/tests/fixtures/KL120(US)_1.0_real.json]" time="0.001"></testcase><testcase classname="test_bulb" file="test_bulb.py" line="175" name="test_dimmable_brightness[False-/home/tpr/code/python-kasa/kasa/tests/fixtures/LB120(US)_1.0.json]" time="0.001"></testcase><testcase classname="test_bulb" file="test_bulb.py" line="175" name="test_dimmable_brightness[False-/home/tpr/code/python-kasa/kasa/tests/fixtures/LB130(US)_1.0.json]" time="0.001"></testcase><testcase classname="test_bulb" file="test_bulb.py" line="175" name="test_dimmable_brightness[False-/home/tpr/code/python-kasa/kasa/tests/fixtures/HS220(US)_1.0.json]" time="0.001"></testcase><testcase classname="test_bulb" file="test_bulb.py" line="175" name="test_dimmable_brightness[False-/home/tpr/code/python-kasa/kasa/tests/fixtures/LB100(US)_1.0.json]" time="0.001"></testcase><testcase classname="test_bulb" file="test_bulb.py" line="175" name="test_dimmable_brightness[False-/home/tpr/code/python-kasa/kasa/tests/fixtures/HS220(US)_1.0_real.json]" time="0.001"></testcase><testcase classname="test_bulb" file="test_bulb.py" line="175" name="test_dimmable_brightness[False-/home/tpr/code/python-kasa/kasa/tests/fixtures/KL130(US)_1.0.json]" time="0.001"></testcase><testcase classname="test_bulb" file="test_bulb.py" line="175" name="test_dimmable_brightness[False-/home/tpr/code/python-kasa/kasa/tests/fixtures/KL60(UN)_1.0.json]" time="0.001"></testcase><testcase classname="test_bulb" file="test_bulb.py" line="191" name="test_turn_on_transition[KL120(US)_1.0_real.json]" time="0.003"></testcase><testcase classname="test_bulb" file="test_bulb.py" line="191" name="test_turn_on_transition[LB120(US)_1.0.json]" time="0.003"></testcase><testcase classname="test_bulb" file="test_bulb.py" line="191" name="test_turn_on_transition[LB130(US)_1.0.json]" time="0.003"></testcase><testcase classname="test_bulb" file="test_bulb.py" line="191" name="test_turn_on_transition[LB100(US)_1.0.json]" time="0.003"></testcase><testcase classname="test_bulb" file="test_bulb.py" line="191" name="test_turn_on_transition[KL130(US)_1.0.json]" time="0.004"></testcase><testcase classname="test_bulb" file="test_bulb.py" line="191" name="test_turn_on_transition[KL60(UN)_1.0.json]" time="0.003"></testcase><testcase classname="test_bulb" file="test_bulb.py" line="203" name="test_dimmable_brightness_transition[KL120(US)_1.0_real.json]" time="0.003"></testcase><testcase classname="test_bulb" file="test_bulb.py" line="203" name="test_dimmable_brightness_transition[LB120(US)_1.0.json]" time="0.003"></testcase><testcase classname="test_bulb" file="test_bulb.py" line="203" name="test_dimmable_brightness_transition[LB130(US)_1.0.json]" time="0.003"></testcase><testcase classname="test_bulb" file="test_bulb.py" line="203" name="test_dimmable_brightness_transition[LB100(US)_1.0.json]" time="0.003"></testcase><testcase classname="test_bulb" file="test_bulb.py" line="203" name="test_dimmable_brightness_transition[KL130(US)_1.0.json]" time="0.003"></testcase><testcase classname="test_bulb" file="test_bulb.py" line="203" name="test_dimmable_brightness_transition[KL60(UN)_1.0.json]" time="0.003"></testcase><testcase classname="test_bulb" file="test_bulb.py" line="211" name="test_invalid_brightness[/home/tpr/code/python-kasa/kasa/tests/fixtures/KL120(US)_1.0_real.json]" time="0.001"></testcase><testcase classname="test_bulb" file="test_bulb.py" line="211" name="test_invalid_brightness[/home/tpr/code/python-kasa/kasa/tests/fixtures/LB120(US)_1.0.json]" time="0.001"></testcase><testcase classname="test_bulb" file="test_bulb.py" line="211" name="test_invalid_brightness[/home/tpr/code/python-kasa/kasa/tests/fixtures/LB130(US)_1.0.json]" time="0.001"></testcase><testcase classname="test_bulb" file="test_bulb.py" line="211" name="test_invalid_brightness[/home/tpr/code/python-kasa/kasa/tests/fixtures/HS220(US)_1.0.json]" time="0.001"></testcase><testcase classname="test_bulb" file="test_bulb.py" line="211" name="test_invalid_brightness[/home/tpr/code/python-kasa/kasa/tests/fixtures/LB100(US)_1.0.json]" time="0.001"></testcase><testcase classname="test_bulb" file="test_bulb.py" line="211" name="test_invalid_brightness[/home/tpr/code/python-kasa/kasa/tests/fixtures/HS220(US)_1.0_real.json]" time="0.001"></testcase><testcase classname="test_bulb" file="test_bulb.py" line="211" name="test_invalid_brightness[/home/tpr/code/python-kasa/kasa/tests/fixtures/KL130(US)_1.0.json]" time="0.001"></testcase><testcase classname="test_bulb" file="test_bulb.py" line="211" name="test_invalid_brightness[/home/tpr/code/python-kasa/kasa/tests/fixtures/KL60(UN)_1.0.json]" time="0.001"></testcase><testcase classname="test_bulb" file="test_bulb.py" line="222" name="test_non_dimmable[dev0]" time="0.000"><skipped message="got empty parameter set [&apos;dev&apos;], function test_non_dimmable at /home/tpr/code/python-kasa/kasa/tests/test_bulb.py:222" type="pytest.skip">test_bulb.py:223: got empty parameter set [&apos;dev&apos;], function test_non_dimmable at /home/tpr/code/python-kasa/kasa/tests/test_bulb.py:222</skipped></testcase><testcase classname="test_cli" file="test_cli.py" line="10" name="test_sysinfo[/home/tpr/code/python-kasa/kasa/tests/fixtures/HS110(EU)_2.0.json]" time="0.002"></testcase><testcase classname="test_cli" file="test_cli.py" line="10" name="test_sysinfo[/home/tpr/code/python-kasa/kasa/tests/fixtures/HS100(US)_2.0_real.json]" time="0.001"></testcase><testcase classname="test_cli" file="test_cli.py" line="10" name="test_sysinfo[/home/tpr/code/python-kasa/kasa/tests/fixtures/HS210(US)_1.0_real.json]" time="0.002"></testcase><testcase classname="test_cli" file="test_cli.py" line="10" name="test_sysinfo[/home/tpr/code/python-kasa/kasa/tests/fixtures/KL120(US)_1.0_real.json]" time="0.002"></testcase><testcase classname="test_cli" file="test_cli.py" line="10" name="test_sysinfo[/home/tpr/code/python-kasa/kasa/tests/fixtures/HS105(US)_1.0.json]" time="0.002"></testcase><testcase classname="test_cli" file="test_cli.py" line="10" name="test_sysinfo[/home/tpr/code/python-kasa/kasa/tests/fixtures/LB120(US)_1.0.json]" time="0.002"></testcase><testcase classname="test_cli" file="test_cli.py" line="10" name="test_sysinfo[/home/tpr/code/python-kasa/kasa/tests/fixtures/HS300(US)_1.0_real.json]" time="0.002"></testcase><testcase classname="test_cli" file="test_cli.py" line="10" name="test_sysinfo[/home/tpr/code/python-kasa/kasa/tests/fixtures/LB130(US)_1.0.json]" time="0.002"></testcase><testcase classname="test_cli" file="test_cli.py" line="10" name="test_sysinfo[/home/tpr/code/python-kasa/kasa/tests/fixtures/KP400(US)_1.0.json]" time="0.002"></testcase><testcase classname="test_cli" file="test_cli.py" line="10" name="test_sysinfo[/home/tpr/code/python-kasa/kasa/tests/fixtures/HS100(US)_1.0_real.json]" time="0.002"></testcase><testcase classname="test_cli" file="test_cli.py" line="10" name="test_sysinfo[/home/tpr/code/python-kasa/kasa/tests/fixtures/HS110(US)_1.0.json]" time="0.002"></testcase><testcase classname="test_cli" file="test_cli.py" line="10" name="test_sysinfo[/home/tpr/code/python-kasa/kasa/tests/fixtures/HS220(US)_1.0.json]" time="0.002"></testcase><testcase classname="test_cli" file="test_cli.py" line="10" name="test_sysinfo[/home/tpr/code/python-kasa/kasa/tests/fixtures/HS103(US)_2.1.json]" time="0.002"></testcase><testcase classname="test_cli" file="test_cli.py" line="10" name="test_sysinfo[/home/tpr/code/python-kasa/kasa/tests/fixtures/LB100(US)_1.0.json]" time="0.002"></testcase><testcase classname="test_cli" file="test_cli.py" line="10" name="test_sysinfo[/home/tpr/code/python-kasa/kasa/tests/fixtures/HS200(US)_1.0.json]" time="0.002"></testcase><testcase classname="test_cli" file="test_cli.py" line="10" name="test_sysinfo[/home/tpr/code/python-kasa/kasa/tests/fixtures/HS100(US)_1.0.json]" time="0.002"></testcase><testcase classname="test_cli" file="test_cli.py" line="10" name="test_sysinfo[/home/tpr/code/python-kasa/kasa/tests/fixtures/HS200(US)_2.0_real.json]" time="0.002"></testcase><testcase classname="test_cli" file="test_cli.py" line="10" name="test_sysinfo[/home/tpr/code/python-kasa/kasa/tests/fixtures/HS220(US)_1.0_real.json]" time="0.002"></testcase><testcase classname="test_cli" file="test_cli.py" line="10" name="test_sysinfo[/home/tpr/code/python-kasa/kasa/tests/fixtures/KL130(US)_1.0.json]" time="0.002"></testcase><testcase classname="test_cli" file="test_cli.py" line="10" name="test_sysinfo[/home/tpr/code/python-kasa/kasa/tests/fixtures/HS300(US)_1.0.json]" time="0.002"></testcase><testcase classname="test_cli" file="test_cli.py" line="10" name="test_sysinfo[/home/tpr/code/python-kasa/kasa/tests/fixtures/HS107(US)_1.0_real.json]" time="0.002"></testcase><testcase classname="test_cli" file="test_cli.py" line="10" name="test_sysinfo[/home/tpr/code/python-kasa/kasa/tests/fixtures/HS110(EU)_1.0_real.json]" time="0.002"></testcase><testcase classname="test_cli" file="test_cli.py" line="10" name="test_sysinfo[/home/tpr/code/python-kasa/kasa/tests/fixtures/HS105(US)_1.0_real.json]" time="0.002"></testcase><testcase classname="test_cli" file="test_cli.py" line="10" name="test_sysinfo[/home/tpr/code/python-kasa/kasa/tests/fixtures/KL60(UN)_1.0.json]" time="0.002"></testcase><testcase classname="test_cli" file="test_cli.py" line="10" name="test_sysinfo[/home/tpr/code/python-kasa/kasa/tests/fixtures/HS103(US)_1.0.json]" time="0.001"></testcase><testcase classname="test_cli" file="test_cli.py" line="10" name="test_sysinfo[/home/tpr/code/python-kasa/kasa/tests/fixtures/KP303(UK)_1.0.json]" time="0.002"></testcase><testcase classname="test_cli" file="test_cli.py" line="17" name="test_state[/home/tpr/code/python-kasa/kasa/tests/fixtures/HS110(EU)_2.0.json-True]" time="0.002"></testcase><testcase classname="test_cli" file="test_cli.py" line="17" name="test_state[/home/tpr/code/python-kasa/kasa/tests/fixtures/HS110(EU)_2.0.json-False]" time="0.002"></testcase><testcase classname="test_cli" file="test_cli.py" line="17" name="test_state[/home/tpr/code/python-kasa/kasa/tests/fixtures/HS100(US)_2.0_real.json-True]" time="0.003"></testcase><testcase classname="test_cli" file="test_cli.py" line="17" name="test_state[/home/tpr/code/python-kasa/kasa/tests/fixtures/HS100(US)_2.0_real.json-False]" time="0.002"></testcase><testcase classname="test_cli" file="test_cli.py" line="17" name="test_state[/home/tpr/code/python-kasa/kasa/tests/fixtures/HS210(US)_1.0_real.json-True]" time="0.001"></testcase><testcase classname="test_cli" file="test_cli.py" line="17" name="test_state[/home/tpr/code/python-kasa/kasa/tests/fixtures/HS210(US)_1.0_real.json-False]" time="0.002"></testcase><testcase classname="test_cli" file="test_cli.py" line="17" name="test_state[/home/tpr/code/python-kasa/kasa/tests/fixtures/KL120(US)_1.0_real.json-True]" time="0.002"></testcase><testcase classname="test_cli" file="test_cli.py" line="17" name="test_state[/home/tpr/code/python-kasa/kasa/tests/fixtures/KL120(US)_1.0_real.json-False]" time="0.002"></testcase><testcase classname="test_cli" file="test_cli.py" line="17" name="test_state[/home/tpr/code/python-kasa/kasa/tests/fixtures/HS105(US)_1.0.json-True]" time="0.002"></testcase><testcase classname="test_cli" file="test_cli.py" line="17" name="test_state[/home/tpr/code/python-kasa/kasa/tests/fixtures/HS105(US)_1.0.json-False]" time="0.002"></testcase><testcase classname="test_cli" file="test_cli.py" line="17" name="test_state[/home/tpr/code/python-kasa/kasa/tests/fixtures/LB120(US)_1.0.json-True]" time="0.002"></testcase><testcase classname="test_cli" file="test_cli.py" line="17" name="test_state[/home/tpr/code/python-kasa/kasa/tests/fixtures/LB120(US)_1.0.json-False]" time="0.002"></testcase><testcase classname="test_cli" file="test_cli.py" line="17" name="test_state[/home/tpr/code/python-kasa/kasa/tests/fixtures/HS300(US)_1.0_real.json-True]" time="0.002"></testcase><testcase classname="test_cli" file="test_cli.py" line="17" name="test_state[/home/tpr/code/python-kasa/kasa/tests/fixtures/HS300(US)_1.0_real.json-False]" time="0.002"></testcase><testcase classname="test_cli" file="test_cli.py" line="17" name="test_state[/home/tpr/code/python-kasa/kasa/tests/fixtures/LB130(US)_1.0.json-True]" time="0.002"></testcase><testcase classname="test_cli" file="test_cli.py" line="17" name="test_state[/home/tpr/code/python-kasa/kasa/tests/fixtures/LB130(US)_1.0.json-False]" time="0.002"></testcase><testcase classname="test_cli" file="test_cli.py" line="17" name="test_state[/home/tpr/code/python-kasa/kasa/tests/fixtures/KP400(US)_1.0.json-True]" time="0.002"></testcase><testcase classname="test_cli" file="test_cli.py" line="17" name="test_state[/home/tpr/code/python-kasa/kasa/tests/fixtures/KP400(US)_1.0.json-False]" time="0.002"></testcase><testcase classname="test_cli" file="test_cli.py" line="17" name="test_state[/home/tpr/code/python-kasa/kasa/tests/fixtures/HS100(US)_1.0_real.json-True]" time="0.003"></testcase><testcase classname="test_cli" file="test_cli.py" line="17" name="test_state[/home/tpr/code/python-kasa/kasa/tests/fixtures/HS100(US)_1.0_real.json-False]" time="0.002"></testcase><testcase classname="test_cli" file="test_cli.py" line="17" name="test_state[/home/tpr/code/python-kasa/kasa/tests/fixtures/HS110(US)_1.0.json-True]" time="0.002"></testcase><testcase classname="test_cli" file="test_cli.py" line="17" name="test_state[/home/tpr/code/python-kasa/kasa/tests/fixtures/HS110(US)_1.0.json-False]" time="0.002"></testcase><testcase classname="test_cli" file="test_cli.py" line="17" name="test_state[/home/tpr/code/python-kasa/kasa/tests/fixtures/HS220(US)_1.0.json-True]" time="0.002"></testcase><testcase classname="test_cli" file="test_cli.py" line="17" name="test_state[/home/tpr/code/python-kasa/kasa/tests/fixtures/HS220(US)_1.0.json-False]" time="0.002"></testcase><testcase classname="test_cli" file="test_cli.py" line="17" name="test_state[/home/tpr/code/python-kasa/kasa/tests/fixtures/HS103(US)_2.1.json-True]" time="0.002"></testcase><testcase classname="test_cli" file="test_cli.py" line="17" name="test_state[/home/tpr/code/python-kasa/kasa/tests/fixtures/HS103(US)_2.1.json-False]" time="0.002"></testcase><testcase classname="test_cli" file="test_cli.py" line="17" name="test_state[/home/tpr/code/python-kasa/kasa/tests/fixtures/LB100(US)_1.0.json-True]" time="0.002"></testcase><testcase classname="test_cli" file="test_cli.py" line="17" name="test_state[/home/tpr/code/python-kasa/kasa/tests/fixtures/LB100(US)_1.0.json-False]" time="0.002"></testcase><testcase classname="test_cli" file="test_cli.py" line="17" name="test_state[/home/tpr/code/python-kasa/kasa/tests/fixtures/HS200(US)_1.0.json-True]" time="0.002"></testcase><testcase classname="test_cli" file="test_cli.py" line="17" name="test_state[/home/tpr/code/python-kasa/kasa/tests/fixtures/HS200(US)_1.0.json-False]" time="0.002"></testcase><testcase classname="test_cli" file="test_cli.py" line="17" name="test_state[/home/tpr/code/python-kasa/kasa/tests/fixtures/HS100(US)_1.0.json-True]" time="0.002"></testcase><testcase classname="test_cli" file="test_cli.py" line="17" name="test_state[/home/tpr/code/python-kasa/kasa/tests/fixtures/HS100(US)_1.0.json-False]" time="0.002"></testcase><testcase classname="test_cli" file="test_cli.py" line="17" name="test_state[/home/tpr/code/python-kasa/kasa/tests/fixtures/HS200(US)_2.0_real.json-True]" time="0.002"></testcase><testcase classname="test_cli" file="test_cli.py" line="17" name="test_state[/home/tpr/code/python-kasa/kasa/tests/fixtures/HS200(US)_2.0_real.json-False]" time="0.002"></testcase><testcase classname="test_cli" file="test_cli.py" line="17" name="test_state[/home/tpr/code/python-kasa/kasa/tests/fixtures/HS220(US)_1.0_real.json-True]" time="0.002"></testcase><testcase classname="test_cli" file="test_cli.py" line="17" name="test_state[/home/tpr/code/python-kasa/kasa/tests/fixtures/HS220(US)_1.0_real.json-False]" time="0.002"></testcase><testcase classname="test_cli" file="test_cli.py" line="17" name="test_state[/home/tpr/code/python-kasa/kasa/tests/fixtures/KL130(US)_1.0.json-True]" time="0.002"></testcase><testcase classname="test_cli" file="test_cli.py" line="17" name="test_state[/home/tpr/code/python-kasa/kasa/tests/fixtures/KL130(US)_1.0.json-False]" time="0.002"></testcase><testcase classname="test_cli" file="test_cli.py" line="17" name="test_state[/home/tpr/code/python-kasa/kasa/tests/fixtures/HS300(US)_1.0.json-True]" time="0.002"></testcase><testcase classname="test_cli" file="test_cli.py" line="17" name="test_state[/home/tpr/code/python-kasa/kasa/tests/fixtures/HS300(US)_1.0.json-False]" time="0.002"></testcase><testcase classname="test_cli" file="test_cli.py" line="17" name="test_state[/home/tpr/code/python-kasa/kasa/tests/fixtures/HS107(US)_1.0_real.json-True]" time="0.002"></testcase><testcase classname="test_cli" file="test_cli.py" line="17" name="test_state[/home/tpr/code/python-kasa/kasa/tests/fixtures/HS107(US)_1.0_real.json-False]" time="0.002"></testcase><testcase classname="test_cli" file="test_cli.py" line="17" name="test_state[/home/tpr/code/python-kasa/kasa/tests/fixtures/HS110(EU)_1.0_real.json-True]" time="0.002"></testcase><testcase classname="test_cli" file="test_cli.py" line="17" name="test_state[/home/tpr/code/python-kasa/kasa/tests/fixtures/HS110(EU)_1.0_real.json-False]" time="0.002"></testcase><testcase classname="test_cli" file="test_cli.py" line="17" name="test_state[/home/tpr/code/python-kasa/kasa/tests/fixtures/HS105(US)_1.0_real.json-True]" time="0.002"></testcase><testcase classname="test_cli" file="test_cli.py" line="17" name="test_state[/home/tpr/code/python-kasa/kasa/tests/fixtures/HS105(US)_1.0_real.json-False]" time="0.002"></testcase><testcase classname="test_cli" file="test_cli.py" line="17" name="test_state[/home/tpr/code/python-kasa/kasa/tests/fixtures/KL60(UN)_1.0.json-True]" time="0.002"></testcase><testcase classname="test_cli" file="test_cli.py" line="17" name="test_state[/home/tpr/code/python-kasa/kasa/tests/fixtures/KL60(UN)_1.0.json-False]" time="0.002"></testcase><testcase classname="test_cli" file="test_cli.py" line="17" name="test_state[/home/tpr/code/python-kasa/kasa/tests/fixtures/HS103(US)_1.0.json-True]" time="0.002"></testcase><testcase classname="test_cli" file="test_cli.py" line="17" name="test_state[/home/tpr/code/python-kasa/kasa/tests/fixtures/HS103(US)_1.0.json-False]" time="0.002"></testcase><testcase classname="test_cli" file="test_cli.py" line="17" name="test_state[/home/tpr/code/python-kasa/kasa/tests/fixtures/KP303(UK)_1.0.json-True]" time="0.002"></testcase><testcase classname="test_cli" file="test_cli.py" line="17" name="test_state[/home/tpr/code/python-kasa/kasa/tests/fixtures/KP303(UK)_1.0.json-False]" time="0.002"></testcase><testcase classname="test_cli" file="test_cli.py" line="30" name="test_alias[/home/tpr/code/python-kasa/kasa/tests/fixtures/HS110(EU)_2.0.json]" time="0.002"></testcase><testcase classname="test_cli" file="test_cli.py" line="30" name="test_alias[/home/tpr/code/python-kasa/kasa/tests/fixtures/HS100(US)_2.0_real.json]" time="0.002"></testcase><testcase classname="test_cli" file="test_cli.py" line="30" name="test_alias[/home/tpr/code/python-kasa/kasa/tests/fixtures/HS210(US)_1.0_real.json]" time="0.002"></testcase><testcase classname="test_cli" file="test_cli.py" line="30" name="test_alias[/home/tpr/code/python-kasa/kasa/tests/fixtures/KL120(US)_1.0_real.json]" time="0.002"></testcase><testcase classname="test_cli" file="test_cli.py" line="30" name="test_alias[/home/tpr/code/python-kasa/kasa/tests/fixtures/HS105(US)_1.0.json]" time="0.002"></testcase><testcase classname="test_cli" file="test_cli.py" line="30" name="test_alias[/home/tpr/code/python-kasa/kasa/tests/fixtures/LB120(US)_1.0.json]" time="0.002"></testcase><testcase classname="test_cli" file="test_cli.py" line="30" name="test_alias[/home/tpr/code/python-kasa/kasa/tests/fixtures/HS300(US)_1.0_real.json]" time="0.002"></testcase><testcase classname="test_cli" file="test_cli.py" line="30" name="test_alias[/home/tpr/code/python-kasa/kasa/tests/fixtures/LB130(US)_1.0.json]" time="0.003"></testcase><testcase classname="test_cli" file="test_cli.py" line="30" name="test_alias[/home/tpr/code/python-kasa/kasa/tests/fixtures/KP400(US)_1.0.json]" time="0.002"></testcase><testcase classname="test_cli" file="test_cli.py" line="30" name="test_alias[/home/tpr/code/python-kasa/kasa/tests/fixtures/HS100(US)_1.0_real.json]" time="0.002"></testcase><testcase classname="test_cli" file="test_cli.py" line="30" name="test_alias[/home/tpr/code/python-kasa/kasa/tests/fixtures/HS110(US)_1.0.json]" time="0.002"></testcase><testcase classname="test_cli" file="test_cli.py" line="30" name="test_alias[/home/tpr/code/python-kasa/kasa/tests/fixtures/HS220(US)_1.0.json]" time="0.002"></testcase><testcase classname="test_cli" file="test_cli.py" line="30" name="test_alias[/home/tpr/code/python-kasa/kasa/tests/fixtures/HS103(US)_2.1.json]" time="0.002"></testcase><testcase classname="test_cli" file="test_cli.py" line="30" name="test_alias[/home/tpr/code/python-kasa/kasa/tests/fixtures/LB100(US)_1.0.json]" time="0.002"></testcase><testcase classname="test_cli" file="test_cli.py" line="30" name="test_alias[/home/tpr/code/python-kasa/kasa/tests/fixtures/HS200(US)_1.0.json]" time="0.002"></testcase><testcase classname="test_cli" file="test_cli.py" line="30" name="test_alias[/home/tpr/code/python-kasa/kasa/tests/fixtures/HS100(US)_1.0.json]" time="0.002"></testcase><testcase classname="test_cli" file="test_cli.py" line="30" name="test_alias[/home/tpr/code/python-kasa/kasa/tests/fixtures/HS200(US)_2.0_real.json]" time="0.002"></testcase><testcase classname="test_cli" file="test_cli.py" line="30" name="test_alias[/home/tpr/code/python-kasa/kasa/tests/fixtures/HS220(US)_1.0_real.json]" time="0.002"></testcase><testcase classname="test_cli" file="test_cli.py" line="30" name="test_alias[/home/tpr/code/python-kasa/kasa/tests/fixtures/KL130(US)_1.0.json]" time="0.002"></testcase><testcase classname="test_cli" file="test_cli.py" line="30" name="test_alias[/home/tpr/code/python-kasa/kasa/tests/fixtures/HS300(US)_1.0.json]" time="0.002"></testcase><testcase classname="test_cli" file="test_cli.py" line="30" name="test_alias[/home/tpr/code/python-kasa/kasa/tests/fixtures/HS107(US)_1.0_real.json]" time="0.002"></testcase><testcase classname="test_cli" file="test_cli.py" line="30" name="test_alias[/home/tpr/code/python-kasa/kasa/tests/fixtures/HS110(EU)_1.0_real.json]" time="0.002"></testcase><testcase classname="test_cli" file="test_cli.py" line="30" name="test_alias[/home/tpr/code/python-kasa/kasa/tests/fixtures/HS105(US)_1.0_real.json]" time="0.002"></testcase><testcase classname="test_cli" file="test_cli.py" line="30" name="test_alias[/home/tpr/code/python-kasa/kasa/tests/fixtures/KL60(UN)_1.0.json]" time="0.002"></testcase><testcase classname="test_cli" file="test_cli.py" line="30" name="test_alias[/home/tpr/code/python-kasa/kasa/tests/fixtures/HS103(US)_1.0.json]" time="0.002"></testcase><testcase classname="test_cli" file="test_cli.py" line="30" name="test_alias[/home/tpr/code/python-kasa/kasa/tests/fixtures/KP303(UK)_1.0.json]" time="0.002"></testcase><testcase classname="test_cli" file="test_cli.py" line="44" name="test_raw_command[/home/tpr/code/python-kasa/kasa/tests/fixtures/HS110(EU)_2.0.json]" time="0.002"></testcase><testcase classname="test_cli" file="test_cli.py" line="44" name="test_raw_command[/home/tpr/code/python-kasa/kasa/tests/fixtures/HS100(US)_2.0_real.json]" time="0.002"></testcase><testcase classname="test_cli" file="test_cli.py" line="44" name="test_raw_command[/home/tpr/code/python-kasa/kasa/tests/fixtures/HS210(US)_1.0_real.json]" time="0.002"></testcase><testcase classname="test_cli" file="test_cli.py" line="44" name="test_raw_command[/home/tpr/code/python-kasa/kasa/tests/fixtures/KL120(US)_1.0_real.json]" time="0.002"></testcase><testcase classname="test_cli" file="test_cli.py" line="44" name="test_raw_command[/home/tpr/code/python-kasa/kasa/tests/fixtures/HS105(US)_1.0.json]" time="0.002"></testcase><testcase classname="test_cli" file="test_cli.py" line="44" name="test_raw_command[/home/tpr/code/python-kasa/kasa/tests/fixtures/LB120(US)_1.0.json]" time="0.002"></testcase><testcase classname="test_cli" file="test_cli.py" line="44" name="test_raw_command[/home/tpr/code/python-kasa/kasa/tests/fixtures/HS300(US)_1.0_real.json]" time="0.002"></testcase><testcase classname="test_cli" file="test_cli.py" line="44" name="test_raw_command[/home/tpr/code/python-kasa/kasa/tests/fixtures/LB130(US)_1.0.json]" time="0.002"></testcase><testcase classname="test_cli" file="test_cli.py" line="44" name="test_raw_command[/home/tpr/code/python-kasa/kasa/tests/fixtures/KP400(US)_1.0.json]" time="0.002"></testcase><testcase classname="test_cli" file="test_cli.py" line="44" name="test_raw_command[/home/tpr/code/python-kasa/kasa/tests/fixtures/HS100(US)_1.0_real.json]" time="0.002"></testcase><testcase classname="test_cli" file="test_cli.py" line="44" name="test_raw_command[/home/tpr/code/python-kasa/kasa/tests/fixtures/HS110(US)_1.0.json]" time="0.002"></testcase><testcase classname="test_cli" file="test_cli.py" line="44" name="test_raw_command[/home/tpr/code/python-kasa/kasa/tests/fixtures/HS220(US)_1.0.json]" time="0.002"></testcase><testcase classname="test_cli" file="test_cli.py" line="44" name="test_raw_command[/home/tpr/code/python-kasa/kasa/tests/fixtures/HS103(US)_2.1.json]" time="0.002"></testcase><testcase classname="test_cli" file="test_cli.py" line="44" name="test_raw_command[/home/tpr/code/python-kasa/kasa/tests/fixtures/LB100(US)_1.0.json]" time="0.002"></testcase><testcase classname="test_cli" file="test_cli.py" line="44" name="test_raw_command[/home/tpr/code/python-kasa/kasa/tests/fixtures/HS200(US)_1.0.json]" time="0.002"></testcase><testcase classname="test_cli" file="test_cli.py" line="44" name="test_raw_command[/home/tpr/code/python-kasa/kasa/tests/fixtures/HS100(US)_1.0.json]" time="0.002"></testcase><testcase classname="test_cli" file="test_cli.py" line="44" name="test_raw_command[/home/tpr/code/python-kasa/kasa/tests/fixtures/HS200(US)_2.0_real.json]" time="0.002"></testcase><testcase classname="test_cli" file="test_cli.py" line="44" name="test_raw_command[/home/tpr/code/python-kasa/kasa/tests/fixtures/HS220(US)_1.0_real.json]" time="0.002"></testcase><testcase classname="test_cli" file="test_cli.py" line="44" name="test_raw_command[/home/tpr/code/python-kasa/kasa/tests/fixtures/KL130(US)_1.0.json]" time="0.002"></testcase><testcase classname="test_cli" file="test_cli.py" line="44" name="test_raw_command[/home/tpr/code/python-kasa/kasa/tests/fixtures/HS300(US)_1.0.json]" time="0.002"></testcase><testcase classname="test_cli" file="test_cli.py" line="44" name="test_raw_command[/home/tpr/code/python-kasa/kasa/tests/fixtures/HS107(US)_1.0_real.json]" time="0.002"></testcase><testcase classname="test_cli" file="test_cli.py" line="44" name="test_raw_command[/home/tpr/code/python-kasa/kasa/tests/fixtures/HS110(EU)_1.0_real.json]" time="0.002"></testcase><testcase classname="test_cli" file="test_cli.py" line="44" name="test_raw_command[/home/tpr/code/python-kasa/kasa/tests/fixtures/HS105(US)_1.0_real.json]" time="0.002"></testcase><testcase classname="test_cli" file="test_cli.py" line="44" name="test_raw_command[/home/tpr/code/python-kasa/kasa/tests/fixtures/KL60(UN)_1.0.json]" time="0.002"></testcase><testcase classname="test_cli" file="test_cli.py" line="44" name="test_raw_command[/home/tpr/code/python-kasa/kasa/tests/fixtures/HS103(US)_1.0.json]" time="0.002"></testcase><testcase classname="test_cli" file="test_cli.py" line="44" name="test_raw_command[/home/tpr/code/python-kasa/kasa/tests/fixtures/KP303(UK)_1.0.json]" time="0.002"></testcase><testcase classname="test_cli" file="test_cli.py" line="56" name="test_emeter[/home/tpr/code/python-kasa/kasa/tests/fixtures/HS110(EU)_2.0.json]" time="0.009"></testcase><testcase classname="test_cli" file="test_cli.py" line="56" name="test_emeter[/home/tpr/code/python-kasa/kasa/tests/fixtures/HS100(US)_2.0_real.json]" time="0.002"></testcase><testcase classname="test_cli" file="test_cli.py" line="56" name="test_emeter[/home/tpr/code/python-kasa/kasa/tests/fixtures/HS210(US)_1.0_real.json]" time="0.002"></testcase><testcase classname="test_cli" file="test_cli.py" line="56" name="test_emeter[/home/tpr/code/python-kasa/kasa/tests/fixtures/KL120(US)_1.0_real.json]" time="0.007"></testcase><testcase classname="test_cli" file="test_cli.py" line="56" name="test_emeter[/home/tpr/code/python-kasa/kasa/tests/fixtures/HS105(US)_1.0.json]" time="0.002"></testcase><testcase classname="test_cli" file="test_cli.py" line="56" name="test_emeter[/home/tpr/code/python-kasa/kasa/tests/fixtures/LB120(US)_1.0.json]" time="0.007"></testcase><testcase classname="test_cli" file="test_cli.py" line="56" name="test_emeter[/home/tpr/code/python-kasa/kasa/tests/fixtures/HS300(US)_1.0_real.json]" time="0.008"></testcase><testcase classname="test_cli" file="test_cli.py" line="56" name="test_emeter[/home/tpr/code/python-kasa/kasa/tests/fixtures/LB130(US)_1.0.json]" time="0.007"></testcase><testcase classname="test_cli" file="test_cli.py" line="56" name="test_emeter[/home/tpr/code/python-kasa/kasa/tests/fixtures/KP400(US)_1.0.json]" time="0.002"></testcase><testcase classname="test_cli" file="test_cli.py" line="56" name="test_emeter[/home/tpr/code/python-kasa/kasa/tests/fixtures/HS100(US)_1.0_real.json]" time="0.001"></testcase><testcase classname="test_cli" file="test_cli.py" line="56" name="test_emeter[/home/tpr/code/python-kasa/kasa/tests/fixtures/HS110(US)_1.0.json]" time="0.007"></testcase><testcase classname="test_cli" file="test_cli.py" line="56" name="test_emeter[/home/tpr/code/python-kasa/kasa/tests/fixtures/HS220(US)_1.0.json]" time="0.002"></testcase><testcase classname="test_cli" file="test_cli.py" line="56" name="test_emeter[/home/tpr/code/python-kasa/kasa/tests/fixtures/HS103(US)_2.1.json]" time="0.002"></testcase><testcase classname="test_cli" file="test_cli.py" line="56" name="test_emeter[/home/tpr/code/python-kasa/kasa/tests/fixtures/LB100(US)_1.0.json]" time="0.008"></testcase><testcase classname="test_cli" file="test_cli.py" line="56" name="test_emeter[/home/tpr/code/python-kasa/kasa/tests/fixtures/HS200(US)_1.0.json]" time="0.002"></testcase><testcase classname="test_cli" file="test_cli.py" line="56" name="test_emeter[/home/tpr/code/python-kasa/kasa/tests/fixtures/HS100(US)_1.0.json]" time="0.001"></testcase><testcase classname="test_cli" file="test_cli.py" line="56" name="test_emeter[/home/tpr/code/python-kasa/kasa/tests/fixtures/HS200(US)_2.0_real.json]" time="0.001"></testcase><testcase classname="test_cli" file="test_cli.py" line="56" name="test_emeter[/home/tpr/code/python-kasa/kasa/tests/fixtures/HS220(US)_1.0_real.json]" time="0.001"></testcase><testcase classname="test_cli" file="test_cli.py" line="56" name="test_emeter[/home/tpr/code/python-kasa/kasa/tests/fixtures/KL130(US)_1.0.json]" time="0.007"></testcase><testcase classname="test_cli" file="test_cli.py" line="56" name="test_emeter[/home/tpr/code/python-kasa/kasa/tests/fixtures/HS300(US)_1.0.json]" time="0.007"></testcase><testcase classname="test_cli" file="test_cli.py" line="56" name="test_emeter[/home/tpr/code/python-kasa/kasa/tests/fixtures/HS107(US)_1.0_real.json]" time="0.002"></testcase><testcase classname="test_cli" file="test_cli.py" line="56" name="test_emeter[/home/tpr/code/python-kasa/kasa/tests/fixtures/HS110(EU)_1.0_real.json]" time="0.008"></testcase><testcase classname="test_cli" file="test_cli.py" line="56" name="test_emeter[/home/tpr/code/python-kasa/kasa/tests/fixtures/HS105(US)_1.0_real.json]" time="0.002"></testcase><testcase classname="test_cli" file="test_cli.py" line="56" name="test_emeter[/home/tpr/code/python-kasa/kasa/tests/fixtures/KL60(UN)_1.0.json]" time="0.007"></testcase><testcase classname="test_cli" file="test_cli.py" line="56" name="test_emeter[/home/tpr/code/python-kasa/kasa/tests/fixtures/HS103(US)_1.0.json]" time="0.002"></testcase><testcase classname="test_cli" file="test_cli.py" line="56" name="test_emeter[/home/tpr/code/python-kasa/kasa/tests/fixtures/KP303(UK)_1.0.json]" time="0.002"></testcase><testcase classname="test_cli" file="test_cli.py" line="77" name="test_brightness[/home/tpr/code/python-kasa/kasa/tests/fixtures/HS110(EU)_2.0.json]" time="0.001"></testcase><testcase classname="test_cli" file="test_cli.py" line="77" name="test_brightness[/home/tpr/code/python-kasa/kasa/tests/fixtures/HS100(US)_2.0_real.json]" time="0.001"></testcase><testcase classname="test_cli" file="test_cli.py" line="77" name="test_brightness[/home/tpr/code/python-kasa/kasa/tests/fixtures/HS210(US)_1.0_real.json]" time="0.002"></testcase><testcase classname="test_cli" file="test_cli.py" line="77" name="test_brightness[/home/tpr/code/python-kasa/kasa/tests/fixtures/KL120(US)_1.0_real.json]" time="0.002"></testcase><testcase classname="test_cli" file="test_cli.py" line="77" name="test_brightness[/home/tpr/code/python-kasa/kasa/tests/fixtures/HS105(US)_1.0.json]" time="0.001"></testcase><testcase classname="test_cli" file="test_cli.py" line="77" name="test_brightness[/home/tpr/code/python-kasa/kasa/tests/fixtures/LB120(US)_1.0.json]" time="0.004"></testcase><testcase classname="test_cli" file="test_cli.py" line="77" name="test_brightness[/home/tpr/code/python-kasa/kasa/tests/fixtures/HS300(US)_1.0_real.json]" time="0.002"></testcase><testcase classname="test_cli" file="test_cli.py" line="77" name="test_brightness[/home/tpr/code/python-kasa/kasa/tests/fixtures/LB130(US)_1.0.json]" time="0.003"></testcase><testcase classname="test_cli" file="test_cli.py" line="77" name="test_brightness[/home/tpr/code/python-kasa/kasa/tests/fixtures/KP400(US)_1.0.json]" time="0.002"></testcase><testcase classname="test_cli" file="test_cli.py" line="77" name="test_brightness[/home/tpr/code/python-kasa/kasa/tests/fixtures/HS100(US)_1.0_real.json]" time="0.002"></testcase><testcase classname="test_cli" file="test_cli.py" line="77" name="test_brightness[/home/tpr/code/python-kasa/kasa/tests/fixtures/HS110(US)_1.0.json]" time="0.002"></testcase><testcase classname="test_cli" file="test_cli.py" line="77" name="test_brightness[/home/tpr/code/python-kasa/kasa/tests/fixtures/HS220(US)_1.0.json]" time="0.003"></testcase><testcase classname="test_cli" file="test_cli.py" line="77" name="test_brightness[/home/tpr/code/python-kasa/kasa/tests/fixtures/HS103(US)_2.1.json]" time="0.002"></testcase><testcase classname="test_cli" file="test_cli.py" line="77" name="test_brightness[/home/tpr/code/python-kasa/kasa/tests/fixtures/LB100(US)_1.0.json]" time="0.003"></testcase><testcase classname="test_cli" file="test_cli.py" line="77" name="test_brightness[/home/tpr/code/python-kasa/kasa/tests/fixtures/HS200(US)_1.0.json]" time="0.002"></testcase><testcase classname="test_cli" file="test_cli.py" line="77" name="test_brightness[/home/tpr/code/python-kasa/kasa/tests/fixtures/HS100(US)_1.0.json]" time="0.002"></testcase><testcase classname="test_cli" file="test_cli.py" line="77" name="test_brightness[/home/tpr/code/python-kasa/kasa/tests/fixtures/HS200(US)_2.0_real.json]" time="0.002"></testcase><testcase classname="test_cli" file="test_cli.py" line="77" name="test_brightness[/home/tpr/code/python-kasa/kasa/tests/fixtures/HS220(US)_1.0_real.json]" time="0.002"></testcase><testcase classname="test_cli" file="test_cli.py" line="77" name="test_brightness[/home/tpr/code/python-kasa/kasa/tests/fixtures/KL130(US)_1.0.json]" time="0.002"></testcase><testcase classname="test_cli" file="test_cli.py" line="77" name="test_brightness[/home/tpr/code/python-kasa/kasa/tests/fixtures/HS300(US)_1.0.json]" time="0.001"></testcase><testcase classname="test_cli" file="test_cli.py" line="77" name="test_brightness[/home/tpr/code/python-kasa/kasa/tests/fixtures/HS107(US)_1.0_real.json]" time="0.001"></testcase><testcase classname="test_cli" file="test_cli.py" line="77" name="test_brightness[/home/tpr/code/python-kasa/kasa/tests/fixtures/HS110(EU)_1.0_real.json]" time="0.003"></testcase><testcase classname="test_cli" file="test_cli.py" line="77" name="test_brightness[/home/tpr/code/python-kasa/kasa/tests/fixtures/HS105(US)_1.0_real.json]" time="0.001"></testcase><testcase classname="test_cli" file="test_cli.py" line="77" name="test_brightness[/home/tpr/code/python-kasa/kasa/tests/fixtures/KL60(UN)_1.0.json]" time="0.002"></testcase><testcase classname="test_cli" file="test_cli.py" line="77" name="test_brightness[/home/tpr/code/python-kasa/kasa/tests/fixtures/HS103(US)_1.0.json]" time="0.001"></testcase><testcase classname="test_cli" file="test_cli.py" line="77" name="test_brightness[/home/tpr/code/python-kasa/kasa/tests/fixtures/KP303(UK)_1.0.json]" time="0.002"></testcase><testcase classname="test_cli" file="test_cli.py" line="94" name="test_temperature[/home/tpr/code/python-kasa/kasa/tests/fixtures/HS110(EU)_2.0.json]" time="0.001"></testcase><testcase classname="test_cli" file="test_cli.py" line="94" name="test_temperature[/home/tpr/code/python-kasa/kasa/tests/fixtures/HS100(US)_2.0_real.json]" time="0.018"></testcase><testcase classname="test_cli" file="test_cli.py" line="94" name="test_temperature[/home/tpr/code/python-kasa/kasa/tests/fixtures/HS210(US)_1.0_real.json]" time="0.001"></testcase><testcase classname="test_cli" file="test_cli.py" line="94" name="test_temperature[/home/tpr/code/python-kasa/kasa/tests/fixtures/KL120(US)_1.0_real.json]" time="0.001"></testcase><testcase classname="test_cli" file="test_cli.py" line="94" name="test_temperature[/home/tpr/code/python-kasa/kasa/tests/fixtures/HS105(US)_1.0.json]" time="0.001"></testcase><testcase classname="test_cli" file="test_cli.py" line="94" name="test_temperature[/home/tpr/code/python-kasa/kasa/tests/fixtures/LB120(US)_1.0.json]" time="0.001"></testcase><testcase classname="test_cli" file="test_cli.py" line="94" name="test_temperature[/home/tpr/code/python-kasa/kasa/tests/fixtures/HS300(US)_1.0_real.json]" time="0.001"></testcase><testcase classname="test_cli" file="test_cli.py" line="94" name="test_temperature[/home/tpr/code/python-kasa/kasa/tests/fixtures/LB130(US)_1.0.json]" time="0.001"></testcase><testcase classname="test_cli" file="test_cli.py" line="94" name="test_temperature[/home/tpr/code/python-kasa/kasa/tests/fixtures/KP400(US)_1.0.json]" time="0.001"></testcase><testcase classname="test_cli" file="test_cli.py" line="94" name="test_temperature[/home/tpr/code/python-kasa/kasa/tests/fixtures/HS100(US)_1.0_real.json]" time="0.001"></testcase><testcase classname="test_cli" file="test_cli.py" line="94" name="test_temperature[/home/tpr/code/python-kasa/kasa/tests/fixtures/HS110(US)_1.0.json]" time="0.001"></testcase><testcase classname="test_cli" file="test_cli.py" line="94" name="test_temperature[/home/tpr/code/python-kasa/kasa/tests/fixtures/HS220(US)_1.0.json]" time="0.001"></testcase><testcase classname="test_cli" file="test_cli.py" line="94" name="test_temperature[/home/tpr/code/python-kasa/kasa/tests/fixtures/HS103(US)_2.1.json]" time="0.001"></testcase><testcase classname="test_cli" file="test_cli.py" line="94" name="test_temperature[/home/tpr/code/python-kasa/kasa/tests/fixtures/LB100(US)_1.0.json]" time="0.001"></testcase><testcase classname="test_cli" file="test_cli.py" line="94" name="test_temperature[/home/tpr/code/python-kasa/kasa/tests/fixtures/HS200(US)_1.0.json]" time="0.001"></testcase><testcase classname="test_cli" file="test_cli.py" line="94" name="test_temperature[/home/tpr/code/python-kasa/kasa/tests/fixtures/HS100(US)_1.0.json]" time="0.001"></testcase><testcase classname="test_cli" file="test_cli.py" line="94" name="test_temperature[/home/tpr/code/python-kasa/kasa/tests/fixtures/HS200(US)_2.0_real.json]" time="0.001"></testcase><testcase classname="test_cli" file="test_cli.py" line="94" name="test_temperature[/home/tpr/code/python-kasa/kasa/tests/fixtures/HS220(US)_1.0_real.json]" time="0.001"></testcase><testcase classname="test_cli" file="test_cli.py" line="94" name="test_temperature[/home/tpr/code/python-kasa/kasa/tests/fixtures/KL130(US)_1.0.json]" time="0.001"></testcase><testcase classname="test_cli" file="test_cli.py" line="94" name="test_temperature[/home/tpr/code/python-kasa/kasa/tests/fixtures/HS300(US)_1.0.json]" time="0.001"></testcase><testcase classname="test_cli" file="test_cli.py" line="94" name="test_temperature[/home/tpr/code/python-kasa/kasa/tests/fixtures/HS107(US)_1.0_real.json]" time="0.001"></testcase><testcase classname="test_cli" file="test_cli.py" line="94" name="test_temperature[/home/tpr/code/python-kasa/kasa/tests/fixtures/HS110(EU)_1.0_real.json]" time="0.002"></testcase><testcase classname="test_cli" file="test_cli.py" line="94" name="test_temperature[/home/tpr/code/python-kasa/kasa/tests/fixtures/HS105(US)_1.0_real.json]" time="0.001"></testcase><testcase classname="test_cli" file="test_cli.py" line="94" name="test_temperature[/home/tpr/code/python-kasa/kasa/tests/fixtures/KL60(UN)_1.0.json]" time="0.001"></testcase><testcase classname="test_cli" file="test_cli.py" line="94" name="test_temperature[/home/tpr/code/python-kasa/kasa/tests/fixtures/HS103(US)_1.0.json]" time="0.001"></testcase><testcase classname="test_cli" file="test_cli.py" line="94" name="test_temperature[/home/tpr/code/python-kasa/kasa/tests/fixtures/KP303(UK)_1.0.json]" time="0.002"></testcase><testcase classname="test_cli" file="test_cli.py" line="98" name="test_hsv[/home/tpr/code/python-kasa/kasa/tests/fixtures/HS110(EU)_2.0.json]" time="0.001"></testcase><testcase classname="test_cli" file="test_cli.py" line="98" name="test_hsv[/home/tpr/code/python-kasa/kasa/tests/fixtures/HS100(US)_2.0_real.json]" time="0.001"></testcase><testcase classname="test_cli" file="test_cli.py" line="98" name="test_hsv[/home/tpr/code/python-kasa/kasa/tests/fixtures/HS210(US)_1.0_real.json]" time="0.001"></testcase><testcase classname="test_cli" file="test_cli.py" line="98" name="test_hsv[/home/tpr/code/python-kasa/kasa/tests/fixtures/KL120(US)_1.0_real.json]" time="0.001"></testcase><testcase classname="test_cli" file="test_cli.py" line="98" name="test_hsv[/home/tpr/code/python-kasa/kasa/tests/fixtures/HS105(US)_1.0.json]" time="0.001"></testcase><testcase classname="test_cli" file="test_cli.py" line="98" name="test_hsv[/home/tpr/code/python-kasa/kasa/tests/fixtures/LB120(US)_1.0.json]" time="0.001"></testcase><testcase classname="test_cli" file="test_cli.py" line="98" name="test_hsv[/home/tpr/code/python-kasa/kasa/tests/fixtures/HS300(US)_1.0_real.json]" time="0.001"></testcase><testcase classname="test_cli" file="test_cli.py" line="98" name="test_hsv[/home/tpr/code/python-kasa/kasa/tests/fixtures/LB130(US)_1.0.json]" time="0.001"></testcase><testcase classname="test_cli" file="test_cli.py" line="98" name="test_hsv[/home/tpr/code/python-kasa/kasa/tests/fixtures/KP400(US)_1.0.json]" time="0.001"></testcase><testcase classname="test_cli" file="test_cli.py" line="98" name="test_hsv[/home/tpr/code/python-kasa/kasa/tests/fixtures/HS100(US)_1.0_real.json]" time="0.001"></testcase><testcase classname="test_cli" file="test_cli.py" line="98" name="test_hsv[/home/tpr/code/python-kasa/kasa/tests/fixtures/HS110(US)_1.0.json]" time="0.001"></testcase><testcase classname="test_cli" file="test_cli.py" line="98" name="test_hsv[/home/tpr/code/python-kasa/kasa/tests/fixtures/HS220(US)_1.0.json]" time="0.001"></testcase><testcase classname="test_cli" file="test_cli.py" line="98" name="test_hsv[/home/tpr/code/python-kasa/kasa/tests/fixtures/HS103(US)_2.1.json]" time="0.001"></testcase><testcase classname="test_cli" file="test_cli.py" line="98" name="test_hsv[/home/tpr/code/python-kasa/kasa/tests/fixtures/LB100(US)_1.0.json]" time="0.001"></testcase><testcase classname="test_cli" file="test_cli.py" line="98" name="test_hsv[/home/tpr/code/python-kasa/kasa/tests/fixtures/HS200(US)_1.0.json]" time="0.001"></testcase><testcase classname="test_cli" file="test_cli.py" line="98" name="test_hsv[/home/tpr/code/python-kasa/kasa/tests/fixtures/HS100(US)_1.0.json]" time="0.001"></testcase><testcase classname="test_cli" file="test_cli.py" line="98" name="test_hsv[/home/tpr/code/python-kasa/kasa/tests/fixtures/HS200(US)_2.0_real.json]" time="0.001"></testcase><testcase classname="test_cli" file="test_cli.py" line="98" name="test_hsv[/home/tpr/code/python-kasa/kasa/tests/fixtures/HS220(US)_1.0_real.json]" time="0.001"></testcase><testcase classname="test_cli" file="test_cli.py" line="98" name="test_hsv[/home/tpr/code/python-kasa/kasa/tests/fixtures/KL130(US)_1.0.json]" time="0.001"></testcase><testcase classname="test_cli" file="test_cli.py" line="98" name="test_hsv[/home/tpr/code/python-kasa/kasa/tests/fixtures/HS300(US)_1.0.json]" time="0.001"></testcase><testcase classname="test_cli" file="test_cli.py" line="98" name="test_hsv[/home/tpr/code/python-kasa/kasa/tests/fixtures/HS107(US)_1.0_real.json]" time="0.001"></testcase><testcase classname="test_cli" file="test_cli.py" line="98" name="test_hsv[/home/tpr/code/python-kasa/kasa/tests/fixtures/HS110(EU)_1.0_real.json]" time="0.002"></testcase><testcase classname="test_cli" file="test_cli.py" line="98" name="test_hsv[/home/tpr/code/python-kasa/kasa/tests/fixtures/HS105(US)_1.0_real.json]" time="0.001"></testcase><testcase classname="test_cli" file="test_cli.py" line="98" name="test_hsv[/home/tpr/code/python-kasa/kasa/tests/fixtures/KL60(UN)_1.0.json]" time="0.001"></testcase><testcase classname="test_cli" file="test_cli.py" line="98" name="test_hsv[/home/tpr/code/python-kasa/kasa/tests/fixtures/HS103(US)_1.0.json]" time="0.001"></testcase><testcase classname="test_cli" file="test_cli.py" line="98" name="test_hsv[/home/tpr/code/python-kasa/kasa/tests/fixtures/KP303(UK)_1.0.json]" time="0.001"></testcase><testcase classname="test_cli" file="test_cli.py" line="102" name="test_led[/home/tpr/code/python-kasa/kasa/tests/fixtures/HS110(EU)_2.0.json]" time="0.001"></testcase><testcase classname="test_cli" file="test_cli.py" line="102" name="test_led[/home/tpr/code/python-kasa/kasa/tests/fixtures/HS100(US)_2.0_real.json]" time="0.001"></testcase><testcase classname="test_cli" file="test_cli.py" line="102" name="test_led[/home/tpr/code/python-kasa/kasa/tests/fixtures/HS210(US)_1.0_real.json]" time="0.001"></testcase><testcase classname="test_cli" file="test_cli.py" line="102" name="test_led[/home/tpr/code/python-kasa/kasa/tests/fixtures/KL120(US)_1.0_real.json]" time="0.001"></testcase><testcase classname="test_cli" file="test_cli.py" line="102" name="test_led[/home/tpr/code/python-kasa/kasa/tests/fixtures/HS105(US)_1.0.json]" time="0.001"></testcase><testcase classname="test_cli" file="test_cli.py" line="102" name="test_led[/home/tpr/code/python-kasa/kasa/tests/fixtures/LB120(US)_1.0.json]" time="0.001"></testcase><testcase classname="test_cli" file="test_cli.py" line="102" name="test_led[/home/tpr/code/python-kasa/kasa/tests/fixtures/HS300(US)_1.0_real.json]" time="0.001"></testcase><testcase classname="test_cli" file="test_cli.py" line="102" name="test_led[/home/tpr/code/python-kasa/kasa/tests/fixtures/LB130(US)_1.0.json]" time="0.001"></testcase><testcase classname="test_cli" file="test_cli.py" line="102" name="test_led[/home/tpr/code/python-kasa/kasa/tests/fixtures/KP400(US)_1.0.json]" time="0.001"></testcase><testcase classname="test_cli" file="test_cli.py" line="102" name="test_led[/home/tpr/code/python-kasa/kasa/tests/fixtures/HS100(US)_1.0_real.json]" time="0.001"></testcase><testcase classname="test_cli" file="test_cli.py" line="102" name="test_led[/home/tpr/code/python-kasa/kasa/tests/fixtures/HS110(US)_1.0.json]" time="0.001"></testcase><testcase classname="test_cli" file="test_cli.py" line="102" name="test_led[/home/tpr/code/python-kasa/kasa/tests/fixtures/HS220(US)_1.0.json]" time="0.001"></testcase><testcase classname="test_cli" file="test_cli.py" line="102" name="test_led[/home/tpr/code/python-kasa/kasa/tests/fixtures/HS103(US)_2.1.json]" time="0.001"></testcase><testcase classname="test_cli" file="test_cli.py" line="102" name="test_led[/home/tpr/code/python-kasa/kasa/tests/fixtures/LB100(US)_1.0.json]" time="0.001"></testcase><testcase classname="test_cli" file="test_cli.py" line="102" name="test_led[/home/tpr/code/python-kasa/kasa/tests/fixtures/HS200(US)_1.0.json]" time="0.001"></testcase><testcase classname="test_cli" file="test_cli.py" line="102" name="test_led[/home/tpr/code/python-kasa/kasa/tests/fixtures/HS100(US)_1.0.json]" time="0.002"></testcase><testcase classname="test_cli" file="test_cli.py" line="102" name="test_led[/home/tpr/code/python-kasa/kasa/tests/fixtures/HS200(US)_2.0_real.json]" time="0.001"></testcase><testcase classname="test_cli" file="test_cli.py" line="102" name="test_led[/home/tpr/code/python-kasa/kasa/tests/fixtures/HS220(US)_1.0_real.json]" time="0.001"></testcase><testcase classname="test_cli" file="test_cli.py" line="102" name="test_led[/home/tpr/code/python-kasa/kasa/tests/fixtures/KL130(US)_1.0.json]" time="0.001"></testcase><testcase classname="test_cli" file="test_cli.py" line="102" name="test_led[/home/tpr/code/python-kasa/kasa/tests/fixtures/HS300(US)_1.0.json]" time="0.001"></testcase><testcase classname="test_cli" file="test_cli.py" line="102" name="test_led[/home/tpr/code/python-kasa/kasa/tests/fixtures/HS107(US)_1.0_real.json]" time="0.001"></testcase><testcase classname="test_cli" file="test_cli.py" line="102" name="test_led[/home/tpr/code/python-kasa/kasa/tests/fixtures/HS110(EU)_1.0_real.json]" time="0.001"></testcase><testcase classname="test_cli" file="test_cli.py" line="102" name="test_led[/home/tpr/code/python-kasa/kasa/tests/fixtures/HS105(US)_1.0_real.json]" time="0.001"></testcase><testcase classname="test_cli" file="test_cli.py" line="102" name="test_led[/home/tpr/code/python-kasa/kasa/tests/fixtures/KL60(UN)_1.0.json]" time="0.001"></testcase><testcase classname="test_cli" file="test_cli.py" line="102" name="test_led[/home/tpr/code/python-kasa/kasa/tests/fixtures/HS103(US)_1.0.json]" time="0.001"></testcase><testcase classname="test_cli" file="test_cli.py" line="102" name="test_led[/home/tpr/code/python-kasa/kasa/tests/fixtures/KP303(UK)_1.0.json]" time="0.001"></testcase><testcase classname="test_cli" file="test_cli.py" line="106" name="test_on[/home/tpr/code/python-kasa/kasa/tests/fixtures/HS110(EU)_2.0.json]" time="0.001"></testcase><testcase classname="test_cli" file="test_cli.py" line="106" name="test_on[/home/tpr/code/python-kasa/kasa/tests/fixtures/HS100(US)_2.0_real.json]" time="0.001"></testcase><testcase classname="test_cli" file="test_cli.py" line="106" name="test_on[/home/tpr/code/python-kasa/kasa/tests/fixtures/HS210(US)_1.0_real.json]" time="0.001"></testcase><testcase classname="test_cli" file="test_cli.py" line="106" name="test_on[/home/tpr/code/python-kasa/kasa/tests/fixtures/KL120(US)_1.0_real.json]" time="0.001"></testcase><testcase classname="test_cli" file="test_cli.py" line="106" name="test_on[/home/tpr/code/python-kasa/kasa/tests/fixtures/HS105(US)_1.0.json]" time="0.001"></testcase><testcase classname="test_cli" file="test_cli.py" line="106" name="test_on[/home/tpr/code/python-kasa/kasa/tests/fixtures/LB120(US)_1.0.json]" time="0.001"></testcase><testcase classname="test_cli" file="test_cli.py" line="106" name="test_on[/home/tpr/code/python-kasa/kasa/tests/fixtures/HS300(US)_1.0_real.json]" time="0.001"></testcase><testcase classname="test_cli" file="test_cli.py" line="106" name="test_on[/home/tpr/code/python-kasa/kasa/tests/fixtures/LB130(US)_1.0.json]" time="0.001"></testcase><testcase classname="test_cli" file="test_cli.py" line="106" name="test_on[/home/tpr/code/python-kasa/kasa/tests/fixtures/KP400(US)_1.0.json]" time="0.001"></testcase><testcase classname="test_cli" file="test_cli.py" line="106" name="test_on[/home/tpr/code/python-kasa/kasa/tests/fixtures/HS100(US)_1.0_real.json]" time="0.001"></testcase><testcase classname="test_cli" file="test_cli.py" line="106" name="test_on[/home/tpr/code/python-kasa/kasa/tests/fixtures/HS110(US)_1.0.json]" time="0.001"></testcase><testcase classname="test_cli" file="test_cli.py" line="106" name="test_on[/home/tpr/code/python-kasa/kasa/tests/fixtures/HS220(US)_1.0.json]" time="0.001"></testcase><testcase classname="test_cli" file="test_cli.py" line="106" name="test_on[/home/tpr/code/python-kasa/kasa/tests/fixtures/HS103(US)_2.1.json]" time="0.001"></testcase><testcase classname="test_cli" file="test_cli.py" line="106" name="test_on[/home/tpr/code/python-kasa/kasa/tests/fixtures/LB100(US)_1.0.json]" time="0.001"></testcase><testcase classname="test_cli" file="test_cli.py" line="106" name="test_on[/home/tpr/code/python-kasa/kasa/tests/fixtures/HS200(US)_1.0.json]" time="0.001"></testcase><testcase classname="test_cli" file="test_cli.py" line="106" name="test_on[/home/tpr/code/python-kasa/kasa/tests/fixtures/HS100(US)_1.0.json]" time="0.001"></testcase><testcase classname="test_cli" file="test_cli.py" line="106" name="test_on[/home/tpr/code/python-kasa/kasa/tests/fixtures/HS200(US)_2.0_real.json]" time="0.001"></testcase><testcase classname="test_cli" file="test_cli.py" line="106" name="test_on[/home/tpr/code/python-kasa/kasa/tests/fixtures/HS220(US)_1.0_real.json]" time="0.001"></testcase><testcase classname="test_cli" file="test_cli.py" line="106" name="test_on[/home/tpr/code/python-kasa/kasa/tests/fixtures/KL130(US)_1.0.json]" time="0.001"></testcase><testcase classname="test_cli" file="test_cli.py" line="106" name="test_on[/home/tpr/code/python-kasa/kasa/tests/fixtures/HS300(US)_1.0.json]" time="0.001"></testcase><testcase classname="test_cli" file="test_cli.py" line="106" name="test_on[/home/tpr/code/python-kasa/kasa/tests/fixtures/HS107(US)_1.0_real.json]" time="0.001"></testcase><testcase classname="test_cli" file="test_cli.py" line="106" name="test_on[/home/tpr/code/python-kasa/kasa/tests/fixtures/HS110(EU)_1.0_real.json]" time="0.001"></testcase><testcase classname="test_cli" file="test_cli.py" line="106" name="test_on[/home/tpr/code/python-kasa/kasa/tests/fixtures/HS105(US)_1.0_real.json]" time="0.001"></testcase><testcase classname="test_cli" file="test_cli.py" line="106" name="test_on[/home/tpr/code/python-kasa/kasa/tests/fixtures/KL60(UN)_1.0.json]" time="0.001"></testcase><testcase classname="test_cli" file="test_cli.py" line="106" name="test_on[/home/tpr/code/python-kasa/kasa/tests/fixtures/HS103(US)_1.0.json]" time="0.001"></testcase><testcase classname="test_cli" file="test_cli.py" line="106" name="test_on[/home/tpr/code/python-kasa/kasa/tests/fixtures/KP303(UK)_1.0.json]" time="0.001"></testcase><testcase classname="test_cli" file="test_cli.py" line="110" name="test_off[/home/tpr/code/python-kasa/kasa/tests/fixtures/HS110(EU)_2.0.json]" time="0.001"></testcase><testcase classname="test_cli" file="test_cli.py" line="110" name="test_off[/home/tpr/code/python-kasa/kasa/tests/fixtures/HS100(US)_2.0_real.json]" time="0.001"></testcase><testcase classname="test_cli" file="test_cli.py" line="110" name="test_off[/home/tpr/code/python-kasa/kasa/tests/fixtures/HS210(US)_1.0_real.json]" time="0.001"></testcase><testcase classname="test_cli" file="test_cli.py" line="110" name="test_off[/home/tpr/code/python-kasa/kasa/tests/fixtures/KL120(US)_1.0_real.json]" time="0.001"></testcase><testcase classname="test_cli" file="test_cli.py" line="110" name="test_off[/home/tpr/code/python-kasa/kasa/tests/fixtures/HS105(US)_1.0.json]" time="0.001"></testcase><testcase classname="test_cli" file="test_cli.py" line="110" name="test_off[/home/tpr/code/python-kasa/kasa/tests/fixtures/LB120(US)_1.0.json]" time="0.001"></testcase><testcase classname="test_cli" file="test_cli.py" line="110" name="test_off[/home/tpr/code/python-kasa/kasa/tests/fixtures/HS300(US)_1.0_real.json]" time="0.001"></testcase><testcase classname="test_cli" file="test_cli.py" line="110" name="test_off[/home/tpr/code/python-kasa/kasa/tests/fixtures/LB130(US)_1.0.json]" time="0.001"></testcase><testcase classname="test_cli" file="test_cli.py" line="110" name="test_off[/home/tpr/code/python-kasa/kasa/tests/fixtures/KP400(US)_1.0.json]" time="0.001"></testcase><testcase classname="test_cli" file="test_cli.py" line="110" name="test_off[/home/tpr/code/python-kasa/kasa/tests/fixtures/HS100(US)_1.0_real.json]" time="0.001"></testcase><testcase classname="test_cli" file="test_cli.py" line="110" name="test_off[/home/tpr/code/python-kasa/kasa/tests/fixtures/HS110(US)_1.0.json]" time="0.001"></testcase><testcase classname="test_cli" file="test_cli.py" line="110" name="test_off[/home/tpr/code/python-kasa/kasa/tests/fixtures/HS220(US)_1.0.json]" time="0.001"></testcase><testcase classname="test_cli" file="test_cli.py" line="110" name="test_off[/home/tpr/code/python-kasa/kasa/tests/fixtures/HS103(US)_2.1.json]" time="0.001"></testcase><testcase classname="test_cli" file="test_cli.py" line="110" name="test_off[/home/tpr/code/python-kasa/kasa/tests/fixtures/LB100(US)_1.0.json]" time="0.001"></testcase><testcase classname="test_cli" file="test_cli.py" line="110" name="test_off[/home/tpr/code/python-kasa/kasa/tests/fixtures/HS200(US)_1.0.json]" time="0.001"></testcase><testcase classname="test_cli" file="test_cli.py" line="110" name="test_off[/home/tpr/code/python-kasa/kasa/tests/fixtures/HS100(US)_1.0.json]" time="0.001"></testcase><testcase classname="test_cli" file="test_cli.py" line="110" name="test_off[/home/tpr/code/python-kasa/kasa/tests/fixtures/HS200(US)_2.0_real.json]" time="0.001"></testcase><testcase classname="test_cli" file="test_cli.py" line="110" name="test_off[/home/tpr/code/python-kasa/kasa/tests/fixtures/HS220(US)_1.0_real.json]" time="0.001"></testcase><testcase classname="test_cli" file="test_cli.py" line="110" name="test_off[/home/tpr/code/python-kasa/kasa/tests/fixtures/KL130(US)_1.0.json]" time="0.001"></testcase><testcase classname="test_cli" file="test_cli.py" line="110" name="test_off[/home/tpr/code/python-kasa/kasa/tests/fixtures/HS300(US)_1.0.json]" time="0.001"></testcase><testcase classname="test_cli" file="test_cli.py" line="110" name="test_off[/home/tpr/code/python-kasa/kasa/tests/fixtures/HS107(US)_1.0_real.json]" time="0.001"></testcase><testcase classname="test_cli" file="test_cli.py" line="110" name="test_off[/home/tpr/code/python-kasa/kasa/tests/fixtures/HS110(EU)_1.0_real.json]" time="0.001"></testcase><testcase classname="test_cli" file="test_cli.py" line="110" name="test_off[/home/tpr/code/python-kasa/kasa/tests/fixtures/HS105(US)_1.0_real.json]" time="0.001"></testcase><testcase classname="test_cli" file="test_cli.py" line="110" name="test_off[/home/tpr/code/python-kasa/kasa/tests/fixtures/KL60(UN)_1.0.json]" time="0.001"></testcase><testcase classname="test_cli" file="test_cli.py" line="110" name="test_off[/home/tpr/code/python-kasa/kasa/tests/fixtures/HS103(US)_1.0.json]" time="0.001"></testcase><testcase classname="test_cli" file="test_cli.py" line="110" name="test_off[/home/tpr/code/python-kasa/kasa/tests/fixtures/KP303(UK)_1.0.json]" time="0.001"></testcase><testcase classname="test_cli" file="test_cli.py" line="114" name="test_reboot[/home/tpr/code/python-kasa/kasa/tests/fixtures/HS110(EU)_2.0.json]" time="0.001"></testcase><testcase classname="test_cli" file="test_cli.py" line="114" name="test_reboot[/home/tpr/code/python-kasa/kasa/tests/fixtures/HS100(US)_2.0_real.json]" time="0.001"></testcase><testcase classname="test_cli" file="test_cli.py" line="114" name="test_reboot[/home/tpr/code/python-kasa/kasa/tests/fixtures/HS210(US)_1.0_real.json]" time="0.002"></testcase><testcase classname="test_cli" file="test_cli.py" line="114" name="test_reboot[/home/tpr/code/python-kasa/kasa/tests/fixtures/KL120(US)_1.0_real.json]" time="0.001"></testcase><testcase classname="test_cli" file="test_cli.py" line="114" name="test_reboot[/home/tpr/code/python-kasa/kasa/tests/fixtures/HS105(US)_1.0.json]" time="0.001"></testcase><testcase classname="test_cli" file="test_cli.py" line="114" name="test_reboot[/home/tpr/code/python-kasa/kasa/tests/fixtures/LB120(US)_1.0.json]" time="0.001"></testcase><testcase classname="test_cli" file="test_cli.py" line="114" name="test_reboot[/home/tpr/code/python-kasa/kasa/tests/fixtures/HS300(US)_1.0_real.json]" time="0.001"></testcase><testcase classname="test_cli" file="test_cli.py" line="114" name="test_reboot[/home/tpr/code/python-kasa/kasa/tests/fixtures/LB130(US)_1.0.json]" time="0.001"></testcase><testcase classname="test_cli" file="test_cli.py" line="114" name="test_reboot[/home/tpr/code/python-kasa/kasa/tests/fixtures/KP400(US)_1.0.json]" time="0.001"></testcase><testcase classname="test_cli" file="test_cli.py" line="114" name="test_reboot[/home/tpr/code/python-kasa/kasa/tests/fixtures/HS100(US)_1.0_real.json]" time="0.001"></testcase><testcase classname="test_cli" file="test_cli.py" line="114" name="test_reboot[/home/tpr/code/python-kasa/kasa/tests/fixtures/HS110(US)_1.0.json]" time="0.001"></testcase><testcase classname="test_cli" file="test_cli.py" line="114" name="test_reboot[/home/tpr/code/python-kasa/kasa/tests/fixtures/HS220(US)_1.0.json]" time="0.001"></testcase><testcase classname="test_cli" file="test_cli.py" line="114" name="test_reboot[/home/tpr/code/python-kasa/kasa/tests/fixtures/HS103(US)_2.1.json]" time="0.001"></testcase><testcase classname="test_cli" file="test_cli.py" line="114" name="test_reboot[/home/tpr/code/python-kasa/kasa/tests/fixtures/LB100(US)_1.0.json]" time="0.001"></testcase><testcase classname="test_cli" file="test_cli.py" line="114" name="test_reboot[/home/tpr/code/python-kasa/kasa/tests/fixtures/HS200(US)_1.0.json]" time="0.001"></testcase><testcase classname="test_cli" file="test_cli.py" line="114" name="test_reboot[/home/tpr/code/python-kasa/kasa/tests/fixtures/HS100(US)_1.0.json]" time="0.001"></testcase><testcase classname="test_cli" file="test_cli.py" line="114" name="test_reboot[/home/tpr/code/python-kasa/kasa/tests/fixtures/HS200(US)_2.0_real.json]" time="0.001"></testcase><testcase classname="test_cli" file="test_cli.py" line="114" name="test_reboot[/home/tpr/code/python-kasa/kasa/tests/fixtures/HS220(US)_1.0_real.json]" time="0.001"></testcase><testcase classname="test_cli" file="test_cli.py" line="114" name="test_reboot[/home/tpr/code/python-kasa/kasa/tests/fixtures/KL130(US)_1.0.json]" time="0.001"></testcase><testcase classname="test_cli" file="test_cli.py" line="114" name="test_reboot[/home/tpr/code/python-kasa/kasa/tests/fixtures/HS300(US)_1.0.json]" time="0.001"></testcase><testcase classname="test_cli" file="test_cli.py" line="114" name="test_reboot[/home/tpr/code/python-kasa/kasa/tests/fixtures/HS107(US)_1.0_real.json]" time="0.001"></testcase><testcase classname="test_cli" file="test_cli.py" line="114" name="test_reboot[/home/tpr/code/python-kasa/kasa/tests/fixtures/HS110(EU)_1.0_real.json]" time="0.001"></testcase><testcase classname="test_cli" file="test_cli.py" line="114" name="test_reboot[/home/tpr/code/python-kasa/kasa/tests/fixtures/HS105(US)_1.0_real.json]" time="0.001"></testcase><testcase classname="test_cli" file="test_cli.py" line="114" name="test_reboot[/home/tpr/code/python-kasa/kasa/tests/fixtures/KL60(UN)_1.0.json]" time="0.001"></testcase><testcase classname="test_cli" file="test_cli.py" line="114" name="test_reboot[/home/tpr/code/python-kasa/kasa/tests/fixtures/HS103(US)_1.0.json]" time="0.001"></testcase><testcase classname="test_cli" file="test_cli.py" line="114" name="test_reboot[/home/tpr/code/python-kasa/kasa/tests/fixtures/KP303(UK)_1.0.json]" time="0.001"></testcase><testcase classname="test_dimmer" file="test_dimmer.py" line="7" name="test_set_brightness[True-HS220(US)_1.0.json]" time="0.001"></testcase><testcase classname="test_dimmer" file="test_dimmer.py" line="7" name="test_set_brightness[True-HS220(US)_1.0_real.json]" time="0.001"></testcase><testcase classname="test_dimmer" file="test_dimmer.py" line="7" name="test_set_brightness[False-HS220(US)_1.0.json]" time="0.001"></testcase><testcase classname="test_dimmer" file="test_dimmer.py" line="7" name="test_set_brightness[False-HS220(US)_1.0_real.json]" time="0.001"></testcase><testcase classname="test_dimmer" file="test_dimmer.py" line="21" name="test_set_brightness_transition[True-HS220(US)_1.0.json]" time="0.003"></testcase><testcase classname="test_dimmer" file="test_dimmer.py" line="21" name="test_set_brightness_transition[True-HS220(US)_1.0_real.json]" time="0.004"></testcase><testcase classname="test_dimmer" file="test_dimmer.py" line="21" name="test_set_brightness_transition[False-HS220(US)_1.0.json]" time="0.003"></testcase><testcase classname="test_dimmer" file="test_dimmer.py" line="21" name="test_set_brightness_transition[False-HS220(US)_1.0_real.json]" time="0.004"></testcase><testcase classname="test_dimmer" file="test_dimmer.py" line="42" name="test_set_brightness_invalid[HS220(US)_1.0.json]" time="0.001"></testcase><testcase classname="test_dimmer" file="test_dimmer.py" line="42" name="test_set_brightness_invalid[HS220(US)_1.0_real.json]" time="0.001"></testcase><testcase classname="test_dimmer" file="test_dimmer.py" line="53" name="test_turn_on_transition[HS220(US)_1.0.json]" time="0.003"></testcase><testcase classname="test_dimmer" file="test_dimmer.py" line="53" name="test_turn_on_transition[HS220(US)_1.0_real.json]" time="0.003"></testcase><testcase classname="test_dimmer" file="test_dimmer.py" line="70" name="test_turn_off_transition[HS220(US)_1.0.json]" time="0.003"></testcase><testcase classname="test_dimmer" file="test_dimmer.py" line="70" name="test_turn_off_transition[HS220(US)_1.0_real.json]" time="0.003"></testcase><testcase classname="test_dimmer" file="test_dimmer.py" line="88" name="test_set_dimmer_transition[True-HS220(US)_1.0.json]" time="0.003"></testcase><testcase classname="test_dimmer" file="test_dimmer.py" line="88" name="test_set_dimmer_transition[True-HS220(US)_1.0_real.json]" time="0.003"></testcase><testcase classname="test_dimmer" file="test_dimmer.py" line="88" name="test_set_dimmer_transition[False-HS220(US)_1.0.json]" time="0.003"></testcase><testcase classname="test_dimmer" file="test_dimmer.py" line="88" name="test_set_dimmer_transition[False-HS220(US)_1.0_real.json]" time="0.003"></testcase><testcase classname="test_dimmer" file="test_dimmer.py" line="106" name="test_set_dimmer_transition_to_off[True-HS220(US)_1.0.json]" time="0.004"></testcase><testcase classname="test_dimmer" file="test_dimmer.py" line="106" name="test_set_dimmer_transition_to_off[True-HS220(US)_1.0_real.json]" time="0.003"></testcase><testcase classname="test_dimmer" file="test_dimmer.py" line="106" name="test_set_dimmer_transition_to_off[False-HS220(US)_1.0.json]" time="0.003"></testcase><testcase classname="test_dimmer" file="test_dimmer.py" line="106" name="test_set_dimmer_transition_to_off[False-HS220(US)_1.0_real.json]" time="0.004"></testcase><testcase classname="test_dimmer" file="test_dimmer.py" line="125" name="test_set_dimmer_transition_invalid[HS220(US)_1.0.json]" time="0.001"></testcase><testcase classname="test_dimmer" file="test_dimmer.py" line="125" name="test_set_dimmer_transition_invalid[HS220(US)_1.0_real.json]" time="0.001"></testcase><testcase classname="test_discovery" file="test_discovery.py" line="8" name="test_type_detection_plug[HS110(EU)_2.0.json]" time="0.001"></testcase><testcase classname="test_discovery" file="test_discovery.py" line="8" name="test_type_detection_plug[HS100(US)_2.0_real.json]" time="0.001"></testcase><testcase classname="test_discovery" file="test_discovery.py" line="8" name="test_type_detection_plug[HS210(US)_1.0_real.json]" time="0.001"></testcase><testcase classname="test_discovery" file="test_discovery.py" line="8" name="test_type_detection_plug[HS105(US)_1.0.json]" time="0.001"></testcase><testcase classname="test_discovery" file="test_discovery.py" line="8" name="test_type_detection_plug[HS100(US)_1.0_real.json]" time="0.001"></testcase><testcase classname="test_discovery" file="test_discovery.py" line="8" name="test_type_detection_plug[HS110(US)_1.0.json]" time="0.002"></testcase><testcase classname="test_discovery" file="test_discovery.py" line="8" name="test_type_detection_plug[HS103(US)_2.1.json]" time="0.001"></testcase><testcase classname="test_discovery" file="test_discovery.py" line="8" name="test_type_detection_plug[HS200(US)_1.0.json]" time="0.001"></testcase><testcase classname="test_discovery" file="test_discovery.py" line="8" name="test_type_detection_plug[HS100(US)_1.0.json]" time="0.001"></testcase><testcase classname="test_discovery" file="test_discovery.py" line="8" name="test_type_detection_plug[HS200(US)_2.0_real.json]" time="0.002"></testcase><testcase classname="test_discovery" file="test_discovery.py" line="8" name="test_type_detection_plug[HS110(EU)_1.0_real.json]" time="0.002"></testcase><testcase classname="test_discovery" file="test_discovery.py" line="8" name="test_type_detection_plug[HS105(US)_1.0_real.json]" time="0.001"></testcase><testcase classname="test_discovery" file="test_discovery.py" line="8" name="test_type_detection_plug[HS103(US)_1.0.json]" time="0.001"></testcase><testcase classname="test_discovery" file="test_discovery.py" line="15" name="test_type_detection_bulb[KL120(US)_1.0_real.json]" time="0.001"></testcase><testcase classname="test_discovery" file="test_discovery.py" line="15" name="test_type_detection_bulb[LB120(US)_1.0.json]" time="0.001"></testcase><testcase classname="test_discovery" file="test_discovery.py" line="15" name="test_type_detection_bulb[LB130(US)_1.0.json]" time="0.001"></testcase><testcase classname="test_discovery" file="test_discovery.py" line="15" name="test_type_detection_bulb[LB100(US)_1.0.json]" time="0.001"></testcase><testcase classname="test_discovery" file="test_discovery.py" line="15" name="test_type_detection_bulb[KL130(US)_1.0.json]" time="0.001"></testcase><testcase classname="test_discovery" file="test_discovery.py" line="15" name="test_type_detection_bulb[KL60(UN)_1.0.json]" time="0.001"></testcase><testcase classname="test_discovery" file="test_discovery.py" line="22" name="test_type_detection_strip[HS300(US)_1.0_real.json]" time="0.001"></testcase><testcase classname="test_discovery" file="test_discovery.py" line="22" name="test_type_detection_strip[KP400(US)_1.0.json]" time="0.001"></testcase><testcase classname="test_discovery" file="test_discovery.py" line="22" name="test_type_detection_strip[HS300(US)_1.0.json]" time="0.001"></testcase><testcase classname="test_discovery" file="test_discovery.py" line="22" name="test_type_detection_strip[HS107(US)_1.0_real.json]" time="0.001"></testcase><testcase classname="test_discovery" file="test_discovery.py" line="22" name="test_type_detection_strip[KP303(UK)_1.0.json]" time="0.001"></testcase><testcase classname="test_discovery" file="test_discovery.py" line="29" name="test_type_detection_dimmer[HS220(US)_1.0.json]" time="0.001"></testcase><testcase classname="test_discovery" file="test_discovery.py" line="29" name="test_type_detection_dimmer[HS220(US)_1.0_real.json]" time="0.001"></testcase><testcase classname="test_discovery" file="test_discovery.py" line="36" name="test_type_unknown" time="0.001"></testcase><testcase classname="test_emeter" file="test_emeter.py" line="8" name="test_no_emeter[/home/tpr/code/python-kasa/kasa/tests/fixtures/HS100(US)_2.0_real.json]" time="0.001"></testcase><testcase classname="test_emeter" file="test_emeter.py" line="8" name="test_no_emeter[/home/tpr/code/python-kasa/kasa/tests/fixtures/HS210(US)_1.0_real.json]" time="0.001"></testcase><testcase classname="test_emeter" file="test_emeter.py" line="8" name="test_no_emeter[/home/tpr/code/python-kasa/kasa/tests/fixtures/HS105(US)_1.0.json]" time="0.001"></testcase><testcase classname="test_emeter" file="test_emeter.py" line="8" name="test_no_emeter[/home/tpr/code/python-kasa/kasa/tests/fixtures/HS100(US)_1.0_real.json]" time="0.002"></testcase><testcase classname="test_emeter" file="test_emeter.py" line="8" name="test_no_emeter[/home/tpr/code/python-kasa/kasa/tests/fixtures/HS220(US)_1.0.json]" time="0.001"></testcase><testcase classname="test_emeter" file="test_emeter.py" line="8" name="test_no_emeter[/home/tpr/code/python-kasa/kasa/tests/fixtures/HS103(US)_2.1.json]" time="0.001"></testcase><testcase classname="test_emeter" file="test_emeter.py" line="8" name="test_no_emeter[/home/tpr/code/python-kasa/kasa/tests/fixtures/HS200(US)_1.0.json]" time="0.001"></testcase><testcase classname="test_emeter" file="test_emeter.py" line="8" name="test_no_emeter[/home/tpr/code/python-kasa/kasa/tests/fixtures/HS100(US)_1.0.json]" time="0.001"></testcase><testcase classname="test_emeter" file="test_emeter.py" line="8" name="test_no_emeter[/home/tpr/code/python-kasa/kasa/tests/fixtures/HS200(US)_2.0_real.json]" time="0.001"></testcase><testcase classname="test_emeter" file="test_emeter.py" line="8" name="test_no_emeter[/home/tpr/code/python-kasa/kasa/tests/fixtures/HS220(US)_1.0_real.json]" time="0.001"></testcase><testcase classname="test_emeter" file="test_emeter.py" line="8" name="test_no_emeter[/home/tpr/code/python-kasa/kasa/tests/fixtures/HS105(US)_1.0_real.json]" time="0.001"></testcase><testcase classname="test_emeter" file="test_emeter.py" line="8" name="test_no_emeter[/home/tpr/code/python-kasa/kasa/tests/fixtures/HS103(US)_1.0.json]" time="0.001"></testcase><testcase classname="test_emeter" file="test_emeter.py" line="22" name="test_get_emeter_realtime[/home/tpr/code/python-kasa/kasa/tests/fixtures/HS110(EU)_2.0.json]" time="0.001"></testcase><testcase classname="test_emeter" file="test_emeter.py" line="22" name="test_get_emeter_realtime[/home/tpr/code/python-kasa/kasa/tests/fixtures/KL120(US)_1.0_real.json]" time="0.001"></testcase><testcase classname="test_emeter" file="test_emeter.py" line="22" name="test_get_emeter_realtime[/home/tpr/code/python-kasa/kasa/tests/fixtures/LB120(US)_1.0.json]" time="0.002"></testcase><testcase classname="test_emeter" file="test_emeter.py" line="22" name="test_get_emeter_realtime[/home/tpr/code/python-kasa/kasa/tests/fixtures/HS300(US)_1.0_real.json]" time="0.001"><skipped message="Disabled for strips temporarily" type="pytest.skip">/home/tpr/code/python-kasa/kasa/tests/test_emeter.py:26: Disabled for strips temporarily</skipped></testcase><testcase classname="test_emeter" file="test_emeter.py" line="22" name="test_get_emeter_realtime[/home/tpr/code/python-kasa/kasa/tests/fixtures/LB130(US)_1.0.json]" time="0.001"></testcase><testcase classname="test_emeter" file="test_emeter.py" line="22" name="test_get_emeter_realtime[/home/tpr/code/python-kasa/kasa/tests/fixtures/KP400(US)_1.0.json]" time="0.001"><skipped message="Disabled for strips temporarily" type="pytest.skip">/home/tpr/code/python-kasa/kasa/tests/test_emeter.py:26: Disabled for strips temporarily</skipped></testcase><testcase classname="test_emeter" file="test_emeter.py" line="22" name="test_get_emeter_realtime[/home/tpr/code/python-kasa/kasa/tests/fixtures/HS110(US)_1.0.json]" time="0.001"></testcase><testcase classname="test_emeter" file="test_emeter.py" line="22" name="test_get_emeter_realtime[/home/tpr/code/python-kasa/kasa/tests/fixtures/LB100(US)_1.0.json]" time="0.002"></testcase><testcase classname="test_emeter" file="test_emeter.py" line="22" name="test_get_emeter_realtime[/home/tpr/code/python-kasa/kasa/tests/fixtures/KL130(US)_1.0.json]" time="0.001"></testcase><testcase classname="test_emeter" file="test_emeter.py" line="22" name="test_get_emeter_realtime[/home/tpr/code/python-kasa/kasa/tests/fixtures/HS300(US)_1.0.json]" time="0.001"><skipped message="Disabled for strips temporarily" type="pytest.skip">/home/tpr/code/python-kasa/kasa/tests/test_emeter.py:26: Disabled for strips temporarily</skipped></testcase><testcase classname="test_emeter" file="test_emeter.py" line="22" name="test_get_emeter_realtime[/home/tpr/code/python-kasa/kasa/tests/fixtures/HS107(US)_1.0_real.json]" time="0.001"><skipped message="Disabled for strips temporarily" type="pytest.skip">/home/tpr/code/python-kasa/kasa/tests/test_emeter.py:26: Disabled for strips temporarily</skipped></testcase><testcase classname="test_emeter" file="test_emeter.py" line="22" name="test_get_emeter_realtime[/home/tpr/code/python-kasa/kasa/tests/fixtures/HS110(EU)_1.0_real.json]" time="0.002"></testcase><testcase classname="test_emeter" file="test_emeter.py" line="22" name="test_get_emeter_realtime[/home/tpr/code/python-kasa/kasa/tests/fixtures/KL60(UN)_1.0.json]" time="0.001"></testcase><testcase classname="test_emeter" file="test_emeter.py" line="22" name="test_get_emeter_realtime[/home/tpr/code/python-kasa/kasa/tests/fixtures/KP303(UK)_1.0.json]" time="0.001"><skipped message="Disabled for strips temporarily" type="pytest.skip">/home/tpr/code/python-kasa/kasa/tests/test_emeter.py:26: Disabled for strips temporarily</skipped></testcase><testcase classname="test_emeter" file="test_emeter.py" line="33" name="test_get_emeter_daily[/home/tpr/code/python-kasa/kasa/tests/fixtures/HS110(EU)_2.0.json]" time="0.001"></testcase><testcase classname="test_emeter" file="test_emeter.py" line="33" name="test_get_emeter_daily[/home/tpr/code/python-kasa/kasa/tests/fixtures/KL120(US)_1.0_real.json]" time="0.001"></testcase><testcase classname="test_emeter" file="test_emeter.py" line="33" name="test_get_emeter_daily[/home/tpr/code/python-kasa/kasa/tests/fixtures/LB120(US)_1.0.json]" time="0.001"></testcase><testcase classname="test_emeter" file="test_emeter.py" line="33" name="test_get_emeter_daily[/home/tpr/code/python-kasa/kasa/tests/fixtures/HS300(US)_1.0_real.json]" time="0.001"><skipped message="Disabled for strips temporarily" type="pytest.skip">/home/tpr/code/python-kasa/kasa/tests/test_emeter.py:37: Disabled for strips temporarily</skipped></testcase><testcase classname="test_emeter" file="test_emeter.py" line="33" name="test_get_emeter_daily[/home/tpr/code/python-kasa/kasa/tests/fixtures/LB130(US)_1.0.json]" time="0.001"></testcase><testcase classname="test_emeter" file="test_emeter.py" line="33" name="test_get_emeter_daily[/home/tpr/code/python-kasa/kasa/tests/fixtures/KP400(US)_1.0.json]" time="0.001"><skipped message="Disabled for strips temporarily" type="pytest.skip">/home/tpr/code/python-kasa/kasa/tests/test_emeter.py:37: Disabled for strips temporarily</skipped></testcase><testcase classname="test_emeter" file="test_emeter.py" line="33" name="test_get_emeter_daily[/home/tpr/code/python-kasa/kasa/tests/fixtures/HS110(US)_1.0.json]" time="0.001"></testcase><testcase classname="test_emeter" file="test_emeter.py" line="33" name="test_get_emeter_daily[/home/tpr/code/python-kasa/kasa/tests/fixtures/LB100(US)_1.0.json]" time="0.001"></testcase><testcase classname="test_emeter" file="test_emeter.py" line="33" name="test_get_emeter_daily[/home/tpr/code/python-kasa/kasa/tests/fixtures/KL130(US)_1.0.json]" time="0.001"></testcase><testcase classname="test_emeter" file="test_emeter.py" line="33" name="test_get_emeter_daily[/home/tpr/code/python-kasa/kasa/tests/fixtures/HS300(US)_1.0.json]" time="0.001"><skipped message="Disabled for strips temporarily" type="pytest.skip">/home/tpr/code/python-kasa/kasa/tests/test_emeter.py:37: Disabled for strips temporarily</skipped></testcase><testcase classname="test_emeter" file="test_emeter.py" line="33" name="test_get_emeter_daily[/home/tpr/code/python-kasa/kasa/tests/fixtures/HS107(US)_1.0_real.json]" time="0.001"><skipped message="Disabled for strips temporarily" type="pytest.skip">/home/tpr/code/python-kasa/kasa/tests/test_emeter.py:37: Disabled for strips temporarily</skipped></testcase><testcase classname="test_emeter" file="test_emeter.py" line="33" name="test_get_emeter_daily[/home/tpr/code/python-kasa/kasa/tests/fixtures/HS110(EU)_1.0_real.json]" time="0.001"></testcase><testcase classname="test_emeter" file="test_emeter.py" line="33" name="test_get_emeter_daily[/home/tpr/code/python-kasa/kasa/tests/fixtures/KL60(UN)_1.0.json]" time="0.001"></testcase><testcase classname="test_emeter" file="test_emeter.py" line="33" name="test_get_emeter_daily[/home/tpr/code/python-kasa/kasa/tests/fixtures/KP303(UK)_1.0.json]" time="0.001"><skipped message="Disabled for strips temporarily" type="pytest.skip">/home/tpr/code/python-kasa/kasa/tests/test_emeter.py:37: Disabled for strips temporarily</skipped></testcase><testcase classname="test_emeter" file="test_emeter.py" line="55" name="test_get_emeter_monthly[/home/tpr/code/python-kasa/kasa/tests/fixtures/HS110(EU)_2.0.json]" time="0.002"></testcase><testcase classname="test_emeter" file="test_emeter.py" line="55" name="test_get_emeter_monthly[/home/tpr/code/python-kasa/kasa/tests/fixtures/KL120(US)_1.0_real.json]" time="0.001"></testcase><testcase classname="test_emeter" file="test_emeter.py" line="55" name="test_get_emeter_monthly[/home/tpr/code/python-kasa/kasa/tests/fixtures/LB120(US)_1.0.json]" time="0.001"></testcase><testcase classname="test_emeter" file="test_emeter.py" line="55" name="test_get_emeter_monthly[/home/tpr/code/python-kasa/kasa/tests/fixtures/HS300(US)_1.0_real.json]" time="0.001"><skipped message="Disabled for strips temporarily" type="pytest.skip">/home/tpr/code/python-kasa/kasa/tests/test_emeter.py:59: Disabled for strips temporarily</skipped></testcase><testcase classname="test_emeter" file="test_emeter.py" line="55" name="test_get_emeter_monthly[/home/tpr/code/python-kasa/kasa/tests/fixtures/LB130(US)_1.0.json]" time="0.001"></testcase><testcase classname="test_emeter" file="test_emeter.py" line="55" name="test_get_emeter_monthly[/home/tpr/code/python-kasa/kasa/tests/fixtures/KP400(US)_1.0.json]" time="0.001"><skipped message="Disabled for strips temporarily" type="pytest.skip">/home/tpr/code/python-kasa/kasa/tests/test_emeter.py:59: Disabled for strips temporarily</skipped></testcase><testcase classname="test_emeter" file="test_emeter.py" line="55" name="test_get_emeter_monthly[/home/tpr/code/python-kasa/kasa/tests/fixtures/HS110(US)_1.0.json]" time="0.001"></testcase><testcase classname="test_emeter" file="test_emeter.py" line="55" name="test_get_emeter_monthly[/home/tpr/code/python-kasa/kasa/tests/fixtures/LB100(US)_1.0.json]" time="0.001"></testcase><testcase classname="test_emeter" file="test_emeter.py" line="55" name="test_get_emeter_monthly[/home/tpr/code/python-kasa/kasa/tests/fixtures/KL130(US)_1.0.json]" time="0.001"></testcase><testcase classname="test_emeter" file="test_emeter.py" line="55" name="test_get_emeter_monthly[/home/tpr/code/python-kasa/kasa/tests/fixtures/HS300(US)_1.0.json]" time="0.001"><skipped message="Disabled for strips temporarily" type="pytest.skip">/home/tpr/code/python-kasa/kasa/tests/test_emeter.py:59: Disabled for strips temporarily</skipped></testcase><testcase classname="test_emeter" file="test_emeter.py" line="55" name="test_get_emeter_monthly[/home/tpr/code/python-kasa/kasa/tests/fixtures/HS107(US)_1.0_real.json]" time="0.001"><skipped message="Disabled for strips temporarily" type="pytest.skip">/home/tpr/code/python-kasa/kasa/tests/test_emeter.py:59: Disabled for strips temporarily</skipped></testcase><testcase classname="test_emeter" file="test_emeter.py" line="55" name="test_get_emeter_monthly[/home/tpr/code/python-kasa/kasa/tests/fixtures/HS110(EU)_1.0_real.json]" time="0.001"></testcase><testcase classname="test_emeter" file="test_emeter.py" line="55" name="test_get_emeter_monthly[/home/tpr/code/python-kasa/kasa/tests/fixtures/KL60(UN)_1.0.json]" time="0.001"></testcase><testcase classname="test_emeter" file="test_emeter.py" line="55" name="test_get_emeter_monthly[/home/tpr/code/python-kasa/kasa/tests/fixtures/KP303(UK)_1.0.json]" time="0.001"><skipped message="Disabled for strips temporarily" type="pytest.skip">/home/tpr/code/python-kasa/kasa/tests/test_emeter.py:59: Disabled for strips temporarily</skipped></testcase><testcase classname="test_emeter" file="test_emeter.py" line="77" name="test_emeter_status[/home/tpr/code/python-kasa/kasa/tests/fixtures/HS110(EU)_2.0.json]" time="0.001"></testcase><testcase classname="test_emeter" file="test_emeter.py" line="77" name="test_emeter_status[/home/tpr/code/python-kasa/kasa/tests/fixtures/KL120(US)_1.0_real.json]" time="0.001"></testcase><testcase classname="test_emeter" file="test_emeter.py" line="77" name="test_emeter_status[/home/tpr/code/python-kasa/kasa/tests/fixtures/LB120(US)_1.0.json]" time="0.001"></testcase><testcase classname="test_emeter" file="test_emeter.py" line="77" name="test_emeter_status[/home/tpr/code/python-kasa/kasa/tests/fixtures/HS300(US)_1.0_real.json]" time="0.001"><skipped message="Disabled for strips temporarily" type="pytest.skip">/home/tpr/code/python-kasa/kasa/tests/test_emeter.py:81: Disabled for strips temporarily</skipped></testcase><testcase classname="test_emeter" file="test_emeter.py" line="77" name="test_emeter_status[/home/tpr/code/python-kasa/kasa/tests/fixtures/LB130(US)_1.0.json]" time="0.001"></testcase><testcase classname="test_emeter" file="test_emeter.py" line="77" name="test_emeter_status[/home/tpr/code/python-kasa/kasa/tests/fixtures/KP400(US)_1.0.json]" time="0.002"><skipped message="Disabled for strips temporarily" type="pytest.skip">/home/tpr/code/python-kasa/kasa/tests/test_emeter.py:81: Disabled for strips temporarily</skipped></testcase><testcase classname="test_emeter" file="test_emeter.py" line="77" name="test_emeter_status[/home/tpr/code/python-kasa/kasa/tests/fixtures/HS110(US)_1.0.json]" time="0.001"></testcase><testcase classname="test_emeter" file="test_emeter.py" line="77" name="test_emeter_status[/home/tpr/code/python-kasa/kasa/tests/fixtures/LB100(US)_1.0.json]" time="0.001"></testcase><testcase classname="test_emeter" file="test_emeter.py" line="77" name="test_emeter_status[/home/tpr/code/python-kasa/kasa/tests/fixtures/KL130(US)_1.0.json]" time="0.001"></testcase><testcase classname="test_emeter" file="test_emeter.py" line="77" name="test_emeter_status[/home/tpr/code/python-kasa/kasa/tests/fixtures/HS300(US)_1.0.json]" time="0.001"><skipped message="Disabled for strips temporarily" type="pytest.skip">/home/tpr/code/python-kasa/kasa/tests/test_emeter.py:81: Disabled for strips temporarily</skipped></testcase><testcase classname="test_emeter" file="test_emeter.py" line="77" name="test_emeter_status[/home/tpr/code/python-kasa/kasa/tests/fixtures/HS107(US)_1.0_real.json]" time="0.001"><skipped message="Disabled for strips temporarily" type="pytest.skip">/home/tpr/code/python-kasa/kasa/tests/test_emeter.py:81: Disabled for strips temporarily</skipped></testcase><testcase classname="test_emeter" file="test_emeter.py" line="77" name="test_emeter_status[/home/tpr/code/python-kasa/kasa/tests/fixtures/HS110(EU)_1.0_real.json]" time="0.001"></testcase><testcase classname="test_emeter" file="test_emeter.py" line="77" name="test_emeter_status[/home/tpr/code/python-kasa/kasa/tests/fixtures/KL60(UN)_1.0.json]" time="0.001"></testcase><testcase classname="test_emeter" file="test_emeter.py" line="77" name="test_emeter_status[/home/tpr/code/python-kasa/kasa/tests/fixtures/KP303(UK)_1.0.json]" time="0.001"><skipped message="Disabled for strips temporarily" type="pytest.skip">/home/tpr/code/python-kasa/kasa/tests/test_emeter.py:81: Disabled for strips temporarily</skipped></testcase><testcase classname="test_emeter" file="test_emeter.py" line="98" name="test_erase_emeter_stats[/home/tpr/code/python-kasa/kasa/tests/fixtures/HS110(EU)_2.0.json]" time="0.000"><skipped message="not clearing your stats.." type="pytest.skip">test_emeter.py:99: not clearing your stats..</skipped></testcase><testcase classname="test_emeter" file="test_emeter.py" line="98" name="test_erase_emeter_stats[/home/tpr/code/python-kasa/kasa/tests/fixtures/KL120(US)_1.0_real.json]" time="0.000"><skipped message="not clearing your stats.." type="pytest.skip">test_emeter.py:99: not clearing your stats..</skipped></testcase><testcase classname="test_emeter" file="test_emeter.py" line="98" name="test_erase_emeter_stats[/home/tpr/code/python-kasa/kasa/tests/fixtures/LB120(US)_1.0.json]" time="0.000"><skipped message="not clearing your stats.." type="pytest.skip">test_emeter.py:99: not clearing your stats..</skipped></testcase><testcase classname="test_emeter" file="test_emeter.py" line="98" name="test_erase_emeter_stats[/home/tpr/code/python-kasa/kasa/tests/fixtures/HS300(US)_1.0_real.json]" time="0.000"><skipped message="not clearing your stats.." type="pytest.skip">test_emeter.py:99: not clearing your stats..</skipped></testcase><testcase classname="test_emeter" file="test_emeter.py" line="98" name="test_erase_emeter_stats[/home/tpr/code/python-kasa/kasa/tests/fixtures/LB130(US)_1.0.json]" time="0.000"><skipped message="not clearing your stats.." type="pytest.skip">test_emeter.py:99: not clearing your stats..</skipped></testcase><testcase classname="test_emeter" file="test_emeter.py" line="98" name="test_erase_emeter_stats[/home/tpr/code/python-kasa/kasa/tests/fixtures/KP400(US)_1.0.json]" time="0.000"><skipped message="not clearing your stats.." type="pytest.skip">test_emeter.py:99: not clearing your stats..</skipped></testcase><testcase classname="test_emeter" file="test_emeter.py" line="98" name="test_erase_emeter_stats[/home/tpr/code/python-kasa/kasa/tests/fixtures/HS110(US)_1.0.json]" time="0.000"><skipped message="not clearing your stats.." type="pytest.skip">test_emeter.py:99: not clearing your stats..</skipped></testcase><testcase classname="test_emeter" file="test_emeter.py" line="98" name="test_erase_emeter_stats[/home/tpr/code/python-kasa/kasa/tests/fixtures/LB100(US)_1.0.json]" time="0.000"><skipped message="not clearing your stats.." type="pytest.skip">test_emeter.py:99: not clearing your stats..</skipped></testcase><testcase classname="test_emeter" file="test_emeter.py" line="98" name="test_erase_emeter_stats[/home/tpr/code/python-kasa/kasa/tests/fixtures/KL130(US)_1.0.json]" time="0.000"><skipped message="not clearing your stats.." type="pytest.skip">test_emeter.py:99: not clearing your stats..</skipped></testcase><testcase classname="test_emeter" file="test_emeter.py" line="98" name="test_erase_emeter_stats[/home/tpr/code/python-kasa/kasa/tests/fixtures/HS300(US)_1.0.json]" time="0.000"><skipped message="not clearing your stats.." type="pytest.skip">test_emeter.py:99: not clearing your stats..</skipped></testcase><testcase classname="test_emeter" file="test_emeter.py" line="98" name="test_erase_emeter_stats[/home/tpr/code/python-kasa/kasa/tests/fixtures/HS107(US)_1.0_real.json]" time="0.000"><skipped message="not clearing your stats.." type="pytest.skip">test_emeter.py:99: not clearing your stats..</skipped></testcase><testcase classname="test_emeter" file="test_emeter.py" line="98" name="test_erase_emeter_stats[/home/tpr/code/python-kasa/kasa/tests/fixtures/HS110(EU)_1.0_real.json]" time="0.000"><skipped message="not clearing your stats.." type="pytest.skip">test_emeter.py:99: not clearing your stats..</skipped></testcase><testcase classname="test_emeter" file="test_emeter.py" line="98" name="test_erase_emeter_stats[/home/tpr/code/python-kasa/kasa/tests/fixtures/KL60(UN)_1.0.json]" time="0.000"><skipped message="not clearing your stats.." type="pytest.skip">test_emeter.py:99: not clearing your stats..</skipped></testcase><testcase classname="test_emeter" file="test_emeter.py" line="98" name="test_erase_emeter_stats[/home/tpr/code/python-kasa/kasa/tests/fixtures/KP303(UK)_1.0.json]" time="0.000"><skipped message="not clearing your stats.." type="pytest.skip">test_emeter.py:99: not clearing your stats..</skipped></testcase><testcase classname="test_emeter" file="test_emeter.py" line="106" name="test_current_consumption[/home/tpr/code/python-kasa/kasa/tests/fixtures/HS110(EU)_2.0.json]" time="0.001"></testcase><testcase classname="test_emeter" file="test_emeter.py" line="106" name="test_current_consumption[/home/tpr/code/python-kasa/kasa/tests/fixtures/KL120(US)_1.0_real.json]" time="0.001"></testcase><testcase classname="test_emeter" file="test_emeter.py" line="106" name="test_current_consumption[/home/tpr/code/python-kasa/kasa/tests/fixtures/LB120(US)_1.0.json]" time="0.001"></testcase><testcase classname="test_emeter" file="test_emeter.py" line="106" name="test_current_consumption[/home/tpr/code/python-kasa/kasa/tests/fixtures/HS300(US)_1.0_real.json]" time="0.001"><skipped message="Disabled for strips temporarily" type="pytest.skip">/home/tpr/code/python-kasa/kasa/tests/test_emeter.py:110: Disabled for strips temporarily</skipped></testcase><testcase classname="test_emeter" file="test_emeter.py" line="106" name="test_current_consumption[/home/tpr/code/python-kasa/kasa/tests/fixtures/LB130(US)_1.0.json]" time="0.001"></testcase><testcase classname="test_emeter" file="test_emeter.py" line="106" name="test_current_consumption[/home/tpr/code/python-kasa/kasa/tests/fixtures/KP400(US)_1.0.json]" time="0.001"><skipped message="Disabled for strips temporarily" type="pytest.skip">/home/tpr/code/python-kasa/kasa/tests/test_emeter.py:110: Disabled for strips temporarily</skipped></testcase><testcase classname="test_emeter" file="test_emeter.py" line="106" name="test_current_consumption[/home/tpr/code/python-kasa/kasa/tests/fixtures/HS110(US)_1.0.json]" time="0.001"></testcase><testcase classname="test_emeter" file="test_emeter.py" line="106" name="test_current_consumption[/home/tpr/code/python-kasa/kasa/tests/fixtures/LB100(US)_1.0.json]" time="0.001"></testcase><testcase classname="test_emeter" file="test_emeter.py" line="106" name="test_current_consumption[/home/tpr/code/python-kasa/kasa/tests/fixtures/KL130(US)_1.0.json]" time="0.001"></testcase><testcase classname="test_emeter" file="test_emeter.py" line="106" name="test_current_consumption[/home/tpr/code/python-kasa/kasa/tests/fixtures/HS300(US)_1.0.json]" time="0.001"><skipped message="Disabled for strips temporarily" type="pytest.skip">/home/tpr/code/python-kasa/kasa/tests/test_emeter.py:110: Disabled for strips temporarily</skipped></testcase><testcase classname="test_emeter" file="test_emeter.py" line="106" name="test_current_consumption[/home/tpr/code/python-kasa/kasa/tests/fixtures/HS107(US)_1.0_real.json]" time="0.001"><skipped message="Disabled for strips temporarily" type="pytest.skip">/home/tpr/code/python-kasa/kasa/tests/test_emeter.py:110: Disabled for strips temporarily</skipped></testcase><testcase classname="test_emeter" file="test_emeter.py" line="106" name="test_current_consumption[/home/tpr/code/python-kasa/kasa/tests/fixtures/HS110(EU)_1.0_real.json]" time="0.001"></testcase><testcase classname="test_emeter" file="test_emeter.py" line="106" name="test_current_consumption[/home/tpr/code/python-kasa/kasa/tests/fixtures/KL60(UN)_1.0.json]" time="0.001"></testcase><testcase classname="test_emeter" file="test_emeter.py" line="106" name="test_current_consumption[/home/tpr/code/python-kasa/kasa/tests/fixtures/KP303(UK)_1.0.json]" time="0.001"><skipped message="Disabled for strips temporarily" type="pytest.skip">/home/tpr/code/python-kasa/kasa/tests/test_emeter.py:110: Disabled for strips temporarily</skipped></testcase><testcase classname="test_plug" file="test_plug.py" line="6" name="test_plug_sysinfo[HS110(EU)_2.0.json]" time="0.001"></testcase><testcase classname="test_plug" file="test_plug.py" line="6" name="test_plug_sysinfo[HS100(US)_2.0_real.json]" time="0.001"></testcase><testcase classname="test_plug" file="test_plug.py" line="6" name="test_plug_sysinfo[HS210(US)_1.0_real.json]" time="0.002"></testcase><testcase classname="test_plug" file="test_plug.py" line="6" name="test_plug_sysinfo[HS105(US)_1.0.json]" time="0.001"></testcase><testcase classname="test_plug" file="test_plug.py" line="6" name="test_plug_sysinfo[HS100(US)_1.0_real.json]" time="0.001"></testcase><testcase classname="test_plug" file="test_plug.py" line="6" name="test_plug_sysinfo[HS110(US)_1.0.json]" time="0.001"></testcase><testcase classname="test_plug" file="test_plug.py" line="6" name="test_plug_sysinfo[HS103(US)_2.1.json]" time="0.002"></testcase><testcase classname="test_plug" file="test_plug.py" line="6" name="test_plug_sysinfo[HS200(US)_1.0.json]" time="0.002"></testcase><testcase classname="test_plug" file="test_plug.py" line="6" name="test_plug_sysinfo[HS100(US)_1.0.json]" time="0.001"></testcase><testcase classname="test_plug" file="test_plug.py" line="6" name="test_plug_sysinfo[HS200(US)_2.0_real.json]" time="0.001"></testcase><testcase classname="test_plug" file="test_plug.py" line="6" name="test_plug_sysinfo[HS110(EU)_1.0_real.json]" time="0.001"></testcase><testcase classname="test_plug" file="test_plug.py" line="6" name="test_plug_sysinfo[HS105(US)_1.0_real.json]" time="0.001"></testcase><testcase classname="test_plug" file="test_plug.py" line="6" name="test_plug_sysinfo[HS103(US)_1.0.json]" time="0.001"></testcase><testcase classname="test_plug" file="test_plug.py" line="17" name="test_led[HS110(EU)_2.0.json]" time="0.001"></testcase><testcase classname="test_plug" file="test_plug.py" line="17" name="test_led[HS100(US)_2.0_real.json]" time="0.001"></testcase><testcase classname="test_plug" file="test_plug.py" line="17" name="test_led[HS210(US)_1.0_real.json]" time="0.001"></testcase><testcase classname="test_plug" file="test_plug.py" line="17" name="test_led[HS105(US)_1.0.json]" time="0.001"></testcase><testcase classname="test_plug" file="test_plug.py" line="17" name="test_led[HS100(US)_1.0_real.json]" time="0.001"></testcase><testcase classname="test_plug" file="test_plug.py" line="17" name="test_led[HS110(US)_1.0.json]" time="0.001"></testcase><testcase classname="test_plug" file="test_plug.py" line="17" name="test_led[HS103(US)_2.1.json]" time="0.001"></testcase><testcase classname="test_plug" file="test_plug.py" line="17" name="test_led[HS200(US)_1.0.json]" time="0.001"></testcase><testcase classname="test_plug" file="test_plug.py" line="17" name="test_led[HS100(US)_1.0.json]" time="0.001"></testcase><testcase classname="test_plug" file="test_plug.py" line="17" name="test_led[HS200(US)_2.0_real.json]" time="0.001"></testcase><testcase classname="test_plug" file="test_plug.py" line="17" name="test_led[HS110(EU)_1.0_real.json]" time="0.001"></testcase><testcase classname="test_plug" file="test_plug.py" line="17" name="test_led[HS105(US)_1.0_real.json]" time="0.001"></testcase><testcase classname="test_plug" file="test_plug.py" line="17" name="test_led[HS103(US)_1.0.json]" time="0.001"></testcase><testcase classname="test_protocol" file="test_protocol.py" line="10" name="test_protocol_retries[1]" time="0.009"></testcase><testcase classname="test_protocol" file="test_protocol.py" line="10" name="test_protocol_retries[3]" time="0.015"></testcase><testcase classname="test_protocol" file="test_protocol.py" line="10" name="test_protocol_retries[5]" time="0.024"></testcase><testcase classname="test_protocol" file="test_protocol.py" line="29" name="test_encrypt" time="0.001"></testcase><testcase classname="test_protocol" file="test_protocol.py" line="37" name="test_encrypt_unicode" time="0.001"></testcase><testcase classname="test_protocol" file="test_protocol.py" line="70" name="test_decrypt_unicode" time="0.001"></testcase><testcase classname="test_readme_examples" file="test_readme_examples.py" line="4" name="test_bulb_examples" time="0.021"></testcase><testcase classname="test_readme_examples" file="test_readme_examples.py" line="13" name="test_smartdevice_examples" time="0.021"></testcase><testcase classname="test_readme_examples" file="test_readme_examples.py" line="22" name="test_plug_examples" time="0.006"></testcase><testcase classname="test_readme_examples" file="test_readme_examples.py" line="31" name="test_strip_examples" time="0.011"></testcase><testcase classname="test_readme_examples" file="test_readme_examples.py" line="40" name="test_dimmer_examples" time="0.007"></testcase><testcase classname="test_readme_examples" file="test_readme_examples.py" line="49" name="test_discovery_examples" time="0.008"></testcase><testcase classname="test_smartdevice" file="test_smartdevice.py" line="11" name="test_state_info[/home/tpr/code/python-kasa/kasa/tests/fixtures/HS110(EU)_2.0.json]" time="0.001"></testcase><testcase classname="test_smartdevice" file="test_smartdevice.py" line="11" name="test_state_info[/home/tpr/code/python-kasa/kasa/tests/fixtures/HS100(US)_2.0_real.json]" time="0.001"></testcase><testcase classname="test_smartdevice" file="test_smartdevice.py" line="11" name="test_state_info[/home/tpr/code/python-kasa/kasa/tests/fixtures/HS210(US)_1.0_real.json]" time="0.001"></testcase><testcase classname="test_smartdevice" file="test_smartdevice.py" line="11" name="test_state_info[/home/tpr/code/python-kasa/kasa/tests/fixtures/KL120(US)_1.0_real.json]" time="0.001"></testcase><testcase classname="test_smartdevice" file="test_smartdevice.py" line="11" name="test_state_info[/home/tpr/code/python-kasa/kasa/tests/fixtures/HS105(US)_1.0.json]" time="0.001"></testcase><testcase classname="test_smartdevice" file="test_smartdevice.py" line="11" name="test_state_info[/home/tpr/code/python-kasa/kasa/tests/fixtures/LB120(US)_1.0.json]" time="0.001"></testcase><testcase classname="test_smartdevice" file="test_smartdevice.py" line="11" name="test_state_info[/home/tpr/code/python-kasa/kasa/tests/fixtures/HS300(US)_1.0_real.json]" time="0.001"></testcase><testcase classname="test_smartdevice" file="test_smartdevice.py" line="11" name="test_state_info[/home/tpr/code/python-kasa/kasa/tests/fixtures/LB130(US)_1.0.json]" time="0.001"></testcase><testcase classname="test_smartdevice" file="test_smartdevice.py" line="11" name="test_state_info[/home/tpr/code/python-kasa/kasa/tests/fixtures/KP400(US)_1.0.json]" time="0.001"></testcase><testcase classname="test_smartdevice" file="test_smartdevice.py" line="11" name="test_state_info[/home/tpr/code/python-kasa/kasa/tests/fixtures/HS100(US)_1.0_real.json]" time="0.001"></testcase><testcase classname="test_smartdevice" file="test_smartdevice.py" line="11" name="test_state_info[/home/tpr/code/python-kasa/kasa/tests/fixtures/HS110(US)_1.0.json]" time="0.001"></testcase><testcase classname="test_smartdevice" file="test_smartdevice.py" line="11" name="test_state_info[/home/tpr/code/python-kasa/kasa/tests/fixtures/HS220(US)_1.0.json]" time="0.002"></testcase><testcase classname="test_smartdevice" file="test_smartdevice.py" line="11" name="test_state_info[/home/tpr/code/python-kasa/kasa/tests/fixtures/HS103(US)_2.1.json]" time="0.001"></testcase><testcase classname="test_smartdevice" file="test_smartdevice.py" line="11" name="test_state_info[/home/tpr/code/python-kasa/kasa/tests/fixtures/LB100(US)_1.0.json]" time="0.001"></testcase><testcase classname="test_smartdevice" file="test_smartdevice.py" line="11" name="test_state_info[/home/tpr/code/python-kasa/kasa/tests/fixtures/HS200(US)_1.0.json]" time="0.001"></testcase><testcase classname="test_smartdevice" file="test_smartdevice.py" line="11" name="test_state_info[/home/tpr/code/python-kasa/kasa/tests/fixtures/HS100(US)_1.0.json]" time="0.002"></testcase><testcase classname="test_smartdevice" file="test_smartdevice.py" line="11" name="test_state_info[/home/tpr/code/python-kasa/kasa/tests/fixtures/HS200(US)_2.0_real.json]" time="0.001"></testcase><testcase classname="test_smartdevice" file="test_smartdevice.py" line="11" name="test_state_info[/home/tpr/code/python-kasa/kasa/tests/fixtures/HS220(US)_1.0_real.json]" time="0.001"></testcase><testcase classname="test_smartdevice" file="test_smartdevice.py" line="11" name="test_state_info[/home/tpr/code/python-kasa/kasa/tests/fixtures/KL130(US)_1.0.json]" time="0.001"></testcase><testcase classname="test_smartdevice" file="test_smartdevice.py" line="11" name="test_state_info[/home/tpr/code/python-kasa/kasa/tests/fixtures/HS300(US)_1.0.json]" time="0.001"></testcase><testcase classname="test_smartdevice" file="test_smartdevice.py" line="11" name="test_state_info[/home/tpr/code/python-kasa/kasa/tests/fixtures/HS107(US)_1.0_real.json]" time="0.001"></testcase><testcase classname="test_smartdevice" file="test_smartdevice.py" line="11" name="test_state_info[/home/tpr/code/python-kasa/kasa/tests/fixtures/HS110(EU)_1.0_real.json]" time="0.002"></testcase><testcase classname="test_smartdevice" file="test_smartdevice.py" line="11" name="test_state_info[/home/tpr/code/python-kasa/kasa/tests/fixtures/HS105(US)_1.0_real.json]" time="0.001"></testcase><testcase classname="test_smartdevice" file="test_smartdevice.py" line="11" name="test_state_info[/home/tpr/code/python-kasa/kasa/tests/fixtures/KL60(UN)_1.0.json]" time="0.001"></testcase><testcase classname="test_smartdevice" file="test_smartdevice.py" line="11" name="test_state_info[/home/tpr/code/python-kasa/kasa/tests/fixtures/HS103(US)_1.0.json]" time="0.001"></testcase><testcase classname="test_smartdevice" file="test_smartdevice.py" line="11" name="test_state_info[/home/tpr/code/python-kasa/kasa/tests/fixtures/KP303(UK)_1.0.json]" time="0.001"></testcase><testcase classname="test_smartdevice" file="test_smartdevice.py" line="15" name="test_invalid_connection[/home/tpr/code/python-kasa/kasa/tests/fixtures/HS110(EU)_2.0.json]" time="0.002"></testcase><testcase classname="test_smartdevice" file="test_smartdevice.py" line="15" name="test_invalid_connection[/home/tpr/code/python-kasa/kasa/tests/fixtures/HS100(US)_2.0_real.json]" time="0.003"></testcase><testcase classname="test_smartdevice" file="test_smartdevice.py" line="15" name="test_invalid_connection[/home/tpr/code/python-kasa/kasa/tests/fixtures/HS210(US)_1.0_real.json]" time="0.002"></testcase><testcase classname="test_smartdevice" file="test_smartdevice.py" line="15" name="test_invalid_connection[/home/tpr/code/python-kasa/kasa/tests/fixtures/KL120(US)_1.0_real.json]" time="0.002"></testcase><testcase classname="test_smartdevice" file="test_smartdevice.py" line="15" name="test_invalid_connection[/home/tpr/code/python-kasa/kasa/tests/fixtures/HS105(US)_1.0.json]" time="0.002"></testcase><testcase classname="test_smartdevice" file="test_smartdevice.py" line="15" name="test_invalid_connection[/home/tpr/code/python-kasa/kasa/tests/fixtures/LB120(US)_1.0.json]" time="0.003"></testcase><testcase classname="test_smartdevice" file="test_smartdevice.py" line="15" name="test_invalid_connection[/home/tpr/code/python-kasa/kasa/tests/fixtures/HS300(US)_1.0_real.json]" time="0.002"></testcase><testcase classname="test_smartdevice" file="test_smartdevice.py" line="15" name="test_invalid_connection[/home/tpr/code/python-kasa/kasa/tests/fixtures/LB130(US)_1.0.json]" time="0.002"></testcase><testcase classname="test_smartdevice" file="test_smartdevice.py" line="15" name="test_invalid_connection[/home/tpr/code/python-kasa/kasa/tests/fixtures/KP400(US)_1.0.json]" time="0.002"></testcase><testcase classname="test_smartdevice" file="test_smartdevice.py" line="15" name="test_invalid_connection[/home/tpr/code/python-kasa/kasa/tests/fixtures/HS100(US)_1.0_real.json]" time="0.004"></testcase><testcase classname="test_smartdevice" file="test_smartdevice.py" line="15" name="test_invalid_connection[/home/tpr/code/python-kasa/kasa/tests/fixtures/HS110(US)_1.0.json]" time="0.002"></testcase><testcase classname="test_smartdevice" file="test_smartdevice.py" line="15" name="test_invalid_connection[/home/tpr/code/python-kasa/kasa/tests/fixtures/HS220(US)_1.0.json]" time="0.002"></testcase><testcase classname="test_smartdevice" file="test_smartdevice.py" line="15" name="test_invalid_connection[/home/tpr/code/python-kasa/kasa/tests/fixtures/HS103(US)_2.1.json]" time="0.003"></testcase><testcase classname="test_smartdevice" file="test_smartdevice.py" line="15" name="test_invalid_connection[/home/tpr/code/python-kasa/kasa/tests/fixtures/LB100(US)_1.0.json]" time="0.002"></testcase><testcase classname="test_smartdevice" file="test_smartdevice.py" line="15" name="test_invalid_connection[/home/tpr/code/python-kasa/kasa/tests/fixtures/HS200(US)_1.0.json]" time="0.002"></testcase><testcase classname="test_smartdevice" file="test_smartdevice.py" line="15" name="test_invalid_connection[/home/tpr/code/python-kasa/kasa/tests/fixtures/HS100(US)_1.0.json]" time="0.002"></testcase><testcase classname="test_smartdevice" file="test_smartdevice.py" line="15" name="test_invalid_connection[/home/tpr/code/python-kasa/kasa/tests/fixtures/HS200(US)_2.0_real.json]" time="0.002"></testcase><testcase classname="test_smartdevice" file="test_smartdevice.py" line="15" name="test_invalid_connection[/home/tpr/code/python-kasa/kasa/tests/fixtures/HS220(US)_1.0_real.json]" time="0.003"></testcase><testcase classname="test_smartdevice" file="test_smartdevice.py" line="15" name="test_invalid_connection[/home/tpr/code/python-kasa/kasa/tests/fixtures/KL130(US)_1.0.json]" time="0.002"></testcase><testcase classname="test_smartdevice" file="test_smartdevice.py" line="15" name="test_invalid_connection[/home/tpr/code/python-kasa/kasa/tests/fixtures/HS300(US)_1.0.json]" time="0.002"></testcase><testcase classname="test_smartdevice" file="test_smartdevice.py" line="15" name="test_invalid_connection[/home/tpr/code/python-kasa/kasa/tests/fixtures/HS107(US)_1.0_real.json]" time="0.002"></testcase><testcase classname="test_smartdevice" file="test_smartdevice.py" line="15" name="test_invalid_connection[/home/tpr/code/python-kasa/kasa/tests/fixtures/HS110(EU)_1.0_real.json]" time="0.002"></testcase><testcase classname="test_smartdevice" file="test_smartdevice.py" line="15" name="test_invalid_connection[/home/tpr/code/python-kasa/kasa/tests/fixtures/HS105(US)_1.0_real.json]" time="0.002"></testcase><testcase classname="test_smartdevice" file="test_smartdevice.py" line="15" name="test_invalid_connection[/home/tpr/code/python-kasa/kasa/tests/fixtures/KL60(UN)_1.0.json]" time="0.002"></testcase><testcase classname="test_smartdevice" file="test_smartdevice.py" line="15" name="test_invalid_connection[/home/tpr/code/python-kasa/kasa/tests/fixtures/HS103(US)_1.0.json]" time="0.002"></testcase><testcase classname="test_smartdevice" file="test_smartdevice.py" line="15" name="test_invalid_connection[/home/tpr/code/python-kasa/kasa/tests/fixtures/KP303(UK)_1.0.json]" time="0.002"></testcase><testcase classname="test_smartdevice" file="test_smartdevice.py" line="22" name="test_query_helper[/home/tpr/code/python-kasa/kasa/tests/fixtures/HS110(EU)_2.0.json]" time="0.001"></testcase><testcase classname="test_smartdevice" file="test_smartdevice.py" line="22" name="test_query_helper[/home/tpr/code/python-kasa/kasa/tests/fixtures/HS100(US)_2.0_real.json]" time="0.001"></testcase><testcase classname="test_smartdevice" file="test_smartdevice.py" line="22" name="test_query_helper[/home/tpr/code/python-kasa/kasa/tests/fixtures/HS210(US)_1.0_real.json]" time="0.001"></testcase><testcase classname="test_smartdevice" file="test_smartdevice.py" line="22" name="test_query_helper[/home/tpr/code/python-kasa/kasa/tests/fixtures/KL120(US)_1.0_real.json]" time="0.001"></testcase><testcase classname="test_smartdevice" file="test_smartdevice.py" line="22" name="test_query_helper[/home/tpr/code/python-kasa/kasa/tests/fixtures/HS105(US)_1.0.json]" time="0.001"></testcase><testcase classname="test_smartdevice" file="test_smartdevice.py" line="22" name="test_query_helper[/home/tpr/code/python-kasa/kasa/tests/fixtures/LB120(US)_1.0.json]" time="0.001"></testcase><testcase classname="test_smartdevice" file="test_smartdevice.py" line="22" name="test_query_helper[/home/tpr/code/python-kasa/kasa/tests/fixtures/HS300(US)_1.0_real.json]" time="0.002"></testcase><testcase classname="test_smartdevice" file="test_smartdevice.py" line="22" name="test_query_helper[/home/tpr/code/python-kasa/kasa/tests/fixtures/LB130(US)_1.0.json]" time="0.001"></testcase><testcase classname="test_smartdevice" file="test_smartdevice.py" line="22" name="test_query_helper[/home/tpr/code/python-kasa/kasa/tests/fixtures/KP400(US)_1.0.json]" time="0.001"></testcase><testcase classname="test_smartdevice" file="test_smartdevice.py" line="22" name="test_query_helper[/home/tpr/code/python-kasa/kasa/tests/fixtures/HS100(US)_1.0_real.json]" time="0.001"></testcase><testcase classname="test_smartdevice" file="test_smartdevice.py" line="22" name="test_query_helper[/home/tpr/code/python-kasa/kasa/tests/fixtures/HS110(US)_1.0.json]" time="0.001"></testcase><testcase classname="test_smartdevice" file="test_smartdevice.py" line="22" name="test_query_helper[/home/tpr/code/python-kasa/kasa/tests/fixtures/HS220(US)_1.0.json]" time="0.001"></testcase><testcase classname="test_smartdevice" file="test_smartdevice.py" line="22" name="test_query_helper[/home/tpr/code/python-kasa/kasa/tests/fixtures/HS103(US)_2.1.json]" time="0.001"></testcase><testcase classname="test_smartdevice" file="test_smartdevice.py" line="22" name="test_query_helper[/home/tpr/code/python-kasa/kasa/tests/fixtures/LB100(US)_1.0.json]" time="0.001"></testcase><testcase classname="test_smartdevice" file="test_smartdevice.py" line="22" name="test_query_helper[/home/tpr/code/python-kasa/kasa/tests/fixtures/HS200(US)_1.0.json]" time="0.001"></testcase><testcase classname="test_smartdevice" file="test_smartdevice.py" line="22" name="test_query_helper[/home/tpr/code/python-kasa/kasa/tests/fixtures/HS100(US)_1.0.json]" time="0.001"></testcase><testcase classname="test_smartdevice" file="test_smartdevice.py" line="22" name="test_query_helper[/home/tpr/code/python-kasa/kasa/tests/fixtures/HS200(US)_2.0_real.json]" time="0.001"></testcase><testcase classname="test_smartdevice" file="test_smartdevice.py" line="22" name="test_query_helper[/home/tpr/code/python-kasa/kasa/tests/fixtures/HS220(US)_1.0_real.json]" time="0.001"></testcase><testcase classname="test_smartdevice" file="test_smartdevice.py" line="22" name="test_query_helper[/home/tpr/code/python-kasa/kasa/tests/fixtures/KL130(US)_1.0.json]" time="0.001"></testcase><testcase classname="test_smartdevice" file="test_smartdevice.py" line="22" name="test_query_helper[/home/tpr/code/python-kasa/kasa/tests/fixtures/HS300(US)_1.0.json]" time="0.001"></testcase><testcase classname="test_smartdevice" file="test_smartdevice.py" line="22" name="test_query_helper[/home/tpr/code/python-kasa/kasa/tests/fixtures/HS107(US)_1.0_real.json]" time="0.001"></testcase><testcase classname="test_smartdevice" file="test_smartdevice.py" line="22" name="test_query_helper[/home/tpr/code/python-kasa/kasa/tests/fixtures/HS110(EU)_1.0_real.json]" time="0.001"></testcase><testcase classname="test_smartdevice" file="test_smartdevice.py" line="22" name="test_query_helper[/home/tpr/code/python-kasa/kasa/tests/fixtures/HS105(US)_1.0_real.json]" time="0.001"></testcase><testcase classname="test_smartdevice" file="test_smartdevice.py" line="22" name="test_query_helper[/home/tpr/code/python-kasa/kasa/tests/fixtures/KL60(UN)_1.0.json]" time="0.001"></testcase><testcase classname="test_smartdevice" file="test_smartdevice.py" line="22" name="test_query_helper[/home/tpr/code/python-kasa/kasa/tests/fixtures/HS103(US)_1.0.json]" time="0.001"></testcase><testcase classname="test_smartdevice" file="test_smartdevice.py" line="22" name="test_query_helper[/home/tpr/code/python-kasa/kasa/tests/fixtures/KP303(UK)_1.0.json]" time="0.001"></testcase><testcase classname="test_smartdevice" file="test_smartdevice.py" line="28" name="test_state[/home/tpr/code/python-kasa/kasa/tests/fixtures/HS110(EU)_2.0.json-True]" time="0.001"></testcase><testcase classname="test_smartdevice" file="test_smartdevice.py" line="28" name="test_state[/home/tpr/code/python-kasa/kasa/tests/fixtures/HS110(EU)_2.0.json-False]" time="0.001"></testcase><testcase classname="test_smartdevice" file="test_smartdevice.py" line="28" name="test_state[/home/tpr/code/python-kasa/kasa/tests/fixtures/HS100(US)_2.0_real.json-True]" time="0.001"></testcase><testcase classname="test_smartdevice" file="test_smartdevice.py" line="28" name="test_state[/home/tpr/code/python-kasa/kasa/tests/fixtures/HS100(US)_2.0_real.json-False]" time="0.001"></testcase><testcase classname="test_smartdevice" file="test_smartdevice.py" line="28" name="test_state[/home/tpr/code/python-kasa/kasa/tests/fixtures/HS210(US)_1.0_real.json-True]" time="0.001"></testcase><testcase classname="test_smartdevice" file="test_smartdevice.py" line="28" name="test_state[/home/tpr/code/python-kasa/kasa/tests/fixtures/HS210(US)_1.0_real.json-False]" time="0.001"></testcase><testcase classname="test_smartdevice" file="test_smartdevice.py" line="28" name="test_state[/home/tpr/code/python-kasa/kasa/tests/fixtures/KL120(US)_1.0_real.json-True]" time="0.001"></testcase><testcase classname="test_smartdevice" file="test_smartdevice.py" line="28" name="test_state[/home/tpr/code/python-kasa/kasa/tests/fixtures/KL120(US)_1.0_real.json-False]" time="0.001"></testcase><testcase classname="test_smartdevice" file="test_smartdevice.py" line="28" name="test_state[/home/tpr/code/python-kasa/kasa/tests/fixtures/HS105(US)_1.0.json-True]" time="0.001"></testcase><testcase classname="test_smartdevice" file="test_smartdevice.py" line="28" name="test_state[/home/tpr/code/python-kasa/kasa/tests/fixtures/HS105(US)_1.0.json-False]" time="0.001"></testcase><testcase classname="test_smartdevice" file="test_smartdevice.py" line="28" name="test_state[/home/tpr/code/python-kasa/kasa/tests/fixtures/LB120(US)_1.0.json-True]" time="0.001"></testcase><testcase classname="test_smartdevice" file="test_smartdevice.py" line="28" name="test_state[/home/tpr/code/python-kasa/kasa/tests/fixtures/LB120(US)_1.0.json-False]" time="0.001"></testcase><testcase classname="test_smartdevice" file="test_smartdevice.py" line="28" name="test_state[/home/tpr/code/python-kasa/kasa/tests/fixtures/HS300(US)_1.0_real.json-True]" time="0.001"></testcase><testcase classname="test_smartdevice" file="test_smartdevice.py" line="28" name="test_state[/home/tpr/code/python-kasa/kasa/tests/fixtures/HS300(US)_1.0_real.json-False]" time="0.001"></testcase><testcase classname="test_smartdevice" file="test_smartdevice.py" line="28" name="test_state[/home/tpr/code/python-kasa/kasa/tests/fixtures/LB130(US)_1.0.json-True]" time="0.001"></testcase><testcase classname="test_smartdevice" file="test_smartdevice.py" line="28" name="test_state[/home/tpr/code/python-kasa/kasa/tests/fixtures/LB130(US)_1.0.json-False]" time="0.001"></testcase><testcase classname="test_smartdevice" file="test_smartdevice.py" line="28" name="test_state[/home/tpr/code/python-kasa/kasa/tests/fixtures/KP400(US)_1.0.json-True]" time="0.001"></testcase><testcase classname="test_smartdevice" file="test_smartdevice.py" line="28" name="test_state[/home/tpr/code/python-kasa/kasa/tests/fixtures/KP400(US)_1.0.json-False]" time="0.001"></testcase><testcase classname="test_smartdevice" file="test_smartdevice.py" line="28" name="test_state[/home/tpr/code/python-kasa/kasa/tests/fixtures/HS100(US)_1.0_real.json-True]" time="0.001"></testcase><testcase classname="test_smartdevice" file="test_smartdevice.py" line="28" name="test_state[/home/tpr/code/python-kasa/kasa/tests/fixtures/HS100(US)_1.0_real.json-False]" time="0.001"></testcase><testcase classname="test_smartdevice" file="test_smartdevice.py" line="28" name="test_state[/home/tpr/code/python-kasa/kasa/tests/fixtures/HS110(US)_1.0.json-True]" time="0.001"></testcase><testcase classname="test_smartdevice" file="test_smartdevice.py" line="28" name="test_state[/home/tpr/code/python-kasa/kasa/tests/fixtures/HS110(US)_1.0.json-False]" time="0.001"></testcase><testcase classname="test_smartdevice" file="test_smartdevice.py" line="28" name="test_state[/home/tpr/code/python-kasa/kasa/tests/fixtures/HS220(US)_1.0.json-True]" time="0.001"></testcase><testcase classname="test_smartdevice" file="test_smartdevice.py" line="28" name="test_state[/home/tpr/code/python-kasa/kasa/tests/fixtures/HS220(US)_1.0.json-False]" time="0.001"></testcase><testcase classname="test_smartdevice" file="test_smartdevice.py" line="28" name="test_state[/home/tpr/code/python-kasa/kasa/tests/fixtures/HS103(US)_2.1.json-True]" time="0.001"></testcase><testcase classname="test_smartdevice" file="test_smartdevice.py" line="28" name="test_state[/home/tpr/code/python-kasa/kasa/tests/fixtures/HS103(US)_2.1.json-False]" time="0.001"></testcase><testcase classname="test_smartdevice" file="test_smartdevice.py" line="28" name="test_state[/home/tpr/code/python-kasa/kasa/tests/fixtures/LB100(US)_1.0.json-True]" time="0.001"></testcase><testcase classname="test_smartdevice" file="test_smartdevice.py" line="28" name="test_state[/home/tpr/code/python-kasa/kasa/tests/fixtures/LB100(US)_1.0.json-False]" time="0.001"></testcase><testcase classname="test_smartdevice" file="test_smartdevice.py" line="28" name="test_state[/home/tpr/code/python-kasa/kasa/tests/fixtures/HS200(US)_1.0.json-True]" time="0.001"></testcase><testcase classname="test_smartdevice" file="test_smartdevice.py" line="28" name="test_state[/home/tpr/code/python-kasa/kasa/tests/fixtures/HS200(US)_1.0.json-False]" time="0.001"></testcase><testcase classname="test_smartdevice" file="test_smartdevice.py" line="28" name="test_state[/home/tpr/code/python-kasa/kasa/tests/fixtures/HS100(US)_1.0.json-True]" time="0.001"></testcase><testcase classname="test_smartdevice" file="test_smartdevice.py" line="28" name="test_state[/home/tpr/code/python-kasa/kasa/tests/fixtures/HS100(US)_1.0.json-False]" time="0.001"></testcase><testcase classname="test_smartdevice" file="test_smartdevice.py" line="28" name="test_state[/home/tpr/code/python-kasa/kasa/tests/fixtures/HS200(US)_2.0_real.json-True]" time="0.001"></testcase><testcase classname="test_smartdevice" file="test_smartdevice.py" line="28" name="test_state[/home/tpr/code/python-kasa/kasa/tests/fixtures/HS200(US)_2.0_real.json-False]" time="0.001"></testcase><testcase classname="test_smartdevice" file="test_smartdevice.py" line="28" name="test_state[/home/tpr/code/python-kasa/kasa/tests/fixtures/HS220(US)_1.0_real.json-True]" time="0.001"></testcase><testcase classname="test_smartdevice" file="test_smartdevice.py" line="28" name="test_state[/home/tpr/code/python-kasa/kasa/tests/fixtures/HS220(US)_1.0_real.json-False]" time="0.001"></testcase><testcase classname="test_smartdevice" file="test_smartdevice.py" line="28" name="test_state[/home/tpr/code/python-kasa/kasa/tests/fixtures/KL130(US)_1.0.json-True]" time="0.001"></testcase><testcase classname="test_smartdevice" file="test_smartdevice.py" line="28" name="test_state[/home/tpr/code/python-kasa/kasa/tests/fixtures/KL130(US)_1.0.json-False]" time="0.001"></testcase><testcase classname="test_smartdevice" file="test_smartdevice.py" line="28" name="test_state[/home/tpr/code/python-kasa/kasa/tests/fixtures/HS300(US)_1.0.json-True]" time="0.001"></testcase><testcase classname="test_smartdevice" file="test_smartdevice.py" line="28" name="test_state[/home/tpr/code/python-kasa/kasa/tests/fixtures/HS300(US)_1.0.json-False]" time="0.001"></testcase><testcase classname="test_smartdevice" file="test_smartdevice.py" line="28" name="test_state[/home/tpr/code/python-kasa/kasa/tests/fixtures/HS107(US)_1.0_real.json-True]" time="0.001"></testcase><testcase classname="test_smartdevice" file="test_smartdevice.py" line="28" name="test_state[/home/tpr/code/python-kasa/kasa/tests/fixtures/HS107(US)_1.0_real.json-False]" time="0.002"></testcase><testcase classname="test_smartdevice" file="test_smartdevice.py" line="28" name="test_state[/home/tpr/code/python-kasa/kasa/tests/fixtures/HS110(EU)_1.0_real.json-True]" time="0.001"></testcase><testcase classname="test_smartdevice" file="test_smartdevice.py" line="28" name="test_state[/home/tpr/code/python-kasa/kasa/tests/fixtures/HS110(EU)_1.0_real.json-False]" time="0.001"></testcase><testcase classname="test_smartdevice" file="test_smartdevice.py" line="28" name="test_state[/home/tpr/code/python-kasa/kasa/tests/fixtures/HS105(US)_1.0_real.json-True]" time="0.001"></testcase><testcase classname="test_smartdevice" file="test_smartdevice.py" line="28" name="test_state[/home/tpr/code/python-kasa/kasa/tests/fixtures/HS105(US)_1.0_real.json-False]" time="0.001"></testcase><testcase classname="test_smartdevice" file="test_smartdevice.py" line="28" name="test_state[/home/tpr/code/python-kasa/kasa/tests/fixtures/KL60(UN)_1.0.json-True]" time="0.001"></testcase><testcase classname="test_smartdevice" file="test_smartdevice.py" line="28" name="test_state[/home/tpr/code/python-kasa/kasa/tests/fixtures/KL60(UN)_1.0.json-False]" time="0.001"></testcase><testcase classname="test_smartdevice" file="test_smartdevice.py" line="28" name="test_state[/home/tpr/code/python-kasa/kasa/tests/fixtures/HS103(US)_1.0.json-True]" time="0.001"></testcase><testcase classname="test_smartdevice" file="test_smartdevice.py" line="28" name="test_state[/home/tpr/code/python-kasa/kasa/tests/fixtures/HS103(US)_1.0.json-False]" time="0.001"></testcase><testcase classname="test_smartdevice" file="test_smartdevice.py" line="28" name="test_state[/home/tpr/code/python-kasa/kasa/tests/fixtures/KP303(UK)_1.0.json-True]" time="0.001"></testcase><testcase classname="test_smartdevice" file="test_smartdevice.py" line="28" name="test_state[/home/tpr/code/python-kasa/kasa/tests/fixtures/KP303(UK)_1.0.json-False]" time="0.001"></testcase><testcase classname="test_smartdevice" file="test_smartdevice.py" line="50" name="test_alias[/home/tpr/code/python-kasa/kasa/tests/fixtures/HS110(EU)_2.0.json]" time="0.001"></testcase><testcase classname="test_smartdevice" file="test_smartdevice.py" line="50" name="test_alias[/home/tpr/code/python-kasa/kasa/tests/fixtures/HS100(US)_2.0_real.json]" time="0.002"></testcase><testcase classname="test_smartdevice" file="test_smartdevice.py" line="50" name="test_alias[/home/tpr/code/python-kasa/kasa/tests/fixtures/HS210(US)_1.0_real.json]" time="0.001"></testcase><testcase classname="test_smartdevice" file="test_smartdevice.py" line="50" name="test_alias[/home/tpr/code/python-kasa/kasa/tests/fixtures/KL120(US)_1.0_real.json]" time="0.001"></testcase><testcase classname="test_smartdevice" file="test_smartdevice.py" line="50" name="test_alias[/home/tpr/code/python-kasa/kasa/tests/fixtures/HS105(US)_1.0.json]" time="0.001"></testcase><testcase classname="test_smartdevice" file="test_smartdevice.py" line="50" name="test_alias[/home/tpr/code/python-kasa/kasa/tests/fixtures/LB120(US)_1.0.json]" time="0.001"></testcase><testcase classname="test_smartdevice" file="test_smartdevice.py" line="50" name="test_alias[/home/tpr/code/python-kasa/kasa/tests/fixtures/HS300(US)_1.0_real.json]" time="0.001"></testcase><testcase classname="test_smartdevice" file="test_smartdevice.py" line="50" name="test_alias[/home/tpr/code/python-kasa/kasa/tests/fixtures/LB130(US)_1.0.json]" time="0.001"></testcase><testcase classname="test_smartdevice" file="test_smartdevice.py" line="50" name="test_alias[/home/tpr/code/python-kasa/kasa/tests/fixtures/KP400(US)_1.0.json]" time="0.001"></testcase><testcase classname="test_smartdevice" file="test_smartdevice.py" line="50" name="test_alias[/home/tpr/code/python-kasa/kasa/tests/fixtures/HS100(US)_1.0_real.json]" time="0.001"></testcase><testcase classname="test_smartdevice" file="test_smartdevice.py" line="50" name="test_alias[/home/tpr/code/python-kasa/kasa/tests/fixtures/HS110(US)_1.0.json]" time="0.001"></testcase><testcase classname="test_smartdevice" file="test_smartdevice.py" line="50" name="test_alias[/home/tpr/code/python-kasa/kasa/tests/fixtures/HS220(US)_1.0.json]" time="0.001"></testcase><testcase classname="test_smartdevice" file="test_smartdevice.py" line="50" name="test_alias[/home/tpr/code/python-kasa/kasa/tests/fixtures/HS103(US)_2.1.json]" time="0.001"></testcase><testcase classname="test_smartdevice" file="test_smartdevice.py" line="50" name="test_alias[/home/tpr/code/python-kasa/kasa/tests/fixtures/LB100(US)_1.0.json]" time="0.001"></testcase><testcase classname="test_smartdevice" file="test_smartdevice.py" line="50" name="test_alias[/home/tpr/code/python-kasa/kasa/tests/fixtures/HS200(US)_1.0.json]" time="0.001"></testcase><testcase classname="test_smartdevice" file="test_smartdevice.py" line="50" name="test_alias[/home/tpr/code/python-kasa/kasa/tests/fixtures/HS100(US)_1.0.json]" time="0.001"></testcase><testcase classname="test_smartdevice" file="test_smartdevice.py" line="50" name="test_alias[/home/tpr/code/python-kasa/kasa/tests/fixtures/HS200(US)_2.0_real.json]" time="0.001"></testcase><testcase classname="test_smartdevice" file="test_smartdevice.py" line="50" name="test_alias[/home/tpr/code/python-kasa/kasa/tests/fixtures/HS220(US)_1.0_real.json]" time="0.001"></testcase><testcase classname="test_smartdevice" file="test_smartdevice.py" line="50" name="test_alias[/home/tpr/code/python-kasa/kasa/tests/fixtures/KL130(US)_1.0.json]" time="0.001"></testcase><testcase classname="test_smartdevice" file="test_smartdevice.py" line="50" name="test_alias[/home/tpr/code/python-kasa/kasa/tests/fixtures/HS300(US)_1.0.json]" time="0.001"></testcase><testcase classname="test_smartdevice" file="test_smartdevice.py" line="50" name="test_alias[/home/tpr/code/python-kasa/kasa/tests/fixtures/HS107(US)_1.0_real.json]" time="0.001"></testcase><testcase classname="test_smartdevice" file="test_smartdevice.py" line="50" name="test_alias[/home/tpr/code/python-kasa/kasa/tests/fixtures/HS110(EU)_1.0_real.json]" time="0.001"></testcase><testcase classname="test_smartdevice" file="test_smartdevice.py" line="50" name="test_alias[/home/tpr/code/python-kasa/kasa/tests/fixtures/HS105(US)_1.0_real.json]" time="0.001"></testcase><testcase classname="test_smartdevice" file="test_smartdevice.py" line="50" name="test_alias[/home/tpr/code/python-kasa/kasa/tests/fixtures/KL60(UN)_1.0.json]" time="0.001"></testcase><testcase classname="test_smartdevice" file="test_smartdevice.py" line="50" name="test_alias[/home/tpr/code/python-kasa/kasa/tests/fixtures/HS103(US)_1.0.json]" time="0.001"></testcase><testcase classname="test_smartdevice" file="test_smartdevice.py" line="50" name="test_alias[/home/tpr/code/python-kasa/kasa/tests/fixtures/KP303(UK)_1.0.json]" time="0.001"></testcase><testcase classname="test_smartdevice" file="test_smartdevice.py" line="62" name="test_on_since[/home/tpr/code/python-kasa/kasa/tests/fixtures/HS110(EU)_2.0.json-True]" time="0.001"></testcase><testcase classname="test_smartdevice" file="test_smartdevice.py" line="62" name="test_on_since[/home/tpr/code/python-kasa/kasa/tests/fixtures/HS110(EU)_2.0.json-False]" time="0.001"></testcase><testcase classname="test_smartdevice" file="test_smartdevice.py" line="62" name="test_on_since[/home/tpr/code/python-kasa/kasa/tests/fixtures/HS100(US)_2.0_real.json-True]" time="0.001"></testcase><testcase classname="test_smartdevice" file="test_smartdevice.py" line="62" name="test_on_since[/home/tpr/code/python-kasa/kasa/tests/fixtures/HS100(US)_2.0_real.json-False]" time="0.001"></testcase><testcase classname="test_smartdevice" file="test_smartdevice.py" line="62" name="test_on_since[/home/tpr/code/python-kasa/kasa/tests/fixtures/HS210(US)_1.0_real.json-True]" time="0.001"></testcase><testcase classname="test_smartdevice" file="test_smartdevice.py" line="62" name="test_on_since[/home/tpr/code/python-kasa/kasa/tests/fixtures/HS210(US)_1.0_real.json-False]" time="0.001"></testcase><testcase classname="test_smartdevice" file="test_smartdevice.py" line="62" name="test_on_since[/home/tpr/code/python-kasa/kasa/tests/fixtures/KL120(US)_1.0_real.json-True]" time="0.001"></testcase><testcase classname="test_smartdevice" file="test_smartdevice.py" line="62" name="test_on_since[/home/tpr/code/python-kasa/kasa/tests/fixtures/KL120(US)_1.0_real.json-False]" time="0.001"></testcase><testcase classname="test_smartdevice" file="test_smartdevice.py" line="62" name="test_on_since[/home/tpr/code/python-kasa/kasa/tests/fixtures/HS105(US)_1.0.json-True]" time="0.001"></testcase><testcase classname="test_smartdevice" file="test_smartdevice.py" line="62" name="test_on_since[/home/tpr/code/python-kasa/kasa/tests/fixtures/HS105(US)_1.0.json-False]" time="0.001"></testcase><testcase classname="test_smartdevice" file="test_smartdevice.py" line="62" name="test_on_since[/home/tpr/code/python-kasa/kasa/tests/fixtures/LB120(US)_1.0.json-True]" time="0.001"></testcase><testcase classname="test_smartdevice" file="test_smartdevice.py" line="62" name="test_on_since[/home/tpr/code/python-kasa/kasa/tests/fixtures/LB120(US)_1.0.json-False]" time="0.001"></testcase><testcase classname="test_smartdevice" file="test_smartdevice.py" line="62" name="test_on_since[/home/tpr/code/python-kasa/kasa/tests/fixtures/HS300(US)_1.0_real.json-True]" time="0.001"></testcase><testcase classname="test_smartdevice" file="test_smartdevice.py" line="62" name="test_on_since[/home/tpr/code/python-kasa/kasa/tests/fixtures/HS300(US)_1.0_real.json-False]" time="0.001"></testcase><testcase classname="test_smartdevice" file="test_smartdevice.py" line="62" name="test_on_since[/home/tpr/code/python-kasa/kasa/tests/fixtures/LB130(US)_1.0.json-True]" time="0.001"></testcase><testcase classname="test_smartdevice" file="test_smartdevice.py" line="62" name="test_on_since[/home/tpr/code/python-kasa/kasa/tests/fixtures/LB130(US)_1.0.json-False]" time="0.001"></testcase><testcase classname="test_smartdevice" file="test_smartdevice.py" line="62" name="test_on_since[/home/tpr/code/python-kasa/kasa/tests/fixtures/KP400(US)_1.0.json-True]" time="0.001"></testcase><testcase classname="test_smartdevice" file="test_smartdevice.py" line="62" name="test_on_since[/home/tpr/code/python-kasa/kasa/tests/fixtures/KP400(US)_1.0.json-False]" time="0.001"></testcase><testcase classname="test_smartdevice" file="test_smartdevice.py" line="62" name="test_on_since[/home/tpr/code/python-kasa/kasa/tests/fixtures/HS100(US)_1.0_real.json-True]" time="0.001"></testcase><testcase classname="test_smartdevice" file="test_smartdevice.py" line="62" name="test_on_since[/home/tpr/code/python-kasa/kasa/tests/fixtures/HS100(US)_1.0_real.json-False]" time="0.001"></testcase><testcase classname="test_smartdevice" file="test_smartdevice.py" line="62" name="test_on_since[/home/tpr/code/python-kasa/kasa/tests/fixtures/HS110(US)_1.0.json-True]" time="0.001"></testcase><testcase classname="test_smartdevice" file="test_smartdevice.py" line="62" name="test_on_since[/home/tpr/code/python-kasa/kasa/tests/fixtures/HS110(US)_1.0.json-False]" time="0.001"></testcase><testcase classname="test_smartdevice" file="test_smartdevice.py" line="62" name="test_on_since[/home/tpr/code/python-kasa/kasa/tests/fixtures/HS220(US)_1.0.json-True]" time="0.001"></testcase><testcase classname="test_smartdevice" file="test_smartdevice.py" line="62" name="test_on_since[/home/tpr/code/python-kasa/kasa/tests/fixtures/HS220(US)_1.0.json-False]" time="0.001"></testcase><testcase classname="test_smartdevice" file="test_smartdevice.py" line="62" name="test_on_since[/home/tpr/code/python-kasa/kasa/tests/fixtures/HS103(US)_2.1.json-True]" time="0.001"></testcase><testcase classname="test_smartdevice" file="test_smartdevice.py" line="62" name="test_on_since[/home/tpr/code/python-kasa/kasa/tests/fixtures/HS103(US)_2.1.json-False]" time="0.001"></testcase><testcase classname="test_smartdevice" file="test_smartdevice.py" line="62" name="test_on_since[/home/tpr/code/python-kasa/kasa/tests/fixtures/LB100(US)_1.0.json-True]" time="0.001"></testcase><testcase classname="test_smartdevice" file="test_smartdevice.py" line="62" name="test_on_since[/home/tpr/code/python-kasa/kasa/tests/fixtures/LB100(US)_1.0.json-False]" time="0.001"></testcase><testcase classname="test_smartdevice" file="test_smartdevice.py" line="62" name="test_on_since[/home/tpr/code/python-kasa/kasa/tests/fixtures/HS200(US)_1.0.json-True]" time="0.001"></testcase><testcase classname="test_smartdevice" file="test_smartdevice.py" line="62" name="test_on_since[/home/tpr/code/python-kasa/kasa/tests/fixtures/HS200(US)_1.0.json-False]" time="0.002"></testcase><testcase classname="test_smartdevice" file="test_smartdevice.py" line="62" name="test_on_since[/home/tpr/code/python-kasa/kasa/tests/fixtures/HS100(US)_1.0.json-True]" time="0.002"></testcase><testcase classname="test_smartdevice" file="test_smartdevice.py" line="62" name="test_on_since[/home/tpr/code/python-kasa/kasa/tests/fixtures/HS100(US)_1.0.json-False]" time="0.001"></testcase><testcase classname="test_smartdevice" file="test_smartdevice.py" line="62" name="test_on_since[/home/tpr/code/python-kasa/kasa/tests/fixtures/HS200(US)_2.0_real.json-True]" time="0.001"></testcase><testcase classname="test_smartdevice" file="test_smartdevice.py" line="62" name="test_on_since[/home/tpr/code/python-kasa/kasa/tests/fixtures/HS200(US)_2.0_real.json-False]" time="0.001"></testcase><testcase classname="test_smartdevice" file="test_smartdevice.py" line="62" name="test_on_since[/home/tpr/code/python-kasa/kasa/tests/fixtures/HS220(US)_1.0_real.json-True]" time="0.002"></testcase><testcase classname="test_smartdevice" file="test_smartdevice.py" line="62" name="test_on_since[/home/tpr/code/python-kasa/kasa/tests/fixtures/HS220(US)_1.0_real.json-False]" time="0.001"></testcase><testcase classname="test_smartdevice" file="test_smartdevice.py" line="62" name="test_on_since[/home/tpr/code/python-kasa/kasa/tests/fixtures/KL130(US)_1.0.json-True]" time="0.001"></testcase><testcase classname="test_smartdevice" file="test_smartdevice.py" line="62" name="test_on_since[/home/tpr/code/python-kasa/kasa/tests/fixtures/KL130(US)_1.0.json-False]" time="0.001"></testcase><testcase classname="test_smartdevice" file="test_smartdevice.py" line="62" name="test_on_since[/home/tpr/code/python-kasa/kasa/tests/fixtures/HS300(US)_1.0.json-True]" time="0.001"></testcase><testcase classname="test_smartdevice" file="test_smartdevice.py" line="62" name="test_on_since[/home/tpr/code/python-kasa/kasa/tests/fixtures/HS300(US)_1.0.json-False]" time="0.001"></testcase><testcase classname="test_smartdevice" file="test_smartdevice.py" line="62" name="test_on_since[/home/tpr/code/python-kasa/kasa/tests/fixtures/HS107(US)_1.0_real.json-True]" time="0.001"></testcase><testcase classname="test_smartdevice" file="test_smartdevice.py" line="62" name="test_on_since[/home/tpr/code/python-kasa/kasa/tests/fixtures/HS107(US)_1.0_real.json-False]" time="0.001"></testcase><testcase classname="test_smartdevice" file="test_smartdevice.py" line="62" name="test_on_since[/home/tpr/code/python-kasa/kasa/tests/fixtures/HS110(EU)_1.0_real.json-True]" time="0.001"></testcase><testcase classname="test_smartdevice" file="test_smartdevice.py" line="62" name="test_on_since[/home/tpr/code/python-kasa/kasa/tests/fixtures/HS110(EU)_1.0_real.json-False]" time="0.001"></testcase><testcase classname="test_smartdevice" file="test_smartdevice.py" line="62" name="test_on_since[/home/tpr/code/python-kasa/kasa/tests/fixtures/HS105(US)_1.0_real.json-True]" time="0.001"></testcase><testcase classname="test_smartdevice" file="test_smartdevice.py" line="62" name="test_on_since[/home/tpr/code/python-kasa/kasa/tests/fixtures/HS105(US)_1.0_real.json-False]" time="0.001"></testcase><testcase classname="test_smartdevice" file="test_smartdevice.py" line="62" name="test_on_since[/home/tpr/code/python-kasa/kasa/tests/fixtures/KL60(UN)_1.0.json-True]" time="0.001"></testcase><testcase classname="test_smartdevice" file="test_smartdevice.py" line="62" name="test_on_since[/home/tpr/code/python-kasa/kasa/tests/fixtures/KL60(UN)_1.0.json-False]" time="0.001"></testcase><testcase classname="test_smartdevice" file="test_smartdevice.py" line="62" name="test_on_since[/home/tpr/code/python-kasa/kasa/tests/fixtures/HS103(US)_1.0.json-True]" time="0.001"></testcase><testcase classname="test_smartdevice" file="test_smartdevice.py" line="62" name="test_on_since[/home/tpr/code/python-kasa/kasa/tests/fixtures/HS103(US)_1.0.json-False]" time="0.001"></testcase><testcase classname="test_smartdevice" file="test_smartdevice.py" line="62" name="test_on_since[/home/tpr/code/python-kasa/kasa/tests/fixtures/KP303(UK)_1.0.json-True]" time="0.001"></testcase><testcase classname="test_smartdevice" file="test_smartdevice.py" line="62" name="test_on_since[/home/tpr/code/python-kasa/kasa/tests/fixtures/KP303(UK)_1.0.json-False]" time="0.001"></testcase><testcase classname="test_smartdevice" file="test_smartdevice.py" line="74" name="test_time[/home/tpr/code/python-kasa/kasa/tests/fixtures/HS110(EU)_2.0.json]" time="0.001"></testcase><testcase classname="test_smartdevice" file="test_smartdevice.py" line="74" name="test_time[/home/tpr/code/python-kasa/kasa/tests/fixtures/HS100(US)_2.0_real.json]" time="0.001"></testcase><testcase classname="test_smartdevice" file="test_smartdevice.py" line="74" name="test_time[/home/tpr/code/python-kasa/kasa/tests/fixtures/HS210(US)_1.0_real.json]" time="0.002"></testcase><testcase classname="test_smartdevice" file="test_smartdevice.py" line="74" name="test_time[/home/tpr/code/python-kasa/kasa/tests/fixtures/KL120(US)_1.0_real.json]" time="0.001"></testcase><testcase classname="test_smartdevice" file="test_smartdevice.py" line="74" name="test_time[/home/tpr/code/python-kasa/kasa/tests/fixtures/HS105(US)_1.0.json]" time="0.001"></testcase><testcase classname="test_smartdevice" file="test_smartdevice.py" line="74" name="test_time[/home/tpr/code/python-kasa/kasa/tests/fixtures/LB120(US)_1.0.json]" time="0.001"></testcase><testcase classname="test_smartdevice" file="test_smartdevice.py" line="74" name="test_time[/home/tpr/code/python-kasa/kasa/tests/fixtures/HS300(US)_1.0_real.json]" time="0.001"></testcase><testcase classname="test_smartdevice" file="test_smartdevice.py" line="74" name="test_time[/home/tpr/code/python-kasa/kasa/tests/fixtures/LB130(US)_1.0.json]" time="0.001"></testcase><testcase classname="test_smartdevice" file="test_smartdevice.py" line="74" name="test_time[/home/tpr/code/python-kasa/kasa/tests/fixtures/KP400(US)_1.0.json]" time="0.001"></testcase><testcase classname="test_smartdevice" file="test_smartdevice.py" line="74" name="test_time[/home/tpr/code/python-kasa/kasa/tests/fixtures/HS100(US)_1.0_real.json]" time="0.001"></testcase><testcase classname="test_smartdevice" file="test_smartdevice.py" line="74" name="test_time[/home/tpr/code/python-kasa/kasa/tests/fixtures/HS110(US)_1.0.json]" time="0.001"></testcase><testcase classname="test_smartdevice" file="test_smartdevice.py" line="74" name="test_time[/home/tpr/code/python-kasa/kasa/tests/fixtures/HS220(US)_1.0.json]" time="0.001"></testcase><testcase classname="test_smartdevice" file="test_smartdevice.py" line="74" name="test_time[/home/tpr/code/python-kasa/kasa/tests/fixtures/HS103(US)_2.1.json]" time="0.001"></testcase><testcase classname="test_smartdevice" file="test_smartdevice.py" line="74" name="test_time[/home/tpr/code/python-kasa/kasa/tests/fixtures/LB100(US)_1.0.json]" time="0.001"></testcase><testcase classname="test_smartdevice" file="test_smartdevice.py" line="74" name="test_time[/home/tpr/code/python-kasa/kasa/tests/fixtures/HS200(US)_1.0.json]" time="0.001"></testcase><testcase classname="test_smartdevice" file="test_smartdevice.py" line="74" name="test_time[/home/tpr/code/python-kasa/kasa/tests/fixtures/HS100(US)_1.0.json]" time="0.001"></testcase><testcase classname="test_smartdevice" file="test_smartdevice.py" line="74" name="test_time[/home/tpr/code/python-kasa/kasa/tests/fixtures/HS200(US)_2.0_real.json]" time="0.001"></testcase><testcase classname="test_smartdevice" file="test_smartdevice.py" line="74" name="test_time[/home/tpr/code/python-kasa/kasa/tests/fixtures/HS220(US)_1.0_real.json]" time="0.001"></testcase><testcase classname="test_smartdevice" file="test_smartdevice.py" line="74" name="test_time[/home/tpr/code/python-kasa/kasa/tests/fixtures/KL130(US)_1.0.json]" time="0.001"></testcase><testcase classname="test_smartdevice" file="test_smartdevice.py" line="74" name="test_time[/home/tpr/code/python-kasa/kasa/tests/fixtures/HS300(US)_1.0.json]" time="0.001"></testcase><testcase classname="test_smartdevice" file="test_smartdevice.py" line="74" name="test_time[/home/tpr/code/python-kasa/kasa/tests/fixtures/HS107(US)_1.0_real.json]" time="0.001"></testcase><testcase classname="test_smartdevice" file="test_smartdevice.py" line="74" name="test_time[/home/tpr/code/python-kasa/kasa/tests/fixtures/HS110(EU)_1.0_real.json]" time="0.002"></testcase><testcase classname="test_smartdevice" file="test_smartdevice.py" line="74" name="test_time[/home/tpr/code/python-kasa/kasa/tests/fixtures/HS105(US)_1.0_real.json]" time="0.002"></testcase><testcase classname="test_smartdevice" file="test_smartdevice.py" line="74" name="test_time[/home/tpr/code/python-kasa/kasa/tests/fixtures/KL60(UN)_1.0.json]" time="0.001"></testcase><testcase classname="test_smartdevice" file="test_smartdevice.py" line="74" name="test_time[/home/tpr/code/python-kasa/kasa/tests/fixtures/HS103(US)_1.0.json]" time="0.001"></testcase><testcase classname="test_smartdevice" file="test_smartdevice.py" line="74" name="test_time[/home/tpr/code/python-kasa/kasa/tests/fixtures/KP303(UK)_1.0.json]" time="0.001"></testcase><testcase classname="test_smartdevice" file="test_smartdevice.py" line="78" name="test_timezone[/home/tpr/code/python-kasa/kasa/tests/fixtures/HS110(EU)_2.0.json]" time="0.001"></testcase><testcase classname="test_smartdevice" file="test_smartdevice.py" line="78" name="test_timezone[/home/tpr/code/python-kasa/kasa/tests/fixtures/HS100(US)_2.0_real.json]" time="0.001"></testcase><testcase classname="test_smartdevice" file="test_smartdevice.py" line="78" name="test_timezone[/home/tpr/code/python-kasa/kasa/tests/fixtures/HS210(US)_1.0_real.json]" time="0.001"></testcase><testcase classname="test_smartdevice" file="test_smartdevice.py" line="78" name="test_timezone[/home/tpr/code/python-kasa/kasa/tests/fixtures/KL120(US)_1.0_real.json]" time="0.001"></testcase><testcase classname="test_smartdevice" file="test_smartdevice.py" line="78" name="test_timezone[/home/tpr/code/python-kasa/kasa/tests/fixtures/HS105(US)_1.0.json]" time="0.001"></testcase><testcase classname="test_smartdevice" file="test_smartdevice.py" line="78" name="test_timezone[/home/tpr/code/python-kasa/kasa/tests/fixtures/LB120(US)_1.0.json]" time="0.001"></testcase><testcase classname="test_smartdevice" file="test_smartdevice.py" line="78" name="test_timezone[/home/tpr/code/python-kasa/kasa/tests/fixtures/HS300(US)_1.0_real.json]" time="0.001"></testcase><testcase classname="test_smartdevice" file="test_smartdevice.py" line="78" name="test_timezone[/home/tpr/code/python-kasa/kasa/tests/fixtures/LB130(US)_1.0.json]" time="0.001"></testcase><testcase classname="test_smartdevice" file="test_smartdevice.py" line="78" name="test_timezone[/home/tpr/code/python-kasa/kasa/tests/fixtures/KP400(US)_1.0.json]" time="0.001"></testcase><testcase classname="test_smartdevice" file="test_smartdevice.py" line="78" name="test_timezone[/home/tpr/code/python-kasa/kasa/tests/fixtures/HS100(US)_1.0_real.json]" time="0.001"></testcase><testcase classname="test_smartdevice" file="test_smartdevice.py" line="78" name="test_timezone[/home/tpr/code/python-kasa/kasa/tests/fixtures/HS110(US)_1.0.json]" time="0.001"></testcase><testcase classname="test_smartdevice" file="test_smartdevice.py" line="78" name="test_timezone[/home/tpr/code/python-kasa/kasa/tests/fixtures/HS220(US)_1.0.json]" time="0.001"></testcase><testcase classname="test_smartdevice" file="test_smartdevice.py" line="78" name="test_timezone[/home/tpr/code/python-kasa/kasa/tests/fixtures/HS103(US)_2.1.json]" time="0.001"></testcase><testcase classname="test_smartdevice" file="test_smartdevice.py" line="78" name="test_timezone[/home/tpr/code/python-kasa/kasa/tests/fixtures/LB100(US)_1.0.json]" time="0.001"></testcase><testcase classname="test_smartdevice" file="test_smartdevice.py" line="78" name="test_timezone[/home/tpr/code/python-kasa/kasa/tests/fixtures/HS200(US)_1.0.json]" time="0.001"></testcase><testcase classname="test_smartdevice" file="test_smartdevice.py" line="78" name="test_timezone[/home/tpr/code/python-kasa/kasa/tests/fixtures/HS100(US)_1.0.json]" time="0.001"></testcase><testcase classname="test_smartdevice" file="test_smartdevice.py" line="78" name="test_timezone[/home/tpr/code/python-kasa/kasa/tests/fixtures/HS200(US)_2.0_real.json]" time="0.001"></testcase><testcase classname="test_smartdevice" file="test_smartdevice.py" line="78" name="test_timezone[/home/tpr/code/python-kasa/kasa/tests/fixtures/HS220(US)_1.0_real.json]" time="0.001"></testcase><testcase classname="test_smartdevice" file="test_smartdevice.py" line="78" name="test_timezone[/home/tpr/code/python-kasa/kasa/tests/fixtures/KL130(US)_1.0.json]" time="0.002"></testcase><testcase classname="test_smartdevice" file="test_smartdevice.py" line="78" name="test_timezone[/home/tpr/code/python-kasa/kasa/tests/fixtures/HS300(US)_1.0.json]" time="0.001"></testcase><testcase classname="test_smartdevice" file="test_smartdevice.py" line="78" name="test_timezone[/home/tpr/code/python-kasa/kasa/tests/fixtures/HS107(US)_1.0_real.json]" time="0.001"></testcase><testcase classname="test_smartdevice" file="test_smartdevice.py" line="78" name="test_timezone[/home/tpr/code/python-kasa/kasa/tests/fixtures/HS110(EU)_1.0_real.json]" time="0.001"></testcase><testcase classname="test_smartdevice" file="test_smartdevice.py" line="78" name="test_timezone[/home/tpr/code/python-kasa/kasa/tests/fixtures/HS105(US)_1.0_real.json]" time="0.001"></testcase><testcase classname="test_smartdevice" file="test_smartdevice.py" line="78" name="test_timezone[/home/tpr/code/python-kasa/kasa/tests/fixtures/KL60(UN)_1.0.json]" time="0.001"></testcase><testcase classname="test_smartdevice" file="test_smartdevice.py" line="78" name="test_timezone[/home/tpr/code/python-kasa/kasa/tests/fixtures/HS103(US)_1.0.json]" time="0.001"></testcase><testcase classname="test_smartdevice" file="test_smartdevice.py" line="78" name="test_timezone[/home/tpr/code/python-kasa/kasa/tests/fixtures/KP303(UK)_1.0.json]" time="0.001"></testcase><testcase classname="test_smartdevice" file="test_smartdevice.py" line="82" name="test_hw_info[/home/tpr/code/python-kasa/kasa/tests/fixtures/HS110(EU)_2.0.json]" time="0.001"></testcase><testcase classname="test_smartdevice" file="test_smartdevice.py" line="82" name="test_hw_info[/home/tpr/code/python-kasa/kasa/tests/fixtures/HS100(US)_2.0_real.json]" time="0.001"></testcase><testcase classname="test_smartdevice" file="test_smartdevice.py" line="82" name="test_hw_info[/home/tpr/code/python-kasa/kasa/tests/fixtures/HS210(US)_1.0_real.json]" time="0.027"></testcase><testcase classname="test_smartdevice" file="test_smartdevice.py" line="82" name="test_hw_info[/home/tpr/code/python-kasa/kasa/tests/fixtures/KL120(US)_1.0_real.json]" time="0.001"></testcase><testcase classname="test_smartdevice" file="test_smartdevice.py" line="82" name="test_hw_info[/home/tpr/code/python-kasa/kasa/tests/fixtures/HS105(US)_1.0.json]" time="0.001"></testcase><testcase classname="test_smartdevice" file="test_smartdevice.py" line="82" name="test_hw_info[/home/tpr/code/python-kasa/kasa/tests/fixtures/LB120(US)_1.0.json]" time="0.001"></testcase><testcase classname="test_smartdevice" file="test_smartdevice.py" line="82" name="test_hw_info[/home/tpr/code/python-kasa/kasa/tests/fixtures/HS300(US)_1.0_real.json]" time="0.001"></testcase><testcase classname="test_smartdevice" file="test_smartdevice.py" line="82" name="test_hw_info[/home/tpr/code/python-kasa/kasa/tests/fixtures/LB130(US)_1.0.json]" time="0.001"></testcase><testcase classname="test_smartdevice" file="test_smartdevice.py" line="82" name="test_hw_info[/home/tpr/code/python-kasa/kasa/tests/fixtures/KP400(US)_1.0.json]" time="0.001"></testcase><testcase classname="test_smartdevice" file="test_smartdevice.py" line="82" name="test_hw_info[/home/tpr/code/python-kasa/kasa/tests/fixtures/HS100(US)_1.0_real.json]" time="0.001"></testcase><testcase classname="test_smartdevice" file="test_smartdevice.py" line="82" name="test_hw_info[/home/tpr/code/python-kasa/kasa/tests/fixtures/HS110(US)_1.0.json]" time="0.001"></testcase><testcase classname="test_smartdevice" file="test_smartdevice.py" line="82" name="test_hw_info[/home/tpr/code/python-kasa/kasa/tests/fixtures/HS220(US)_1.0.json]" time="0.001"></testcase><testcase classname="test_smartdevice" file="test_smartdevice.py" line="82" name="test_hw_info[/home/tpr/code/python-kasa/kasa/tests/fixtures/HS103(US)_2.1.json]" time="0.001"></testcase><testcase classname="test_smartdevice" file="test_smartdevice.py" line="82" name="test_hw_info[/home/tpr/code/python-kasa/kasa/tests/fixtures/LB100(US)_1.0.json]" time="0.001"></testcase><testcase classname="test_smartdevice" file="test_smartdevice.py" line="82" name="test_hw_info[/home/tpr/code/python-kasa/kasa/tests/fixtures/HS200(US)_1.0.json]" time="0.001"></testcase><testcase classname="test_smartdevice" file="test_smartdevice.py" line="82" name="test_hw_info[/home/tpr/code/python-kasa/kasa/tests/fixtures/HS100(US)_1.0.json]" time="0.001"></testcase><testcase classname="test_smartdevice" file="test_smartdevice.py" line="82" name="test_hw_info[/home/tpr/code/python-kasa/kasa/tests/fixtures/HS200(US)_2.0_real.json]" time="0.001"></testcase><testcase classname="test_smartdevice" file="test_smartdevice.py" line="82" name="test_hw_info[/home/tpr/code/python-kasa/kasa/tests/fixtures/HS220(US)_1.0_real.json]" time="0.001"></testcase><testcase classname="test_smartdevice" file="test_smartdevice.py" line="82" name="test_hw_info[/home/tpr/code/python-kasa/kasa/tests/fixtures/KL130(US)_1.0.json]" time="0.001"></testcase><testcase classname="test_smartdevice" file="test_smartdevice.py" line="82" name="test_hw_info[/home/tpr/code/python-kasa/kasa/tests/fixtures/HS300(US)_1.0.json]" time="0.001"></testcase><testcase classname="test_smartdevice" file="test_smartdevice.py" line="82" name="test_hw_info[/home/tpr/code/python-kasa/kasa/tests/fixtures/HS107(US)_1.0_real.json]" time="0.001"></testcase><testcase classname="test_smartdevice" file="test_smartdevice.py" line="82" name="test_hw_info[/home/tpr/code/python-kasa/kasa/tests/fixtures/HS110(EU)_1.0_real.json]" time="0.001"></testcase><testcase classname="test_smartdevice" file="test_smartdevice.py" line="82" name="test_hw_info[/home/tpr/code/python-kasa/kasa/tests/fixtures/HS105(US)_1.0_real.json]" time="0.001"></testcase><testcase classname="test_smartdevice" file="test_smartdevice.py" line="82" name="test_hw_info[/home/tpr/code/python-kasa/kasa/tests/fixtures/KL60(UN)_1.0.json]" time="0.001"></testcase><testcase classname="test_smartdevice" file="test_smartdevice.py" line="82" name="test_hw_info[/home/tpr/code/python-kasa/kasa/tests/fixtures/HS103(US)_1.0.json]" time="0.001"></testcase><testcase classname="test_smartdevice" file="test_smartdevice.py" line="82" name="test_hw_info[/home/tpr/code/python-kasa/kasa/tests/fixtures/KP303(UK)_1.0.json]" time="0.001"></testcase><testcase classname="test_smartdevice" file="test_smartdevice.py" line="86" name="test_location[/home/tpr/code/python-kasa/kasa/tests/fixtures/HS110(EU)_2.0.json]" time="0.001"></testcase><testcase classname="test_smartdevice" file="test_smartdevice.py" line="86" name="test_location[/home/tpr/code/python-kasa/kasa/tests/fixtures/HS100(US)_2.0_real.json]" time="0.001"></testcase><testcase classname="test_smartdevice" file="test_smartdevice.py" line="86" name="test_location[/home/tpr/code/python-kasa/kasa/tests/fixtures/HS210(US)_1.0_real.json]" time="0.001"></testcase><testcase classname="test_smartdevice" file="test_smartdevice.py" line="86" name="test_location[/home/tpr/code/python-kasa/kasa/tests/fixtures/KL120(US)_1.0_real.json]" time="0.001"></testcase><testcase classname="test_smartdevice" file="test_smartdevice.py" line="86" name="test_location[/home/tpr/code/python-kasa/kasa/tests/fixtures/HS105(US)_1.0.json]" time="0.001"></testcase><testcase classname="test_smartdevice" file="test_smartdevice.py" line="86" name="test_location[/home/tpr/code/python-kasa/kasa/tests/fixtures/LB120(US)_1.0.json]" time="0.001"></testcase><testcase classname="test_smartdevice" file="test_smartdevice.py" line="86" name="test_location[/home/tpr/code/python-kasa/kasa/tests/fixtures/HS300(US)_1.0_real.json]" time="0.001"></testcase><testcase classname="test_smartdevice" file="test_smartdevice.py" line="86" name="test_location[/home/tpr/code/python-kasa/kasa/tests/fixtures/LB130(US)_1.0.json]" time="0.001"></testcase><testcase classname="test_smartdevice" file="test_smartdevice.py" line="86" name="test_location[/home/tpr/code/python-kasa/kasa/tests/fixtures/KP400(US)_1.0.json]" time="0.001"></testcase><testcase classname="test_smartdevice" file="test_smartdevice.py" line="86" name="test_location[/home/tpr/code/python-kasa/kasa/tests/fixtures/HS100(US)_1.0_real.json]" time="0.001"></testcase><testcase classname="test_smartdevice" file="test_smartdevice.py" line="86" name="test_location[/home/tpr/code/python-kasa/kasa/tests/fixtures/HS110(US)_1.0.json]" time="0.001"></testcase><testcase classname="test_smartdevice" file="test_smartdevice.py" line="86" name="test_location[/home/tpr/code/python-kasa/kasa/tests/fixtures/HS220(US)_1.0.json]" time="0.001"></testcase><testcase classname="test_smartdevice" file="test_smartdevice.py" line="86" name="test_location[/home/tpr/code/python-kasa/kasa/tests/fixtures/HS103(US)_2.1.json]" time="0.001"></testcase><testcase classname="test_smartdevice" file="test_smartdevice.py" line="86" name="test_location[/home/tpr/code/python-kasa/kasa/tests/fixtures/LB100(US)_1.0.json]" time="0.001"></testcase><testcase classname="test_smartdevice" file="test_smartdevice.py" line="86" name="test_location[/home/tpr/code/python-kasa/kasa/tests/fixtures/HS200(US)_1.0.json]" time="0.001"></testcase><testcase classname="test_smartdevice" file="test_smartdevice.py" line="86" name="test_location[/home/tpr/code/python-kasa/kasa/tests/fixtures/HS100(US)_1.0.json]" time="0.001"></testcase><testcase classname="test_smartdevice" file="test_smartdevice.py" line="86" name="test_location[/home/tpr/code/python-kasa/kasa/tests/fixtures/HS200(US)_2.0_real.json]" time="0.001"></testcase><testcase classname="test_smartdevice" file="test_smartdevice.py" line="86" name="test_location[/home/tpr/code/python-kasa/kasa/tests/fixtures/HS220(US)_1.0_real.json]" time="0.001"></testcase><testcase classname="test_smartdevice" file="test_smartdevice.py" line="86" name="test_location[/home/tpr/code/python-kasa/kasa/tests/fixtures/KL130(US)_1.0.json]" time="0.001"></testcase><testcase classname="test_smartdevice" file="test_smartdevice.py" line="86" name="test_location[/home/tpr/code/python-kasa/kasa/tests/fixtures/HS300(US)_1.0.json]" time="0.001"></testcase><testcase classname="test_smartdevice" file="test_smartdevice.py" line="86" name="test_location[/home/tpr/code/python-kasa/kasa/tests/fixtures/HS107(US)_1.0_real.json]" time="0.001"></testcase><testcase classname="test_smartdevice" file="test_smartdevice.py" line="86" name="test_location[/home/tpr/code/python-kasa/kasa/tests/fixtures/HS110(EU)_1.0_real.json]" time="0.001"></testcase><testcase classname="test_smartdevice" file="test_smartdevice.py" line="86" name="test_location[/home/tpr/code/python-kasa/kasa/tests/fixtures/HS105(US)_1.0_real.json]" time="0.001"></testcase><testcase classname="test_smartdevice" file="test_smartdevice.py" line="86" name="test_location[/home/tpr/code/python-kasa/kasa/tests/fixtures/KL60(UN)_1.0.json]" time="0.001"></testcase><testcase classname="test_smartdevice" file="test_smartdevice.py" line="86" name="test_location[/home/tpr/code/python-kasa/kasa/tests/fixtures/HS103(US)_1.0.json]" time="0.001"></testcase><testcase classname="test_smartdevice" file="test_smartdevice.py" line="86" name="test_location[/home/tpr/code/python-kasa/kasa/tests/fixtures/KP303(UK)_1.0.json]" time="0.001"></testcase><testcase classname="test_smartdevice" file="test_smartdevice.py" line="90" name="test_rssi[/home/tpr/code/python-kasa/kasa/tests/fixtures/HS110(EU)_2.0.json]" time="0.001"></testcase><testcase classname="test_smartdevice" file="test_smartdevice.py" line="90" name="test_rssi[/home/tpr/code/python-kasa/kasa/tests/fixtures/HS100(US)_2.0_real.json]" time="0.001"></testcase><testcase classname="test_smartdevice" file="test_smartdevice.py" line="90" name="test_rssi[/home/tpr/code/python-kasa/kasa/tests/fixtures/HS210(US)_1.0_real.json]" time="0.001"></testcase><testcase classname="test_smartdevice" file="test_smartdevice.py" line="90" name="test_rssi[/home/tpr/code/python-kasa/kasa/tests/fixtures/KL120(US)_1.0_real.json]" time="0.001"></testcase><testcase classname="test_smartdevice" file="test_smartdevice.py" line="90" name="test_rssi[/home/tpr/code/python-kasa/kasa/tests/fixtures/HS105(US)_1.0.json]" time="0.001"></testcase><testcase classname="test_smartdevice" file="test_smartdevice.py" line="90" name="test_rssi[/home/tpr/code/python-kasa/kasa/tests/fixtures/LB120(US)_1.0.json]" time="0.001"></testcase><testcase classname="test_smartdevice" file="test_smartdevice.py" line="90" name="test_rssi[/home/tpr/code/python-kasa/kasa/tests/fixtures/HS300(US)_1.0_real.json]" time="0.001"></testcase><testcase classname="test_smartdevice" file="test_smartdevice.py" line="90" name="test_rssi[/home/tpr/code/python-kasa/kasa/tests/fixtures/LB130(US)_1.0.json]" time="0.001"></testcase><testcase classname="test_smartdevice" file="test_smartdevice.py" line="90" name="test_rssi[/home/tpr/code/python-kasa/kasa/tests/fixtures/KP400(US)_1.0.json]" time="0.001"></testcase><testcase classname="test_smartdevice" file="test_smartdevice.py" line="90" name="test_rssi[/home/tpr/code/python-kasa/kasa/tests/fixtures/HS100(US)_1.0_real.json]" time="0.001"></testcase><testcase classname="test_smartdevice" file="test_smartdevice.py" line="90" name="test_rssi[/home/tpr/code/python-kasa/kasa/tests/fixtures/HS110(US)_1.0.json]" time="0.001"></testcase><testcase classname="test_smartdevice" file="test_smartdevice.py" line="90" name="test_rssi[/home/tpr/code/python-kasa/kasa/tests/fixtures/HS220(US)_1.0.json]" time="0.001"></testcase><testcase classname="test_smartdevice" file="test_smartdevice.py" line="90" name="test_rssi[/home/tpr/code/python-kasa/kasa/tests/fixtures/HS103(US)_2.1.json]" time="0.001"></testcase><testcase classname="test_smartdevice" file="test_smartdevice.py" line="90" name="test_rssi[/home/tpr/code/python-kasa/kasa/tests/fixtures/LB100(US)_1.0.json]" time="0.001"></testcase><testcase classname="test_smartdevice" file="test_smartdevice.py" line="90" name="test_rssi[/home/tpr/code/python-kasa/kasa/tests/fixtures/HS200(US)_1.0.json]" time="0.001"></testcase><testcase classname="test_smartdevice" file="test_smartdevice.py" line="90" name="test_rssi[/home/tpr/code/python-kasa/kasa/tests/fixtures/HS100(US)_1.0.json]" time="0.001"></testcase><testcase classname="test_smartdevice" file="test_smartdevice.py" line="90" name="test_rssi[/home/tpr/code/python-kasa/kasa/tests/fixtures/HS200(US)_2.0_real.json]" time="0.001"></testcase><testcase classname="test_smartdevice" file="test_smartdevice.py" line="90" name="test_rssi[/home/tpr/code/python-kasa/kasa/tests/fixtures/HS220(US)_1.0_real.json]" time="0.001"></testcase><testcase classname="test_smartdevice" file="test_smartdevice.py" line="90" name="test_rssi[/home/tpr/code/python-kasa/kasa/tests/fixtures/KL130(US)_1.0.json]" time="0.001"></testcase><testcase classname="test_smartdevice" file="test_smartdevice.py" line="90" name="test_rssi[/home/tpr/code/python-kasa/kasa/tests/fixtures/HS300(US)_1.0.json]" time="0.001"></testcase><testcase classname="test_smartdevice" file="test_smartdevice.py" line="90" name="test_rssi[/home/tpr/code/python-kasa/kasa/tests/fixtures/HS107(US)_1.0_real.json]" time="0.001"></testcase><testcase classname="test_smartdevice" file="test_smartdevice.py" line="90" name="test_rssi[/home/tpr/code/python-kasa/kasa/tests/fixtures/HS110(EU)_1.0_real.json]" time="0.001"></testcase><testcase classname="test_smartdevice" file="test_smartdevice.py" line="90" name="test_rssi[/home/tpr/code/python-kasa/kasa/tests/fixtures/HS105(US)_1.0_real.json]" time="0.001"></testcase><testcase classname="test_smartdevice" file="test_smartdevice.py" line="90" name="test_rssi[/home/tpr/code/python-kasa/kasa/tests/fixtures/KL60(UN)_1.0.json]" time="0.001"></testcase><testcase classname="test_smartdevice" file="test_smartdevice.py" line="90" name="test_rssi[/home/tpr/code/python-kasa/kasa/tests/fixtures/HS103(US)_1.0.json]" time="0.001"></testcase><testcase classname="test_smartdevice" file="test_smartdevice.py" line="90" name="test_rssi[/home/tpr/code/python-kasa/kasa/tests/fixtures/KP303(UK)_1.0.json]" time="0.001"></testcase><testcase classname="test_smartdevice" file="test_smartdevice.py" line="94" name="test_mac[/home/tpr/code/python-kasa/kasa/tests/fixtures/HS110(EU)_2.0.json]" time="0.001"></testcase><testcase classname="test_smartdevice" file="test_smartdevice.py" line="94" name="test_mac[/home/tpr/code/python-kasa/kasa/tests/fixtures/HS100(US)_2.0_real.json]" time="0.001"></testcase><testcase classname="test_smartdevice" file="test_smartdevice.py" line="94" name="test_mac[/home/tpr/code/python-kasa/kasa/tests/fixtures/HS210(US)_1.0_real.json]" time="0.001"></testcase><testcase classname="test_smartdevice" file="test_smartdevice.py" line="94" name="test_mac[/home/tpr/code/python-kasa/kasa/tests/fixtures/KL120(US)_1.0_real.json]" time="0.001"></testcase><testcase classname="test_smartdevice" file="test_smartdevice.py" line="94" name="test_mac[/home/tpr/code/python-kasa/kasa/tests/fixtures/HS105(US)_1.0.json]" time="0.001"></testcase><testcase classname="test_smartdevice" file="test_smartdevice.py" line="94" name="test_mac[/home/tpr/code/python-kasa/kasa/tests/fixtures/LB120(US)_1.0.json]" time="0.001"></testcase><testcase classname="test_smartdevice" file="test_smartdevice.py" line="94" name="test_mac[/home/tpr/code/python-kasa/kasa/tests/fixtures/HS300(US)_1.0_real.json]" time="0.001"></testcase><testcase classname="test_smartdevice" file="test_smartdevice.py" line="94" name="test_mac[/home/tpr/code/python-kasa/kasa/tests/fixtures/LB130(US)_1.0.json]" time="0.001"></testcase><testcase classname="test_smartdevice" file="test_smartdevice.py" line="94" name="test_mac[/home/tpr/code/python-kasa/kasa/tests/fixtures/KP400(US)_1.0.json]" time="0.001"></testcase><testcase classname="test_smartdevice" file="test_smartdevice.py" line="94" name="test_mac[/home/tpr/code/python-kasa/kasa/tests/fixtures/HS100(US)_1.0_real.json]" time="0.001"></testcase><testcase classname="test_smartdevice" file="test_smartdevice.py" line="94" name="test_mac[/home/tpr/code/python-kasa/kasa/tests/fixtures/HS110(US)_1.0.json]" time="0.001"></testcase><testcase classname="test_smartdevice" file="test_smartdevice.py" line="94" name="test_mac[/home/tpr/code/python-kasa/kasa/tests/fixtures/HS220(US)_1.0.json]" time="0.001"></testcase><testcase classname="test_smartdevice" file="test_smartdevice.py" line="94" name="test_mac[/home/tpr/code/python-kasa/kasa/tests/fixtures/HS103(US)_2.1.json]" time="0.001"></testcase><testcase classname="test_smartdevice" file="test_smartdevice.py" line="94" name="test_mac[/home/tpr/code/python-kasa/kasa/tests/fixtures/LB100(US)_1.0.json]" time="0.001"></testcase><testcase classname="test_smartdevice" file="test_smartdevice.py" line="94" name="test_mac[/home/tpr/code/python-kasa/kasa/tests/fixtures/HS200(US)_1.0.json]" time="0.001"></testcase><testcase classname="test_smartdevice" file="test_smartdevice.py" line="94" name="test_mac[/home/tpr/code/python-kasa/kasa/tests/fixtures/HS100(US)_1.0.json]" time="0.001"></testcase><testcase classname="test_smartdevice" file="test_smartdevice.py" line="94" name="test_mac[/home/tpr/code/python-kasa/kasa/tests/fixtures/HS200(US)_2.0_real.json]" time="0.001"></testcase><testcase classname="test_smartdevice" file="test_smartdevice.py" line="94" name="test_mac[/home/tpr/code/python-kasa/kasa/tests/fixtures/HS220(US)_1.0_real.json]" time="0.002"></testcase><testcase classname="test_smartdevice" file="test_smartdevice.py" line="94" name="test_mac[/home/tpr/code/python-kasa/kasa/tests/fixtures/KL130(US)_1.0.json]" time="0.001"></testcase><testcase classname="test_smartdevice" file="test_smartdevice.py" line="94" name="test_mac[/home/tpr/code/python-kasa/kasa/tests/fixtures/HS300(US)_1.0.json]" time="0.001"></testcase><testcase classname="test_smartdevice" file="test_smartdevice.py" line="94" name="test_mac[/home/tpr/code/python-kasa/kasa/tests/fixtures/HS107(US)_1.0_real.json]" time="0.001"></testcase><testcase classname="test_smartdevice" file="test_smartdevice.py" line="94" name="test_mac[/home/tpr/code/python-kasa/kasa/tests/fixtures/HS110(EU)_1.0_real.json]" time="0.001"></testcase><testcase classname="test_smartdevice" file="test_smartdevice.py" line="94" name="test_mac[/home/tpr/code/python-kasa/kasa/tests/fixtures/HS105(US)_1.0_real.json]" time="0.001"></testcase><testcase classname="test_smartdevice" file="test_smartdevice.py" line="94" name="test_mac[/home/tpr/code/python-kasa/kasa/tests/fixtures/KL60(UN)_1.0.json]" time="0.001"></testcase><testcase classname="test_smartdevice" file="test_smartdevice.py" line="94" name="test_mac[/home/tpr/code/python-kasa/kasa/tests/fixtures/HS103(US)_1.0.json]" time="0.001"></testcase><testcase classname="test_smartdevice" file="test_smartdevice.py" line="94" name="test_mac[/home/tpr/code/python-kasa/kasa/tests/fixtures/KP303(UK)_1.0.json]" time="0.001"></testcase><testcase classname="test_smartdevice" file="test_smartdevice.py" line="98" name="test_representation[/home/tpr/code/python-kasa/kasa/tests/fixtures/HS110(EU)_2.0.json]" time="0.001"></testcase><testcase classname="test_smartdevice" file="test_smartdevice.py" line="98" name="test_representation[/home/tpr/code/python-kasa/kasa/tests/fixtures/HS100(US)_2.0_real.json]" time="0.001"></testcase><testcase classname="test_smartdevice" file="test_smartdevice.py" line="98" name="test_representation[/home/tpr/code/python-kasa/kasa/tests/fixtures/HS210(US)_1.0_real.json]" time="0.001"></testcase><testcase classname="test_smartdevice" file="test_smartdevice.py" line="98" name="test_representation[/home/tpr/code/python-kasa/kasa/tests/fixtures/KL120(US)_1.0_real.json]" time="0.001"></testcase><testcase classname="test_smartdevice" file="test_smartdevice.py" line="98" name="test_representation[/home/tpr/code/python-kasa/kasa/tests/fixtures/HS105(US)_1.0.json]" time="0.001"></testcase><testcase classname="test_smartdevice" file="test_smartdevice.py" line="98" name="test_representation[/home/tpr/code/python-kasa/kasa/tests/fixtures/LB120(US)_1.0.json]" time="0.001"></testcase><testcase classname="test_smartdevice" file="test_smartdevice.py" line="98" name="test_representation[/home/tpr/code/python-kasa/kasa/tests/fixtures/HS300(US)_1.0_real.json]" time="0.001"></testcase><testcase classname="test_smartdevice" file="test_smartdevice.py" line="98" name="test_representation[/home/tpr/code/python-kasa/kasa/tests/fixtures/LB130(US)_1.0.json]" time="0.001"></testcase><testcase classname="test_smartdevice" file="test_smartdevice.py" line="98" name="test_representation[/home/tpr/code/python-kasa/kasa/tests/fixtures/KP400(US)_1.0.json]" time="0.001"></testcase><testcase classname="test_smartdevice" file="test_smartdevice.py" line="98" name="test_representation[/home/tpr/code/python-kasa/kasa/tests/fixtures/HS100(US)_1.0_real.json]" time="0.001"></testcase><testcase classname="test_smartdevice" file="test_smartdevice.py" line="98" name="test_representation[/home/tpr/code/python-kasa/kasa/tests/fixtures/HS110(US)_1.0.json]" time="0.001"></testcase><testcase classname="test_smartdevice" file="test_smartdevice.py" line="98" name="test_representation[/home/tpr/code/python-kasa/kasa/tests/fixtures/HS220(US)_1.0.json]" time="0.002"></testcase><testcase classname="test_smartdevice" file="test_smartdevice.py" line="98" name="test_representation[/home/tpr/code/python-kasa/kasa/tests/fixtures/HS103(US)_2.1.json]" time="0.002"></testcase><testcase classname="test_smartdevice" file="test_smartdevice.py" line="98" name="test_representation[/home/tpr/code/python-kasa/kasa/tests/fixtures/LB100(US)_1.0.json]" time="0.001"></testcase><testcase classname="test_smartdevice" file="test_smartdevice.py" line="98" name="test_representation[/home/tpr/code/python-kasa/kasa/tests/fixtures/HS200(US)_1.0.json]" time="0.001"></testcase><testcase classname="test_smartdevice" file="test_smartdevice.py" line="98" name="test_representation[/home/tpr/code/python-kasa/kasa/tests/fixtures/HS100(US)_1.0.json]" time="0.001"></testcase><testcase classname="test_smartdevice" file="test_smartdevice.py" line="98" name="test_representation[/home/tpr/code/python-kasa/kasa/tests/fixtures/HS200(US)_2.0_real.json]" time="0.001"></testcase><testcase classname="test_smartdevice" file="test_smartdevice.py" line="98" name="test_representation[/home/tpr/code/python-kasa/kasa/tests/fixtures/HS220(US)_1.0_real.json]" time="0.001"></testcase><testcase classname="test_smartdevice" file="test_smartdevice.py" line="98" name="test_representation[/home/tpr/code/python-kasa/kasa/tests/fixtures/KL130(US)_1.0.json]" time="0.002"></testcase><testcase classname="test_smartdevice" file="test_smartdevice.py" line="98" name="test_representation[/home/tpr/code/python-kasa/kasa/tests/fixtures/HS300(US)_1.0.json]" time="0.001"></testcase><testcase classname="test_smartdevice" file="test_smartdevice.py" line="98" name="test_representation[/home/tpr/code/python-kasa/kasa/tests/fixtures/HS107(US)_1.0_real.json]" time="0.001"></testcase><testcase classname="test_smartdevice" file="test_smartdevice.py" line="98" name="test_representation[/home/tpr/code/python-kasa/kasa/tests/fixtures/HS110(EU)_1.0_real.json]" time="0.001"></testcase><testcase classname="test_smartdevice" file="test_smartdevice.py" line="98" name="test_representation[/home/tpr/code/python-kasa/kasa/tests/fixtures/HS105(US)_1.0_real.json]" time="0.001"></testcase><testcase classname="test_smartdevice" file="test_smartdevice.py" line="98" name="test_representation[/home/tpr/code/python-kasa/kasa/tests/fixtures/KL60(UN)_1.0.json]" time="0.001"></testcase><testcase classname="test_smartdevice" file="test_smartdevice.py" line="98" name="test_representation[/home/tpr/code/python-kasa/kasa/tests/fixtures/HS103(US)_1.0.json]" time="0.001"></testcase><testcase classname="test_smartdevice" file="test_smartdevice.py" line="98" name="test_representation[/home/tpr/code/python-kasa/kasa/tests/fixtures/KP303(UK)_1.0.json]" time="0.001"></testcase><testcase classname="test_smartdevice" file="test_smartdevice.py" line="105" name="test_childrens[/home/tpr/code/python-kasa/kasa/tests/fixtures/HS110(EU)_2.0.json]" time="0.001"></testcase><testcase classname="test_smartdevice" file="test_smartdevice.py" line="105" name="test_childrens[/home/tpr/code/python-kasa/kasa/tests/fixtures/HS100(US)_2.0_real.json]" time="0.001"></testcase><testcase classname="test_smartdevice" file="test_smartdevice.py" line="105" name="test_childrens[/home/tpr/code/python-kasa/kasa/tests/fixtures/HS210(US)_1.0_real.json]" time="0.001"></testcase><testcase classname="test_smartdevice" file="test_smartdevice.py" line="105" name="test_childrens[/home/tpr/code/python-kasa/kasa/tests/fixtures/KL120(US)_1.0_real.json]" time="0.001"></testcase><testcase classname="test_smartdevice" file="test_smartdevice.py" line="105" name="test_childrens[/home/tpr/code/python-kasa/kasa/tests/fixtures/HS105(US)_1.0.json]" time="0.001"></testcase><testcase classname="test_smartdevice" file="test_smartdevice.py" line="105" name="test_childrens[/home/tpr/code/python-kasa/kasa/tests/fixtures/LB120(US)_1.0.json]" time="0.001"></testcase><testcase classname="test_smartdevice" file="test_smartdevice.py" line="105" name="test_childrens[/home/tpr/code/python-kasa/kasa/tests/fixtures/HS300(US)_1.0_real.json]" time="0.001"></testcase><testcase classname="test_smartdevice" file="test_smartdevice.py" line="105" name="test_childrens[/home/tpr/code/python-kasa/kasa/tests/fixtures/LB130(US)_1.0.json]" time="0.001"></testcase><testcase classname="test_smartdevice" file="test_smartdevice.py" line="105" name="test_childrens[/home/tpr/code/python-kasa/kasa/tests/fixtures/KP400(US)_1.0.json]" time="0.001"></testcase><testcase classname="test_smartdevice" file="test_smartdevice.py" line="105" name="test_childrens[/home/tpr/code/python-kasa/kasa/tests/fixtures/HS100(US)_1.0_real.json]" time="0.001"></testcase><testcase classname="test_smartdevice" file="test_smartdevice.py" line="105" name="test_childrens[/home/tpr/code/python-kasa/kasa/tests/fixtures/HS110(US)_1.0.json]" time="0.002"></testcase><testcase classname="test_smartdevice" file="test_smartdevice.py" line="105" name="test_childrens[/home/tpr/code/python-kasa/kasa/tests/fixtures/HS220(US)_1.0.json]" time="0.001"></testcase><testcase classname="test_smartdevice" file="test_smartdevice.py" line="105" name="test_childrens[/home/tpr/code/python-kasa/kasa/tests/fixtures/HS103(US)_2.1.json]" time="0.001"></testcase><testcase classname="test_smartdevice" file="test_smartdevice.py" line="105" name="test_childrens[/home/tpr/code/python-kasa/kasa/tests/fixtures/LB100(US)_1.0.json]" time="0.001"></testcase><testcase classname="test_smartdevice" file="test_smartdevice.py" line="105" name="test_childrens[/home/tpr/code/python-kasa/kasa/tests/fixtures/HS200(US)_1.0.json]" time="0.001"></testcase><testcase classname="test_smartdevice" file="test_smartdevice.py" line="105" name="test_childrens[/home/tpr/code/python-kasa/kasa/tests/fixtures/HS100(US)_1.0.json]" time="0.001"></testcase><testcase classname="test_smartdevice" file="test_smartdevice.py" line="105" name="test_childrens[/home/tpr/code/python-kasa/kasa/tests/fixtures/HS200(US)_2.0_real.json]" time="0.001"></testcase><testcase classname="test_smartdevice" file="test_smartdevice.py" line="105" name="test_childrens[/home/tpr/code/python-kasa/kasa/tests/fixtures/HS220(US)_1.0_real.json]" time="0.001"></testcase><testcase classname="test_smartdevice" file="test_smartdevice.py" line="105" name="test_childrens[/home/tpr/code/python-kasa/kasa/tests/fixtures/KL130(US)_1.0.json]" time="0.001"></testcase><testcase classname="test_smartdevice" file="test_smartdevice.py" line="105" name="test_childrens[/home/tpr/code/python-kasa/kasa/tests/fixtures/HS300(US)_1.0.json]" time="0.001"></testcase><testcase classname="test_smartdevice" file="test_smartdevice.py" line="105" name="test_childrens[/home/tpr/code/python-kasa/kasa/tests/fixtures/HS107(US)_1.0_real.json]" time="0.001"></testcase><testcase classname="test_smartdevice" file="test_smartdevice.py" line="105" name="test_childrens[/home/tpr/code/python-kasa/kasa/tests/fixtures/HS110(EU)_1.0_real.json]" time="0.001"></testcase><testcase classname="test_smartdevice" file="test_smartdevice.py" line="105" name="test_childrens[/home/tpr/code/python-kasa/kasa/tests/fixtures/HS105(US)_1.0_real.json]" time="0.001"></testcase><testcase classname="test_smartdevice" file="test_smartdevice.py" line="105" name="test_childrens[/home/tpr/code/python-kasa/kasa/tests/fixtures/KL60(UN)_1.0.json]" time="0.001"></testcase><testcase classname="test_smartdevice" file="test_smartdevice.py" line="105" name="test_childrens[/home/tpr/code/python-kasa/kasa/tests/fixtures/HS103(US)_1.0.json]" time="0.001"></testcase><testcase classname="test_smartdevice" file="test_smartdevice.py" line="105" name="test_childrens[/home/tpr/code/python-kasa/kasa/tests/fixtures/KP303(UK)_1.0.json]" time="0.001"></testcase><testcase classname="test_strip" file="test_strip.py" line="9" name="test_children_change_state[True-HS300(US)_1.0_real.json]" time="0.001"></testcase><testcase classname="test_strip" file="test_strip.py" line="9" name="test_children_change_state[True-KP400(US)_1.0.json]" time="0.001"></testcase><testcase classname="test_strip" file="test_strip.py" line="9" name="test_children_change_state[True-HS300(US)_1.0.json]" time="0.001"></testcase><testcase classname="test_strip" file="test_strip.py" line="9" name="test_children_change_state[True-HS107(US)_1.0_real.json]" time="0.001"></testcase><testcase classname="test_strip" file="test_strip.py" line="9" name="test_children_change_state[True-KP303(UK)_1.0.json]" time="0.002"></testcase><testcase classname="test_strip" file="test_strip.py" line="9" name="test_children_change_state[False-HS300(US)_1.0_real.json]" time="0.002"></testcase><testcase classname="test_strip" file="test_strip.py" line="9" name="test_children_change_state[False-KP400(US)_1.0.json]" time="0.001"></testcase><testcase classname="test_strip" file="test_strip.py" line="9" name="test_children_change_state[False-HS300(US)_1.0.json]" time="0.001"></testcase><testcase classname="test_strip" file="test_strip.py" line="9" name="test_children_change_state[False-HS107(US)_1.0_real.json]" time="0.001"></testcase><testcase classname="test_strip" file="test_strip.py" line="9" name="test_children_change_state[False-KP303(UK)_1.0.json]" time="0.001"></testcase><testcase classname="test_strip" file="test_strip.py" line="33" name="test_children_alias[HS300(US)_1.0_real.json]" time="0.002"></testcase><testcase classname="test_strip" file="test_strip.py" line="33" name="test_children_alias[KP400(US)_1.0.json]" time="0.001"></testcase><testcase classname="test_strip" file="test_strip.py" line="33" name="test_children_alias[HS300(US)_1.0.json]" time="0.002"></testcase><testcase classname="test_strip" file="test_strip.py" line="33" name="test_children_alias[HS107(US)_1.0_real.json]" time="0.001"></testcase><testcase classname="test_strip" file="test_strip.py" line="33" name="test_children_alias[KP303(UK)_1.0.json]" time="0.001"></testcase><testcase classname="test_strip" file="test_strip.py" line="47" name="test_children_on_since[HS300(US)_1.0_real.json]" time="0.001"></testcase><testcase classname="test_strip" file="test_strip.py" line="47" name="test_children_on_since[KP400(US)_1.0.json]" time="0.001"></testcase><testcase classname="test_strip" file="test_strip.py" line="47" name="test_children_on_since[HS300(US)_1.0.json]" time="0.001"></testcase><testcase classname="test_strip" file="test_strip.py" line="47" name="test_children_on_since[HS107(US)_1.0_real.json]" time="0.002"></testcase><testcase classname="test_strip" file="test_strip.py" line="47" name="test_children_on_since[KP303(UK)_1.0.json]" time="0.002"></testcase><testcase classname="test_strip" file="test_strip.py" line="65" name="test_get_plug_by_name[HS300(US)_1.0_real.json]" time="0.001"></testcase><testcase classname="test_strip" file="test_strip.py" line="65" name="test_get_plug_by_name[KP400(US)_1.0.json]" time="0.001"></testcase><testcase classname="test_strip" file="test_strip.py" line="65" name="test_get_plug_by_name[HS300(US)_1.0.json]" time="0.001"></testcase><testcase classname="test_strip" file="test_strip.py" line="65" name="test_get_plug_by_name[HS107(US)_1.0_real.json]" time="0.002"></testcase><testcase classname="test_strip" file="test_strip.py" line="65" name="test_get_plug_by_name[KP303(UK)_1.0.json]" time="0.001"></testcase><testcase classname="test_strip" file="test_strip.py" line="74" name="test_get_plug_by_index[HS300(US)_1.0_real.json]" time="0.001"></testcase><testcase classname="test_strip" file="test_strip.py" line="74" name="test_get_plug_by_index[KP400(US)_1.0.json]" time="0.001"></testcase><testcase classname="test_strip" file="test_strip.py" line="74" name="test_get_plug_by_index[HS300(US)_1.0.json]" time="0.001"></testcase><testcase classname="test_strip" file="test_strip.py" line="74" name="test_get_plug_by_index[HS107(US)_1.0_real.json]" time="0.001"></testcase><testcase classname="test_strip" file="test_strip.py" line="74" name="test_get_plug_by_index[KP303(UK)_1.0.json]" time="0.001"></testcase><testcase classname="test_strip" file="test_strip.py" line="85" name="test_all_binary_states[/home/tpr/code/python-kasa/kasa/tests/fixtures/HS110(EU)_2.0.json]" time="0.000"><skipped message="this test will wear out your relays" type="pytest.skip">test_strip.py:86: this test will wear out your relays</skipped></testcase><testcase classname="test_strip" file="test_strip.py" line="85" name="test_all_binary_states[/home/tpr/code/python-kasa/kasa/tests/fixtures/HS100(US)_2.0_real.json]" time="0.000"><skipped message="this test will wear out your relays" type="pytest.skip">test_strip.py:86: this test will wear out your relays</skipped></testcase><testcase classname="test_strip" file="test_strip.py" line="85" name="test_all_binary_states[/home/tpr/code/python-kasa/kasa/tests/fixtures/HS210(US)_1.0_real.json]" time="0.000"><skipped message="this test will wear out your relays" type="pytest.skip">test_strip.py:86: this test will wear out your relays</skipped></testcase><testcase classname="test_strip" file="test_strip.py" line="85" name="test_all_binary_states[/home/tpr/code/python-kasa/kasa/tests/fixtures/KL120(US)_1.0_real.json]" time="0.000"><skipped message="this test will wear out your relays" type="pytest.skip">test_strip.py:86: this test will wear out your relays</skipped></testcase><testcase classname="test_strip" file="test_strip.py" line="85" name="test_all_binary_states[/home/tpr/code/python-kasa/kasa/tests/fixtures/HS105(US)_1.0.json]" time="0.000"><skipped message="this test will wear out your relays" type="pytest.skip">test_strip.py:86: this test will wear out your relays</skipped></testcase><testcase classname="test_strip" file="test_strip.py" line="85" name="test_all_binary_states[/home/tpr/code/python-kasa/kasa/tests/fixtures/LB120(US)_1.0.json]" time="0.000"><skipped message="this test will wear out your relays" type="pytest.skip">test_strip.py:86: this test will wear out your relays</skipped></testcase><testcase classname="test_strip" file="test_strip.py" line="85" name="test_all_binary_states[/home/tpr/code/python-kasa/kasa/tests/fixtures/HS300(US)_1.0_real.json]" time="0.000"><skipped message="this test will wear out your relays" type="pytest.skip">test_strip.py:86: this test will wear out your relays</skipped></testcase><testcase classname="test_strip" file="test_strip.py" line="85" name="test_all_binary_states[/home/tpr/code/python-kasa/kasa/tests/fixtures/LB130(US)_1.0.json]" time="0.000"><skipped message="this test will wear out your relays" type="pytest.skip">test_strip.py:86: this test will wear out your relays</skipped></testcase><testcase classname="test_strip" file="test_strip.py" line="85" name="test_all_binary_states[/home/tpr/code/python-kasa/kasa/tests/fixtures/KP400(US)_1.0.json]" time="0.000"><skipped message="this test will wear out your relays" type="pytest.skip">test_strip.py:86: this test will wear out your relays</skipped></testcase><testcase classname="test_strip" file="test_strip.py" line="85" name="test_all_binary_states[/home/tpr/code/python-kasa/kasa/tests/fixtures/HS100(US)_1.0_real.json]" time="0.000"><skipped message="this test will wear out your relays" type="pytest.skip">test_strip.py:86: this test will wear out your relays</skipped></testcase><testcase classname="test_strip" file="test_strip.py" line="85" name="test_all_binary_states[/home/tpr/code/python-kasa/kasa/tests/fixtures/HS110(US)_1.0.json]" time="0.000"><skipped message="this test will wear out your relays" type="pytest.skip">test_strip.py:86: this test will wear out your relays</skipped></testcase><testcase classname="test_strip" file="test_strip.py" line="85" name="test_all_binary_states[/home/tpr/code/python-kasa/kasa/tests/fixtures/HS220(US)_1.0.json]" time="0.000"><skipped message="this test will wear out your relays" type="pytest.skip">test_strip.py:86: this test will wear out your relays</skipped></testcase><testcase classname="test_strip" file="test_strip.py" line="85" name="test_all_binary_states[/home/tpr/code/python-kasa/kasa/tests/fixtures/HS103(US)_2.1.json]" time="0.000"><skipped message="this test will wear out your relays" type="pytest.skip">test_strip.py:86: this test will wear out your relays</skipped></testcase><testcase classname="test_strip" file="test_strip.py" line="85" name="test_all_binary_states[/home/tpr/code/python-kasa/kasa/tests/fixtures/LB100(US)_1.0.json]" time="0.000"><skipped message="this test will wear out your relays" type="pytest.skip">test_strip.py:86: this test will wear out your relays</skipped></testcase><testcase classname="test_strip" file="test_strip.py" line="85" name="test_all_binary_states[/home/tpr/code/python-kasa/kasa/tests/fixtures/HS200(US)_1.0.json]" time="0.000"><skipped message="this test will wear out your relays" type="pytest.skip">test_strip.py:86: this test will wear out your relays</skipped></testcase><testcase classname="test_strip" file="test_strip.py" line="85" name="test_all_binary_states[/home/tpr/code/python-kasa/kasa/tests/fixtures/HS100(US)_1.0.json]" time="0.000"><skipped message="this test will wear out your relays" type="pytest.skip">test_strip.py:86: this test will wear out your relays</skipped></testcase><testcase classname="test_strip" file="test_strip.py" line="85" name="test_all_binary_states[/home/tpr/code/python-kasa/kasa/tests/fixtures/HS200(US)_2.0_real.json]" time="0.000"><skipped message="this test will wear out your relays" type="pytest.skip">test_strip.py:86: this test will wear out your relays</skipped></testcase><testcase classname="test_strip" file="test_strip.py" line="85" name="test_all_binary_states[/home/tpr/code/python-kasa/kasa/tests/fixtures/HS220(US)_1.0_real.json]" time="0.000"><skipped message="this test will wear out your relays" type="pytest.skip">test_strip.py:86: this test will wear out your relays</skipped></testcase><testcase classname="test_strip" file="test_strip.py" line="85" name="test_all_binary_states[/home/tpr/code/python-kasa/kasa/tests/fixtures/KL130(US)_1.0.json]" time="0.000"><skipped message="this test will wear out your relays" type="pytest.skip">test_strip.py:86: this test will wear out your relays</skipped></testcase><testcase classname="test_strip" file="test_strip.py" line="85" name="test_all_binary_states[/home/tpr/code/python-kasa/kasa/tests/fixtures/HS300(US)_1.0.json]" time="0.000"><skipped message="this test will wear out your relays" type="pytest.skip">test_strip.py:86: this test will wear out your relays</skipped></testcase><testcase classname="test_strip" file="test_strip.py" line="85" name="test_all_binary_states[/home/tpr/code/python-kasa/kasa/tests/fixtures/HS107(US)_1.0_real.json]" time="0.000"><skipped message="this test will wear out your relays" type="pytest.skip">test_strip.py:86: this test will wear out your relays</skipped></testcase><testcase classname="test_strip" file="test_strip.py" line="85" name="test_all_binary_states[/home/tpr/code/python-kasa/kasa/tests/fixtures/HS110(EU)_1.0_real.json]" time="0.000"><skipped message="this test will wear out your relays" type="pytest.skip">test_strip.py:86: this test will wear out your relays</skipped></testcase><testcase classname="test_strip" file="test_strip.py" line="85" name="test_all_binary_states[/home/tpr/code/python-kasa/kasa/tests/fixtures/HS105(US)_1.0_real.json]" time="0.000"><skipped message="this test will wear out your relays" type="pytest.skip">test_strip.py:86: this test will wear out your relays</skipped></testcase><testcase classname="test_strip" file="test_strip.py" line="85" name="test_all_binary_states[/home/tpr/code/python-kasa/kasa/tests/fixtures/KL60(UN)_1.0.json]" time="0.000"><skipped message="this test will wear out your relays" type="pytest.skip">test_strip.py:86: this test will wear out your relays</skipped></testcase><testcase classname="test_strip" file="test_strip.py" line="85" name="test_all_binary_states[/home/tpr/code/python-kasa/kasa/tests/fixtures/HS103(US)_1.0.json]" time="0.000"><skipped message="this test will wear out your relays" type="pytest.skip">test_strip.py:86: this test will wear out your relays</skipped></testcase><testcase classname="test_strip" file="test_strip.py" line="85" name="test_all_binary_states[/home/tpr/code/python-kasa/kasa/tests/fixtures/KP303(UK)_1.0.json]" time="0.001"><skipped message="this test will wear out your relays" type="pytest.skip">test_strip.py:86: this test will wear out your relays</skipped></testcase></testsuite></testsuites>